[0.026s] Invoking command in '/home/cl/CLionProjects/ws02_tools/build/cpp04_tf_listener': CMAKE_PREFIX_PATH=/opt/ros/humble CONDA_PROMPT_MODIFIER=(base) /usr/bin/cmake --build /home/cl/CLionProjects/ws02_tools/build/cpp04_tf_listener -- -j8 -l8
[0.514s] [ 50%] Built target demo01_tf_listener
[0.515s] [100%] Built target demo02_msg_filter
[0.534s] Invoked command in '/home/cl/CLionProjects/ws02_tools/build/cpp04_tf_listener' returned '0': CMAKE_PREFIX_PATH=/opt/ros/humble CONDA_PROMPT_MODIFIER=(base) /usr/bin/cmake --build /home/cl/CLionProjects/ws02_tools/build/cpp04_tf_listener -- -j8 -l8
[0.535s] Invoking command in '/home/cl/CLionProjects/ws02_tools/build/cpp04_tf_listener': CMAKE_PREFIX_PATH=/opt/ros/humble CONDA_PROMPT_MODIFIER=(base) /usr/bin/cmake --install /home/cl/CLionProjects/ws02_tools/build/cpp04_tf_listener
[0.552s] -- Install configuration: ""
[0.552s] -- Up-to-date: /home/cl/CLionProjects/ws02_tools/install/cpp04_tf_listener/lib/cpp04_tf_listener/demo01_tf_listener
[0.553s] -- Up-to-date: /home/cl/CLionProjects/ws02_tools/install/cpp04_tf_listener/lib/cpp04_tf_listener/demo02_msg_filter
[0.553s] -- Up-to-date: /home/cl/CLionProjects/ws02_tools/install/cpp04_tf_listener/share/ament_index/resource_index/package_run_dependencies/cpp04_tf_listener
[0.553s] -- Up-to-date: /home/cl/CLionProjects/ws02_tools/install/cpp04_tf_listener/share/ament_index/resource_index/parent_prefix_path/cpp04_tf_listener
[0.553s] -- Up-to-date: /home/cl/CLionProjects/ws02_tools/install/cpp04_tf_listener/share/cpp04_tf_listener/environment/ament_prefix_path.sh
[0.553s] -- Up-to-date: /home/cl/CLionProjects/ws02_tools/install/cpp04_tf_listener/share/cpp04_tf_listener/environment/ament_prefix_path.dsv
[0.553s] -- Up-to-date: /home/cl/CLionProjects/ws02_tools/install/cpp04_tf_listener/share/cpp04_tf_listener/environment/path.sh
[0.553s] -- Up-to-date: /home/cl/CLionProjects/ws02_tools/install/cpp04_tf_listener/share/cpp04_tf_listener/environment/path.dsv
[0.553s] -- Up-to-date: /home/cl/CLionProjects/ws02_tools/install/cpp04_tf_listener/share/cpp04_tf_listener/local_setup.bash
[0.553s] -- Up-to-date: /home/cl/CLionProjects/ws02_tools/install/cpp04_tf_listener/share/cpp04_tf_listener/local_setup.sh
[0.553s] -- Up-to-date: /home/cl/CLionProjects/ws02_tools/install/cpp04_tf_listener/share/cpp04_tf_listener/local_setup.zsh
[0.553s] -- Up-to-date: /home/cl/CLionProjects/ws02_tools/install/cpp04_tf_listener/share/cpp04_tf_listener/local_setup.dsv
[0.553s] -- Installing: /home/cl/CLionProjects/ws02_tools/install/cpp04_tf_listener/share/cpp04_tf_listener/package.dsv
[0.553s] -- Up-to-date: /home/cl/CLionProjects/ws02_tools/install/cpp04_tf_listener/share/ament_index/resource_index/packages/cpp04_tf_listener
[0.553s] -- Up-to-date: /home/cl/CLionProjects/ws02_tools/install/cpp04_tf_listener/share/cpp04_tf_listener/cmake/cpp04_tf_listenerConfig.cmake
[0.553s] -- Up-to-date: /home/cl/CLionProjects/ws02_tools/install/cpp04_tf_listener/share/cpp04_tf_listener/cmake/cpp04_tf_listenerConfig-version.cmake
[0.553s] -- Up-to-date: /home/cl/CLionProjects/ws02_tools/install/cpp04_tf_listener/share/cpp04_tf_listener/package.xml
[0.616s] Invoked command in '/home/cl/CLionProjects/ws02_tools/build/cpp04_tf_listener' returned '0': CMAKE_PREFIX_PATH=/opt/ros/humble CONDA_PROMPT_MODIFIER=(base) /usr/bin/cmake --install /home/cl/CLionProjects/ws02_tools/build/cpp04_tf_listener
