[0.114s] DEBUG:colcon:Command line arguments: ['/usr/bin/colcon', 'build', '--packages-select', 'cpp06_urdf']
[0.114s] DEBUG:colcon:Parsed command line arguments: Namespace(log_base=None, log_level=None, verb_name='build', build_base='build', install_base='install', merge_install=False, symlink_install=False, test_result_base=None, continue_on_error=False, executor='parallel', parallel_workers=8, event_handlers=None, ignore_user_meta=False, metas=['./colcon.meta'], base_paths=['.'], packages_ignore=None, packages_ignore_regex=None, paths=None, packages_up_to=None, packages_up_to_regex=None, packages_above=None, packages_above_and_dependencies=None, packages_above_depth=None, packages_select_by_dep=None, packages_skip_by_dep=None, packages_skip_up_to=None, packages_select_build_failed=False, packages_skip_build_finished=False, packages_select_test_failures=False, packages_skip_test_passed=False, packages_select=['cpp06_urdf'], packages_skip=None, packages_select_regex=None, packages_skip_regex=None, packages_start=None, packages_end=None, allow_overriding=[], cmake_args=None, cmake_target=None, cmake_target_skip_unavailable=False, cmake_clean_cache=False, cmake_clean_first=False, cmake_force_configure=False, ament_cmake_args=None, catkin_cmake_args=None, catkin_skip_building_tests=False, verb_parser=<colcon_defaults.argument_parser.defaults.DefaultArgumentsDecorator object at 0x73ac9dbe3e20>, verb_extension=<colcon_core.verb.build.BuildVerb object at 0x73ac9dd88bb0>, main=<bound method BuildVerb.main of <colcon_core.verb.build.BuildVerb object at 0x73ac9dd88bb0>>)
[0.263s] Level 1:colcon.colcon_core.package_discovery:discover_packages(colcon_meta) check parameters
[0.263s] Level 1:colcon.colcon_core.package_discovery:discover_packages(recursive) check parameters
[0.263s] Level 1:colcon.colcon_core.package_discovery:discover_packages(ignore) check parameters
[0.263s] Level 1:colcon.colcon_core.package_discovery:discover_packages(path) check parameters
[0.263s] Level 1:colcon.colcon_core.package_discovery:discover_packages(colcon_meta) discover
[0.263s] Level 1:colcon.colcon_core.package_discovery:discover_packages(recursive) discover
[0.263s] INFO:colcon.colcon_core.package_discovery:Crawling recursively for packages in '/home/cl/CLionProjects/ws02_tools'
[0.263s] Level 1:colcon.colcon_core.package_identification:_identify(.) by extensions ['ignore', 'ignore_ament_install']
[0.263s] Level 1:colcon.colcon_core.package_identification:_identify(.) by extension 'ignore'
[0.263s] Level 1:colcon.colcon_core.package_identification:_identify(.) by extension 'ignore_ament_install'
[0.263s] Level 1:colcon.colcon_core.package_identification:_identify(.) by extensions ['colcon_pkg']
[0.263s] Level 1:colcon.colcon_core.package_identification:_identify(.) by extension 'colcon_pkg'
[0.263s] Level 1:colcon.colcon_core.package_identification:_identify(.) by extensions ['colcon_meta']
[0.263s] Level 1:colcon.colcon_core.package_identification:_identify(.) by extension 'colcon_meta'
[0.263s] Level 1:colcon.colcon_core.package_identification:_identify(.) by extensions ['ros']
[0.263s] Level 1:colcon.colcon_core.package_identification:_identify(.) by extension 'ros'
[0.273s] Level 1:colcon.colcon_core.package_identification:_identify(.) by extensions ['cmake', 'python']
[0.273s] Level 1:colcon.colcon_core.package_identification:_identify(.) by extension 'cmake'
[0.273s] Level 1:colcon.colcon_core.package_identification:_identify(.) by extension 'python'
[0.273s] Level 1:colcon.colcon_core.package_identification:_identify(.) by extensions ['python_setup_py']
[0.273s] Level 1:colcon.colcon_core.package_identification:_identify(.) by extension 'python_setup_py'
[0.273s] Level 1:colcon.colcon_core.package_identification:_identify(build) by extensions ['ignore', 'ignore_ament_install']
[0.274s] Level 1:colcon.colcon_core.package_identification:_identify(build) by extension 'ignore'
[0.274s] Level 1:colcon.colcon_core.package_identification:_identify(build) ignored
[0.274s] Level 1:colcon.colcon_core.package_identification:_identify(cmake-build-debug) by extensions ['ignore', 'ignore_ament_install']
[0.274s] Level 1:colcon.colcon_core.package_identification:_identify(cmake-build-debug) by extension 'ignore'
[0.274s] Level 1:colcon.colcon_core.package_identification:_identify(cmake-build-debug) by extension 'ignore_ament_install'
[0.274s] Level 1:colcon.colcon_core.package_identification:_identify(cmake-build-debug) by extensions ['colcon_pkg']
[0.274s] Level 1:colcon.colcon_core.package_identification:_identify(cmake-build-debug) by extension 'colcon_pkg'
[0.274s] Level 1:colcon.colcon_core.package_identification:_identify(cmake-build-debug) by extensions ['colcon_meta']
[0.274s] Level 1:colcon.colcon_core.package_identification:_identify(cmake-build-debug) by extension 'colcon_meta'
[0.274s] Level 1:colcon.colcon_core.package_identification:_identify(cmake-build-debug) by extensions ['ros']
[0.274s] Level 1:colcon.colcon_core.package_identification:_identify(cmake-build-debug) by extension 'ros'
[0.274s] Level 1:colcon.colcon_core.package_identification:_identify(cmake-build-debug) by extensions ['cmake', 'python']
[0.274s] Level 1:colcon.colcon_core.package_identification:_identify(cmake-build-debug) by extension 'cmake'
[0.274s] Level 1:colcon.colcon_core.package_identification:_identify(cmake-build-debug) by extension 'python'
[0.274s] Level 1:colcon.colcon_core.package_identification:_identify(cmake-build-debug) by extensions ['python_setup_py']
[0.274s] Level 1:colcon.colcon_core.package_identification:_identify(cmake-build-debug) by extension 'python_setup_py'
[0.274s] Level 1:colcon.colcon_core.package_identification:_identify(cmake-build-debug/CMakeFiles) by extensions ['ignore', 'ignore_ament_install']
[0.274s] Level 1:colcon.colcon_core.package_identification:_identify(cmake-build-debug/CMakeFiles) by extension 'ignore'
[0.274s] Level 1:colcon.colcon_core.package_identification:_identify(cmake-build-debug/CMakeFiles) by extension 'ignore_ament_install'
[0.274s] Level 1:colcon.colcon_core.package_identification:_identify(cmake-build-debug/CMakeFiles) by extensions ['colcon_pkg']
[0.274s] Level 1:colcon.colcon_core.package_identification:_identify(cmake-build-debug/CMakeFiles) by extension 'colcon_pkg'
[0.275s] Level 1:colcon.colcon_core.package_identification:_identify(cmake-build-debug/CMakeFiles) by extensions ['colcon_meta']
[0.275s] Level 1:colcon.colcon_core.package_identification:_identify(cmake-build-debug/CMakeFiles) by extension 'colcon_meta'
[0.275s] Level 1:colcon.colcon_core.package_identification:_identify(cmake-build-debug/CMakeFiles) by extensions ['ros']
[0.275s] Level 1:colcon.colcon_core.package_identification:_identify(cmake-build-debug/CMakeFiles) by extension 'ros'
[0.275s] Level 1:colcon.colcon_core.package_identification:_identify(cmake-build-debug/CMakeFiles) by extensions ['cmake', 'python']
[0.275s] Level 1:colcon.colcon_core.package_identification:_identify(cmake-build-debug/CMakeFiles) by extension 'cmake'
[0.275s] Level 1:colcon.colcon_core.package_identification:_identify(cmake-build-debug/CMakeFiles) by extension 'python'
[0.275s] Level 1:colcon.colcon_core.package_identification:_identify(cmake-build-debug/CMakeFiles) by extensions ['python_setup_py']
[0.275s] Level 1:colcon.colcon_core.package_identification:_identify(cmake-build-debug/CMakeFiles) by extension 'python_setup_py'
[0.275s] Level 1:colcon.colcon_core.package_identification:_identify(cmake-build-debug/CMakeFiles/3.30.5) by extensions ['ignore', 'ignore_ament_install']
[0.275s] Level 1:colcon.colcon_core.package_identification:_identify(cmake-build-debug/CMakeFiles/3.30.5) by extension 'ignore'
[0.275s] Level 1:colcon.colcon_core.package_identification:_identify(cmake-build-debug/CMakeFiles/3.30.5) by extension 'ignore_ament_install'
[0.275s] Level 1:colcon.colcon_core.package_identification:_identify(cmake-build-debug/CMakeFiles/3.30.5) by extensions ['colcon_pkg']
[0.275s] Level 1:colcon.colcon_core.package_identification:_identify(cmake-build-debug/CMakeFiles/3.30.5) by extension 'colcon_pkg'
[0.275s] Level 1:colcon.colcon_core.package_identification:_identify(cmake-build-debug/CMakeFiles/3.30.5) by extensions ['colcon_meta']
[0.275s] Level 1:colcon.colcon_core.package_identification:_identify(cmake-build-debug/CMakeFiles/3.30.5) by extension 'colcon_meta'
[0.275s] Level 1:colcon.colcon_core.package_identification:_identify(cmake-build-debug/CMakeFiles/3.30.5) by extensions ['ros']
[0.275s] Level 1:colcon.colcon_core.package_identification:_identify(cmake-build-debug/CMakeFiles/3.30.5) by extension 'ros'
[0.275s] Level 1:colcon.colcon_core.package_identification:_identify(cmake-build-debug/CMakeFiles/3.30.5) by extensions ['cmake', 'python']
[0.275s] Level 1:colcon.colcon_core.package_identification:_identify(cmake-build-debug/CMakeFiles/3.30.5) by extension 'cmake'
[0.275s] Level 1:colcon.colcon_core.package_identification:_identify(cmake-build-debug/CMakeFiles/3.30.5) by extension 'python'
[0.275s] Level 1:colcon.colcon_core.package_identification:_identify(cmake-build-debug/CMakeFiles/3.30.5) by extensions ['python_setup_py']
[0.275s] Level 1:colcon.colcon_core.package_identification:_identify(cmake-build-debug/CMakeFiles/3.30.5) by extension 'python_setup_py'
[0.276s] Level 1:colcon.colcon_core.package_identification:_identify(cmake-build-debug/CMakeFiles/3.30.5/CompilerIdC) by extensions ['ignore', 'ignore_ament_install']
[0.276s] Level 1:colcon.colcon_core.package_identification:_identify(cmake-build-debug/CMakeFiles/3.30.5/CompilerIdC) by extension 'ignore'
[0.276s] Level 1:colcon.colcon_core.package_identification:_identify(cmake-build-debug/CMakeFiles/3.30.5/CompilerIdC) by extension 'ignore_ament_install'
[0.276s] Level 1:colcon.colcon_core.package_identification:_identify(cmake-build-debug/CMakeFiles/3.30.5/CompilerIdC) by extensions ['colcon_pkg']
[0.276s] Level 1:colcon.colcon_core.package_identification:_identify(cmake-build-debug/CMakeFiles/3.30.5/CompilerIdC) by extension 'colcon_pkg'
[0.276s] Level 1:colcon.colcon_core.package_identification:_identify(cmake-build-debug/CMakeFiles/3.30.5/CompilerIdC) by extensions ['colcon_meta']
[0.276s] Level 1:colcon.colcon_core.package_identification:_identify(cmake-build-debug/CMakeFiles/3.30.5/CompilerIdC) by extension 'colcon_meta'
[0.276s] Level 1:colcon.colcon_core.package_identification:_identify(cmake-build-debug/CMakeFiles/3.30.5/CompilerIdC) by extensions ['ros']
[0.276s] Level 1:colcon.colcon_core.package_identification:_identify(cmake-build-debug/CMakeFiles/3.30.5/CompilerIdC) by extension 'ros'
[0.276s] Level 1:colcon.colcon_core.package_identification:_identify(cmake-build-debug/CMakeFiles/3.30.5/CompilerIdC) by extensions ['cmake', 'python']
[0.276s] Level 1:colcon.colcon_core.package_identification:_identify(cmake-build-debug/CMakeFiles/3.30.5/CompilerIdC) by extension 'cmake'
[0.276s] Level 1:colcon.colcon_core.package_identification:_identify(cmake-build-debug/CMakeFiles/3.30.5/CompilerIdC) by extension 'python'
[0.276s] Level 1:colcon.colcon_core.package_identification:_identify(cmake-build-debug/CMakeFiles/3.30.5/CompilerIdC) by extensions ['python_setup_py']
[0.276s] Level 1:colcon.colcon_core.package_identification:_identify(cmake-build-debug/CMakeFiles/3.30.5/CompilerIdC) by extension 'python_setup_py'
[0.276s] Level 1:colcon.colcon_core.package_identification:_identify(cmake-build-debug/CMakeFiles/3.30.5/CompilerIdC/tmp) by extensions ['ignore', 'ignore_ament_install']
[0.276s] Level 1:colcon.colcon_core.package_identification:_identify(cmake-build-debug/CMakeFiles/3.30.5/CompilerIdC/tmp) by extension 'ignore'
[0.276s] Level 1:colcon.colcon_core.package_identification:_identify(cmake-build-debug/CMakeFiles/3.30.5/CompilerIdC/tmp) by extension 'ignore_ament_install'
[0.276s] Level 1:colcon.colcon_core.package_identification:_identify(cmake-build-debug/CMakeFiles/3.30.5/CompilerIdC/tmp) by extensions ['colcon_pkg']
[0.276s] Level 1:colcon.colcon_core.package_identification:_identify(cmake-build-debug/CMakeFiles/3.30.5/CompilerIdC/tmp) by extension 'colcon_pkg'
[0.276s] Level 1:colcon.colcon_core.package_identification:_identify(cmake-build-debug/CMakeFiles/3.30.5/CompilerIdC/tmp) by extensions ['colcon_meta']
[0.276s] Level 1:colcon.colcon_core.package_identification:_identify(cmake-build-debug/CMakeFiles/3.30.5/CompilerIdC/tmp) by extension 'colcon_meta'
[0.276s] Level 1:colcon.colcon_core.package_identification:_identify(cmake-build-debug/CMakeFiles/3.30.5/CompilerIdC/tmp) by extensions ['ros']
[0.276s] Level 1:colcon.colcon_core.package_identification:_identify(cmake-build-debug/CMakeFiles/3.30.5/CompilerIdC/tmp) by extension 'ros'
[0.277s] Level 1:colcon.colcon_core.package_identification:_identify(cmake-build-debug/CMakeFiles/3.30.5/CompilerIdC/tmp) by extensions ['cmake', 'python']
[0.277s] Level 1:colcon.colcon_core.package_identification:_identify(cmake-build-debug/CMakeFiles/3.30.5/CompilerIdC/tmp) by extension 'cmake'
[0.277s] Level 1:colcon.colcon_core.package_identification:_identify(cmake-build-debug/CMakeFiles/3.30.5/CompilerIdC/tmp) by extension 'python'
[0.277s] Level 1:colcon.colcon_core.package_identification:_identify(cmake-build-debug/CMakeFiles/3.30.5/CompilerIdC/tmp) by extensions ['python_setup_py']
[0.277s] Level 1:colcon.colcon_core.package_identification:_identify(cmake-build-debug/CMakeFiles/3.30.5/CompilerIdC/tmp) by extension 'python_setup_py'
[0.277s] Level 1:colcon.colcon_core.package_identification:_identify(cmake-build-debug/CMakeFiles/3.30.5/CompilerIdCXX) by extensions ['ignore', 'ignore_ament_install']
[0.277s] Level 1:colcon.colcon_core.package_identification:_identify(cmake-build-debug/CMakeFiles/3.30.5/CompilerIdCXX) by extension 'ignore'
[0.277s] Level 1:colcon.colcon_core.package_identification:_identify(cmake-build-debug/CMakeFiles/3.30.5/CompilerIdCXX) by extension 'ignore_ament_install'
[0.277s] Level 1:colcon.colcon_core.package_identification:_identify(cmake-build-debug/CMakeFiles/3.30.5/CompilerIdCXX) by extensions ['colcon_pkg']
[0.277s] Level 1:colcon.colcon_core.package_identification:_identify(cmake-build-debug/CMakeFiles/3.30.5/CompilerIdCXX) by extension 'colcon_pkg'
[0.277s] Level 1:colcon.colcon_core.package_identification:_identify(cmake-build-debug/CMakeFiles/3.30.5/CompilerIdCXX) by extensions ['colcon_meta']
[0.277s] Level 1:colcon.colcon_core.package_identification:_identify(cmake-build-debug/CMakeFiles/3.30.5/CompilerIdCXX) by extension 'colcon_meta'
[0.277s] Level 1:colcon.colcon_core.package_identification:_identify(cmake-build-debug/CMakeFiles/3.30.5/CompilerIdCXX) by extensions ['ros']
[0.277s] Level 1:colcon.colcon_core.package_identification:_identify(cmake-build-debug/CMakeFiles/3.30.5/CompilerIdCXX) by extension 'ros'
[0.277s] Level 1:colcon.colcon_core.package_identification:_identify(cmake-build-debug/CMakeFiles/3.30.5/CompilerIdCXX) by extensions ['cmake', 'python']
[0.277s] Level 1:colcon.colcon_core.package_identification:_identify(cmake-build-debug/CMakeFiles/3.30.5/CompilerIdCXX) by extension 'cmake'
[0.277s] Level 1:colcon.colcon_core.package_identification:_identify(cmake-build-debug/CMakeFiles/3.30.5/CompilerIdCXX) by extension 'python'
[0.277s] Level 1:colcon.colcon_core.package_identification:_identify(cmake-build-debug/CMakeFiles/3.30.5/CompilerIdCXX) by extensions ['python_setup_py']
[0.277s] Level 1:colcon.colcon_core.package_identification:_identify(cmake-build-debug/CMakeFiles/3.30.5/CompilerIdCXX) by extension 'python_setup_py'
[0.277s] Level 1:colcon.colcon_core.package_identification:_identify(cmake-build-debug/CMakeFiles/3.30.5/CompilerIdCXX/tmp) by extensions ['ignore', 'ignore_ament_install']
[0.277s] Level 1:colcon.colcon_core.package_identification:_identify(cmake-build-debug/CMakeFiles/3.30.5/CompilerIdCXX/tmp) by extension 'ignore'
[0.277s] Level 1:colcon.colcon_core.package_identification:_identify(cmake-build-debug/CMakeFiles/3.30.5/CompilerIdCXX/tmp) by extension 'ignore_ament_install'
[0.278s] Level 1:colcon.colcon_core.package_identification:_identify(cmake-build-debug/CMakeFiles/3.30.5/CompilerIdCXX/tmp) by extensions ['colcon_pkg']
[0.278s] Level 1:colcon.colcon_core.package_identification:_identify(cmake-build-debug/CMakeFiles/3.30.5/CompilerIdCXX/tmp) by extension 'colcon_pkg'
[0.278s] Level 1:colcon.colcon_core.package_identification:_identify(cmake-build-debug/CMakeFiles/3.30.5/CompilerIdCXX/tmp) by extensions ['colcon_meta']
[0.278s] Level 1:colcon.colcon_core.package_identification:_identify(cmake-build-debug/CMakeFiles/3.30.5/CompilerIdCXX/tmp) by extension 'colcon_meta'
[0.278s] Level 1:colcon.colcon_core.package_identification:_identify(cmake-build-debug/CMakeFiles/3.30.5/CompilerIdCXX/tmp) by extensions ['ros']
[0.278s] Level 1:colcon.colcon_core.package_identification:_identify(cmake-build-debug/CMakeFiles/3.30.5/CompilerIdCXX/tmp) by extension 'ros'
[0.278s] Level 1:colcon.colcon_core.package_identification:_identify(cmake-build-debug/CMakeFiles/3.30.5/CompilerIdCXX/tmp) by extensions ['cmake', 'python']
[0.278s] Level 1:colcon.colcon_core.package_identification:_identify(cmake-build-debug/CMakeFiles/3.30.5/CompilerIdCXX/tmp) by extension 'cmake'
[0.278s] Level 1:colcon.colcon_core.package_identification:_identify(cmake-build-debug/CMakeFiles/3.30.5/CompilerIdCXX/tmp) by extension 'python'
[0.278s] Level 1:colcon.colcon_core.package_identification:_identify(cmake-build-debug/CMakeFiles/3.30.5/CompilerIdCXX/tmp) by extensions ['python_setup_py']
[0.278s] Level 1:colcon.colcon_core.package_identification:_identify(cmake-build-debug/CMakeFiles/3.30.5/CompilerIdCXX/tmp) by extension 'python_setup_py'
[0.278s] Level 1:colcon.colcon_core.package_identification:_identify(cmake-build-debug/CMakeFiles/pkgRedirects) by extensions ['ignore', 'ignore_ament_install']
[0.278s] Level 1:colcon.colcon_core.package_identification:_identify(cmake-build-debug/CMakeFiles/pkgRedirects) by extension 'ignore'
[0.278s] Level 1:colcon.colcon_core.package_identification:_identify(cmake-build-debug/CMakeFiles/pkgRedirects) by extension 'ignore_ament_install'
[0.278s] Level 1:colcon.colcon_core.package_identification:_identify(cmake-build-debug/CMakeFiles/pkgRedirects) by extensions ['colcon_pkg']
[0.278s] Level 1:colcon.colcon_core.package_identification:_identify(cmake-build-debug/CMakeFiles/pkgRedirects) by extension 'colcon_pkg'
[0.278s] Level 1:colcon.colcon_core.package_identification:_identify(cmake-build-debug/CMakeFiles/pkgRedirects) by extensions ['colcon_meta']
[0.278s] Level 1:colcon.colcon_core.package_identification:_identify(cmake-build-debug/CMakeFiles/pkgRedirects) by extension 'colcon_meta'
[0.278s] Level 1:colcon.colcon_core.package_identification:_identify(cmake-build-debug/CMakeFiles/pkgRedirects) by extensions ['ros']
[0.278s] Level 1:colcon.colcon_core.package_identification:_identify(cmake-build-debug/CMakeFiles/pkgRedirects) by extension 'ros'
[0.278s] Level 1:colcon.colcon_core.package_identification:_identify(cmake-build-debug/CMakeFiles/pkgRedirects) by extensions ['cmake', 'python']
[0.278s] Level 1:colcon.colcon_core.package_identification:_identify(cmake-build-debug/CMakeFiles/pkgRedirects) by extension 'cmake'
[0.278s] Level 1:colcon.colcon_core.package_identification:_identify(cmake-build-debug/CMakeFiles/pkgRedirects) by extension 'python'
[0.278s] Level 1:colcon.colcon_core.package_identification:_identify(cmake-build-debug/CMakeFiles/pkgRedirects) by extensions ['python_setup_py']
[0.279s] Level 1:colcon.colcon_core.package_identification:_identify(cmake-build-debug/CMakeFiles/pkgRedirects) by extension 'python_setup_py'
[0.279s] Level 1:colcon.colcon_core.package_identification:_identify(cmake-build-debug/Testing) by extensions ['ignore', 'ignore_ament_install']
[0.279s] Level 1:colcon.colcon_core.package_identification:_identify(cmake-build-debug/Testing) by extension 'ignore'
[0.279s] Level 1:colcon.colcon_core.package_identification:_identify(cmake-build-debug/Testing) by extension 'ignore_ament_install'
[0.279s] Level 1:colcon.colcon_core.package_identification:_identify(cmake-build-debug/Testing) by extensions ['colcon_pkg']
[0.279s] Level 1:colcon.colcon_core.package_identification:_identify(cmake-build-debug/Testing) by extension 'colcon_pkg'
[0.279s] Level 1:colcon.colcon_core.package_identification:_identify(cmake-build-debug/Testing) by extensions ['colcon_meta']
[0.279s] Level 1:colcon.colcon_core.package_identification:_identify(cmake-build-debug/Testing) by extension 'colcon_meta'
[0.279s] Level 1:colcon.colcon_core.package_identification:_identify(cmake-build-debug/Testing) by extensions ['ros']
[0.279s] Level 1:colcon.colcon_core.package_identification:_identify(cmake-build-debug/Testing) by extension 'ros'
[0.279s] Level 1:colcon.colcon_core.package_identification:_identify(cmake-build-debug/Testing) by extensions ['cmake', 'python']
[0.279s] Level 1:colcon.colcon_core.package_identification:_identify(cmake-build-debug/Testing) by extension 'cmake'
[0.279s] Level 1:colcon.colcon_core.package_identification:_identify(cmake-build-debug/Testing) by extension 'python'
[0.279s] Level 1:colcon.colcon_core.package_identification:_identify(cmake-build-debug/Testing) by extensions ['python_setup_py']
[0.279s] Level 1:colcon.colcon_core.package_identification:_identify(cmake-build-debug/Testing) by extension 'python_setup_py'
[0.279s] Level 1:colcon.colcon_core.package_identification:_identify(cmake-build-debug/Testing/Temporary) by extensions ['ignore', 'ignore_ament_install']
[0.279s] Level 1:colcon.colcon_core.package_identification:_identify(cmake-build-debug/Testing/Temporary) by extension 'ignore'
[0.279s] Level 1:colcon.colcon_core.package_identification:_identify(cmake-build-debug/Testing/Temporary) by extension 'ignore_ament_install'
[0.279s] Level 1:colcon.colcon_core.package_identification:_identify(cmake-build-debug/Testing/Temporary) by extensions ['colcon_pkg']
[0.279s] Level 1:colcon.colcon_core.package_identification:_identify(cmake-build-debug/Testing/Temporary) by extension 'colcon_pkg'
[0.279s] Level 1:colcon.colcon_core.package_identification:_identify(cmake-build-debug/Testing/Temporary) by extensions ['colcon_meta']
[0.279s] Level 1:colcon.colcon_core.package_identification:_identify(cmake-build-debug/Testing/Temporary) by extension 'colcon_meta'
[0.279s] Level 1:colcon.colcon_core.package_identification:_identify(cmake-build-debug/Testing/Temporary) by extensions ['ros']
[0.279s] Level 1:colcon.colcon_core.package_identification:_identify(cmake-build-debug/Testing/Temporary) by extension 'ros'
[0.280s] Level 1:colcon.colcon_core.package_identification:_identify(cmake-build-debug/Testing/Temporary) by extensions ['cmake', 'python']
[0.280s] Level 1:colcon.colcon_core.package_identification:_identify(cmake-build-debug/Testing/Temporary) by extension 'cmake'
[0.280s] Level 1:colcon.colcon_core.package_identification:_identify(cmake-build-debug/Testing/Temporary) by extension 'python'
[0.280s] Level 1:colcon.colcon_core.package_identification:_identify(cmake-build-debug/Testing/Temporary) by extensions ['python_setup_py']
[0.280s] Level 1:colcon.colcon_core.package_identification:_identify(cmake-build-debug/Testing/Temporary) by extension 'python_setup_py'
[0.280s] Level 1:colcon.colcon_core.package_identification:_identify(cmake-build-debug/ament_cmake_environment_hooks) by extensions ['ignore', 'ignore_ament_install']
[0.280s] Level 1:colcon.colcon_core.package_identification:_identify(cmake-build-debug/ament_cmake_environment_hooks) by extension 'ignore'
[0.280s] Level 1:colcon.colcon_core.package_identification:_identify(cmake-build-debug/ament_cmake_environment_hooks) by extension 'ignore_ament_install'
[0.280s] Level 1:colcon.colcon_core.package_identification:_identify(cmake-build-debug/ament_cmake_environment_hooks) by extensions ['colcon_pkg']
[0.280s] Level 1:colcon.colcon_core.package_identification:_identify(cmake-build-debug/ament_cmake_environment_hooks) by extension 'colcon_pkg'
[0.280s] Level 1:colcon.colcon_core.package_identification:_identify(cmake-build-debug/ament_cmake_environment_hooks) by extensions ['colcon_meta']
[0.280s] Level 1:colcon.colcon_core.package_identification:_identify(cmake-build-debug/ament_cmake_environment_hooks) by extension 'colcon_meta'
[0.280s] Level 1:colcon.colcon_core.package_identification:_identify(cmake-build-debug/ament_cmake_environment_hooks) by extensions ['ros']
[0.280s] Level 1:colcon.colcon_core.package_identification:_identify(cmake-build-debug/ament_cmake_environment_hooks) by extension 'ros'
[0.280s] Level 1:colcon.colcon_core.package_identification:_identify(cmake-build-debug/ament_cmake_environment_hooks) by extensions ['cmake', 'python']
[0.280s] Level 1:colcon.colcon_core.package_identification:_identify(cmake-build-debug/ament_cmake_environment_hooks) by extension 'cmake'
[0.280s] Level 1:colcon.colcon_core.package_identification:_identify(cmake-build-debug/ament_cmake_environment_hooks) by extension 'python'
[0.280s] Level 1:colcon.colcon_core.package_identification:_identify(cmake-build-debug/ament_cmake_environment_hooks) by extensions ['python_setup_py']
[0.280s] Level 1:colcon.colcon_core.package_identification:_identify(cmake-build-debug/ament_cmake_environment_hooks) by extension 'python_setup_py'
[0.280s] Level 1:colcon.colcon_core.package_identification:_identify(cmake-build-debug/ament_cmake_index) by extensions ['ignore', 'ignore_ament_install']
[0.280s] Level 1:colcon.colcon_core.package_identification:_identify(cmake-build-debug/ament_cmake_index) by extension 'ignore'
[0.280s] Level 1:colcon.colcon_core.package_identification:_identify(cmake-build-debug/ament_cmake_index) by extension 'ignore_ament_install'
[0.281s] Level 1:colcon.colcon_core.package_identification:_identify(cmake-build-debug/ament_cmake_index) by extensions ['colcon_pkg']
[0.281s] Level 1:colcon.colcon_core.package_identification:_identify(cmake-build-debug/ament_cmake_index) by extension 'colcon_pkg'
[0.281s] Level 1:colcon.colcon_core.package_identification:_identify(cmake-build-debug/ament_cmake_index) by extensions ['colcon_meta']
[0.281s] Level 1:colcon.colcon_core.package_identification:_identify(cmake-build-debug/ament_cmake_index) by extension 'colcon_meta'
[0.281s] Level 1:colcon.colcon_core.package_identification:_identify(cmake-build-debug/ament_cmake_index) by extensions ['ros']
[0.281s] Level 1:colcon.colcon_core.package_identification:_identify(cmake-build-debug/ament_cmake_index) by extension 'ros'
[0.281s] Level 1:colcon.colcon_core.package_identification:_identify(cmake-build-debug/ament_cmake_index) by extensions ['cmake', 'python']
[0.281s] Level 1:colcon.colcon_core.package_identification:_identify(cmake-build-debug/ament_cmake_index) by extension 'cmake'
[0.281s] Level 1:colcon.colcon_core.package_identification:_identify(cmake-build-debug/ament_cmake_index) by extension 'python'
[0.281s] Level 1:colcon.colcon_core.package_identification:_identify(cmake-build-debug/ament_cmake_index) by extensions ['python_setup_py']
[0.281s] Level 1:colcon.colcon_core.package_identification:_identify(cmake-build-debug/ament_cmake_index) by extension 'python_setup_py'
[0.281s] Level 1:colcon.colcon_core.package_identification:_identify(cmake-build-debug/ament_cmake_index/share) by extensions ['ignore', 'ignore_ament_install']
[0.281s] Level 1:colcon.colcon_core.package_identification:_identify(cmake-build-debug/ament_cmake_index/share) by extension 'ignore'
[0.281s] Level 1:colcon.colcon_core.package_identification:_identify(cmake-build-debug/ament_cmake_index/share) by extension 'ignore_ament_install'
[0.281s] Level 1:colcon.colcon_core.package_identification:_identify(cmake-build-debug/ament_cmake_index/share) by extensions ['colcon_pkg']
[0.281s] Level 1:colcon.colcon_core.package_identification:_identify(cmake-build-debug/ament_cmake_index/share) by extension 'colcon_pkg'
[0.281s] Level 1:colcon.colcon_core.package_identification:_identify(cmake-build-debug/ament_cmake_index/share) by extensions ['colcon_meta']
[0.281s] Level 1:colcon.colcon_core.package_identification:_identify(cmake-build-debug/ament_cmake_index/share) by extension 'colcon_meta'
[0.281s] Level 1:colcon.colcon_core.package_identification:_identify(cmake-build-debug/ament_cmake_index/share) by extensions ['ros']
[0.281s] Level 1:colcon.colcon_core.package_identification:_identify(cmake-build-debug/ament_cmake_index/share) by extension 'ros'
[0.281s] Level 1:colcon.colcon_core.package_identification:_identify(cmake-build-debug/ament_cmake_index/share) by extensions ['cmake', 'python']
[0.281s] Level 1:colcon.colcon_core.package_identification:_identify(cmake-build-debug/ament_cmake_index/share) by extension 'cmake'
[0.281s] Level 1:colcon.colcon_core.package_identification:_identify(cmake-build-debug/ament_cmake_index/share) by extension 'python'
[0.282s] Level 1:colcon.colcon_core.package_identification:_identify(cmake-build-debug/ament_cmake_index/share) by extensions ['python_setup_py']
[0.282s] Level 1:colcon.colcon_core.package_identification:_identify(cmake-build-debug/ament_cmake_index/share) by extension 'python_setup_py'
[0.282s] Level 1:colcon.colcon_core.package_identification:_identify(cmake-build-debug/ament_cmake_index/share/ament_index) by extensions ['ignore', 'ignore_ament_install']
[0.282s] Level 1:colcon.colcon_core.package_identification:_identify(cmake-build-debug/ament_cmake_index/share/ament_index) by extension 'ignore'
[0.282s] Level 1:colcon.colcon_core.package_identification:_identify(cmake-build-debug/ament_cmake_index/share/ament_index) by extension 'ignore_ament_install'
[0.282s] Level 1:colcon.colcon_core.package_identification:_identify(cmake-build-debug/ament_cmake_index/share/ament_index) by extensions ['colcon_pkg']
[0.282s] Level 1:colcon.colcon_core.package_identification:_identify(cmake-build-debug/ament_cmake_index/share/ament_index) by extension 'colcon_pkg'
[0.282s] Level 1:colcon.colcon_core.package_identification:_identify(cmake-build-debug/ament_cmake_index/share/ament_index) by extensions ['colcon_meta']
[0.282s] Level 1:colcon.colcon_core.package_identification:_identify(cmake-build-debug/ament_cmake_index/share/ament_index) by extension 'colcon_meta'
[0.282s] Level 1:colcon.colcon_core.package_identification:_identify(cmake-build-debug/ament_cmake_index/share/ament_index) by extensions ['ros']
[0.282s] Level 1:colcon.colcon_core.package_identification:_identify(cmake-build-debug/ament_cmake_index/share/ament_index) by extension 'ros'
[0.282s] Level 1:colcon.colcon_core.package_identification:_identify(cmake-build-debug/ament_cmake_index/share/ament_index) by extensions ['cmake', 'python']
[0.282s] Level 1:colcon.colcon_core.package_identification:_identify(cmake-build-debug/ament_cmake_index/share/ament_index) by extension 'cmake'
[0.282s] Level 1:colcon.colcon_core.package_identification:_identify(cmake-build-debug/ament_cmake_index/share/ament_index) by extension 'python'
[0.282s] Level 1:colcon.colcon_core.package_identification:_identify(cmake-build-debug/ament_cmake_index/share/ament_index) by extensions ['python_setup_py']
[0.282s] Level 1:colcon.colcon_core.package_identification:_identify(cmake-build-debug/ament_cmake_index/share/ament_index) by extension 'python_setup_py'
[0.282s] Level 1:colcon.colcon_core.package_identification:_identify(cmake-build-debug/ament_cmake_index/share/ament_index/resource_index) by extensions ['ignore', 'ignore_ament_install']
[0.282s] Level 1:colcon.colcon_core.package_identification:_identify(cmake-build-debug/ament_cmake_index/share/ament_index/resource_index) by extension 'ignore'
[0.282s] Level 1:colcon.colcon_core.package_identification:_identify(cmake-build-debug/ament_cmake_index/share/ament_index/resource_index) by extension 'ignore_ament_install'
[0.282s] Level 1:colcon.colcon_core.package_identification:_identify(cmake-build-debug/ament_cmake_index/share/ament_index/resource_index) by extensions ['colcon_pkg']
[0.282s] Level 1:colcon.colcon_core.package_identification:_identify(cmake-build-debug/ament_cmake_index/share/ament_index/resource_index) by extension 'colcon_pkg'
[0.283s] Level 1:colcon.colcon_core.package_identification:_identify(cmake-build-debug/ament_cmake_index/share/ament_index/resource_index) by extensions ['colcon_meta']
[0.283s] Level 1:colcon.colcon_core.package_identification:_identify(cmake-build-debug/ament_cmake_index/share/ament_index/resource_index) by extension 'colcon_meta'
[0.283s] Level 1:colcon.colcon_core.package_identification:_identify(cmake-build-debug/ament_cmake_index/share/ament_index/resource_index) by extensions ['ros']
[0.283s] Level 1:colcon.colcon_core.package_identification:_identify(cmake-build-debug/ament_cmake_index/share/ament_index/resource_index) by extension 'ros'
[0.283s] Level 1:colcon.colcon_core.package_identification:_identify(cmake-build-debug/ament_cmake_index/share/ament_index/resource_index) by extensions ['cmake', 'python']
[0.283s] Level 1:colcon.colcon_core.package_identification:_identify(cmake-build-debug/ament_cmake_index/share/ament_index/resource_index) by extension 'cmake'
[0.283s] Level 1:colcon.colcon_core.package_identification:_identify(cmake-build-debug/ament_cmake_index/share/ament_index/resource_index) by extension 'python'
[0.283s] Level 1:colcon.colcon_core.package_identification:_identify(cmake-build-debug/ament_cmake_index/share/ament_index/resource_index) by extensions ['python_setup_py']
[0.283s] Level 1:colcon.colcon_core.package_identification:_identify(cmake-build-debug/ament_cmake_index/share/ament_index/resource_index) by extension 'python_setup_py'
[0.283s] Level 1:colcon.colcon_core.package_identification:_identify(cmake-build-debug/ament_cmake_index/share/ament_index/resource_index/package_run_dependencies) by extensions ['ignore', 'ignore_ament_install']
[0.283s] Level 1:colcon.colcon_core.package_identification:_identify(cmake-build-debug/ament_cmake_index/share/ament_index/resource_index/package_run_dependencies) by extension 'ignore'
[0.283s] Level 1:colcon.colcon_core.package_identification:_identify(cmake-build-debug/ament_cmake_index/share/ament_index/resource_index/package_run_dependencies) by extension 'ignore_ament_install'
[0.283s] Level 1:colcon.colcon_core.package_identification:_identify(cmake-build-debug/ament_cmake_index/share/ament_index/resource_index/package_run_dependencies) by extensions ['colcon_pkg']
[0.283s] Level 1:colcon.colcon_core.package_identification:_identify(cmake-build-debug/ament_cmake_index/share/ament_index/resource_index/package_run_dependencies) by extension 'colcon_pkg'
[0.283s] Level 1:colcon.colcon_core.package_identification:_identify(cmake-build-debug/ament_cmake_index/share/ament_index/resource_index/package_run_dependencies) by extensions ['colcon_meta']
[0.283s] Level 1:colcon.colcon_core.package_identification:_identify(cmake-build-debug/ament_cmake_index/share/ament_index/resource_index/package_run_dependencies) by extension 'colcon_meta'
[0.283s] Level 1:colcon.colcon_core.package_identification:_identify(cmake-build-debug/ament_cmake_index/share/ament_index/resource_index/package_run_dependencies) by extensions ['ros']
[0.283s] Level 1:colcon.colcon_core.package_identification:_identify(cmake-build-debug/ament_cmake_index/share/ament_index/resource_index/package_run_dependencies) by extension 'ros'
[0.283s] Level 1:colcon.colcon_core.package_identification:_identify(cmake-build-debug/ament_cmake_index/share/ament_index/resource_index/package_run_dependencies) by extensions ['cmake', 'python']
[0.283s] Level 1:colcon.colcon_core.package_identification:_identify(cmake-build-debug/ament_cmake_index/share/ament_index/resource_index/package_run_dependencies) by extension 'cmake'
[0.283s] Level 1:colcon.colcon_core.package_identification:_identify(cmake-build-debug/ament_cmake_index/share/ament_index/resource_index/package_run_dependencies) by extension 'python'
[0.283s] Level 1:colcon.colcon_core.package_identification:_identify(cmake-build-debug/ament_cmake_index/share/ament_index/resource_index/package_run_dependencies) by extensions ['python_setup_py']
[0.283s] Level 1:colcon.colcon_core.package_identification:_identify(cmake-build-debug/ament_cmake_index/share/ament_index/resource_index/package_run_dependencies) by extension 'python_setup_py'
[0.284s] Level 1:colcon.colcon_core.package_identification:_identify(cmake-build-debug/ament_cmake_index/share/ament_index/resource_index/packages) by extensions ['ignore', 'ignore_ament_install']
[0.284s] Level 1:colcon.colcon_core.package_identification:_identify(cmake-build-debug/ament_cmake_index/share/ament_index/resource_index/packages) by extension 'ignore'
[0.284s] Level 1:colcon.colcon_core.package_identification:_identify(cmake-build-debug/ament_cmake_index/share/ament_index/resource_index/packages) by extension 'ignore_ament_install'
[0.284s] Level 1:colcon.colcon_core.package_identification:_identify(cmake-build-debug/ament_cmake_index/share/ament_index/resource_index/packages) by extensions ['colcon_pkg']
[0.284s] Level 1:colcon.colcon_core.package_identification:_identify(cmake-build-debug/ament_cmake_index/share/ament_index/resource_index/packages) by extension 'colcon_pkg'
[0.284s] Level 1:colcon.colcon_core.package_identification:_identify(cmake-build-debug/ament_cmake_index/share/ament_index/resource_index/packages) by extensions ['colcon_meta']
[0.284s] Level 1:colcon.colcon_core.package_identification:_identify(cmake-build-debug/ament_cmake_index/share/ament_index/resource_index/packages) by extension 'colcon_meta'
[0.284s] Level 1:colcon.colcon_core.package_identification:_identify(cmake-build-debug/ament_cmake_index/share/ament_index/resource_index/packages) by extensions ['ros']
[0.284s] Level 1:colcon.colcon_core.package_identification:_identify(cmake-build-debug/ament_cmake_index/share/ament_index/resource_index/packages) by extension 'ros'
[0.284s] Level 1:colcon.colcon_core.package_identification:_identify(cmake-build-debug/ament_cmake_index/share/ament_index/resource_index/packages) by extensions ['cmake', 'python']
[0.284s] Level 1:colcon.colcon_core.package_identification:_identify(cmake-build-debug/ament_cmake_index/share/ament_index/resource_index/packages) by extension 'cmake'
[0.284s] Level 1:colcon.colcon_core.package_identification:_identify(cmake-build-debug/ament_cmake_index/share/ament_index/resource_index/packages) by extension 'python'
[0.284s] Level 1:colcon.colcon_core.package_identification:_identify(cmake-build-debug/ament_cmake_index/share/ament_index/resource_index/packages) by extensions ['python_setup_py']
[0.284s] Level 1:colcon.colcon_core.package_identification:_identify(cmake-build-debug/ament_cmake_index/share/ament_index/resource_index/packages) by extension 'python_setup_py'
[0.284s] Level 1:colcon.colcon_core.package_identification:_identify(cmake-build-debug/ament_cmake_index/share/ament_index/resource_index/parent_prefix_path) by extensions ['ignore', 'ignore_ament_install']
[0.284s] Level 1:colcon.colcon_core.package_identification:_identify(cmake-build-debug/ament_cmake_index/share/ament_index/resource_index/parent_prefix_path) by extension 'ignore'
[0.284s] Level 1:colcon.colcon_core.package_identification:_identify(cmake-build-debug/ament_cmake_index/share/ament_index/resource_index/parent_prefix_path) by extension 'ignore_ament_install'
[0.284s] Level 1:colcon.colcon_core.package_identification:_identify(cmake-build-debug/ament_cmake_index/share/ament_index/resource_index/parent_prefix_path) by extensions ['colcon_pkg']
[0.284s] Level 1:colcon.colcon_core.package_identification:_identify(cmake-build-debug/ament_cmake_index/share/ament_index/resource_index/parent_prefix_path) by extension 'colcon_pkg'
[0.284s] Level 1:colcon.colcon_core.package_identification:_identify(cmake-build-debug/ament_cmake_index/share/ament_index/resource_index/parent_prefix_path) by extensions ['colcon_meta']
[0.284s] Level 1:colcon.colcon_core.package_identification:_identify(cmake-build-debug/ament_cmake_index/share/ament_index/resource_index/parent_prefix_path) by extension 'colcon_meta'
[0.284s] Level 1:colcon.colcon_core.package_identification:_identify(cmake-build-debug/ament_cmake_index/share/ament_index/resource_index/parent_prefix_path) by extensions ['ros']
[0.284s] Level 1:colcon.colcon_core.package_identification:_identify(cmake-build-debug/ament_cmake_index/share/ament_index/resource_index/parent_prefix_path) by extension 'ros'
[0.285s] Level 1:colcon.colcon_core.package_identification:_identify(cmake-build-debug/ament_cmake_index/share/ament_index/resource_index/parent_prefix_path) by extensions ['cmake', 'python']
[0.285s] Level 1:colcon.colcon_core.package_identification:_identify(cmake-build-debug/ament_cmake_index/share/ament_index/resource_index/parent_prefix_path) by extension 'cmake'
[0.285s] Level 1:colcon.colcon_core.package_identification:_identify(cmake-build-debug/ament_cmake_index/share/ament_index/resource_index/parent_prefix_path) by extension 'python'
[0.285s] Level 1:colcon.colcon_core.package_identification:_identify(cmake-build-debug/ament_cmake_index/share/ament_index/resource_index/parent_prefix_path) by extensions ['python_setup_py']
[0.285s] Level 1:colcon.colcon_core.package_identification:_identify(cmake-build-debug/ament_cmake_index/share/ament_index/resource_index/parent_prefix_path) by extension 'python_setup_py'
[0.285s] Level 1:colcon.colcon_core.package_identification:_identify(cmake-build-debug/ament_cppcheck) by extensions ['ignore', 'ignore_ament_install']
[0.285s] Level 1:colcon.colcon_core.package_identification:_identify(cmake-build-debug/ament_cppcheck) by extension 'ignore'
[0.285s] Level 1:colcon.colcon_core.package_identification:_identify(cmake-build-debug/ament_cppcheck) by extension 'ignore_ament_install'
[0.285s] Level 1:colcon.colcon_core.package_identification:_identify(cmake-build-debug/ament_cppcheck) by extensions ['colcon_pkg']
[0.285s] Level 1:colcon.colcon_core.package_identification:_identify(cmake-build-debug/ament_cppcheck) by extension 'colcon_pkg'
[0.285s] Level 1:colcon.colcon_core.package_identification:_identify(cmake-build-debug/ament_cppcheck) by extensions ['colcon_meta']
[0.285s] Level 1:colcon.colcon_core.package_identification:_identify(cmake-build-debug/ament_cppcheck) by extension 'colcon_meta'
[0.285s] Level 1:colcon.colcon_core.package_identification:_identify(cmake-build-debug/ament_cppcheck) by extensions ['ros']
[0.285s] Level 1:colcon.colcon_core.package_identification:_identify(cmake-build-debug/ament_cppcheck) by extension 'ros'
[0.285s] Level 1:colcon.colcon_core.package_identification:_identify(cmake-build-debug/ament_cppcheck) by extensions ['cmake', 'python']
[0.285s] Level 1:colcon.colcon_core.package_identification:_identify(cmake-build-debug/ament_cppcheck) by extension 'cmake'
[0.285s] Level 1:colcon.colcon_core.package_identification:_identify(cmake-build-debug/ament_cppcheck) by extension 'python'
[0.285s] Level 1:colcon.colcon_core.package_identification:_identify(cmake-build-debug/ament_cppcheck) by extensions ['python_setup_py']
[0.285s] Level 1:colcon.colcon_core.package_identification:_identify(cmake-build-debug/ament_cppcheck) by extension 'python_setup_py'
[0.285s] Level 1:colcon.colcon_core.package_identification:_identify(cmake-build-debug/ament_flake8) by extensions ['ignore', 'ignore_ament_install']
[0.285s] Level 1:colcon.colcon_core.package_identification:_identify(cmake-build-debug/ament_flake8) by extension 'ignore'
[0.285s] Level 1:colcon.colcon_core.package_identification:_identify(cmake-build-debug/ament_flake8) by extension 'ignore_ament_install'
[0.285s] Level 1:colcon.colcon_core.package_identification:_identify(cmake-build-debug/ament_flake8) by extensions ['colcon_pkg']
[0.286s] Level 1:colcon.colcon_core.package_identification:_identify(cmake-build-debug/ament_flake8) by extension 'colcon_pkg'
[0.286s] Level 1:colcon.colcon_core.package_identification:_identify(cmake-build-debug/ament_flake8) by extensions ['colcon_meta']
[0.286s] Level 1:colcon.colcon_core.package_identification:_identify(cmake-build-debug/ament_flake8) by extension 'colcon_meta'
[0.286s] Level 1:colcon.colcon_core.package_identification:_identify(cmake-build-debug/ament_flake8) by extensions ['ros']
[0.286s] Level 1:colcon.colcon_core.package_identification:_identify(cmake-build-debug/ament_flake8) by extension 'ros'
[0.286s] Level 1:colcon.colcon_core.package_identification:_identify(cmake-build-debug/ament_flake8) by extensions ['cmake', 'python']
[0.286s] Level 1:colcon.colcon_core.package_identification:_identify(cmake-build-debug/ament_flake8) by extension 'cmake'
[0.286s] Level 1:colcon.colcon_core.package_identification:_identify(cmake-build-debug/ament_flake8) by extension 'python'
[0.286s] Level 1:colcon.colcon_core.package_identification:_identify(cmake-build-debug/ament_flake8) by extensions ['python_setup_py']
[0.286s] Level 1:colcon.colcon_core.package_identification:_identify(cmake-build-debug/ament_flake8) by extension 'python_setup_py'
[0.286s] Level 1:colcon.colcon_core.package_identification:_identify(cmake-build-debug/ament_lint_cmake) by extensions ['ignore', 'ignore_ament_install']
[0.286s] Level 1:colcon.colcon_core.package_identification:_identify(cmake-build-debug/ament_lint_cmake) by extension 'ignore'
[0.286s] Level 1:colcon.colcon_core.package_identification:_identify(cmake-build-debug/ament_lint_cmake) by extension 'ignore_ament_install'
[0.286s] Level 1:colcon.colcon_core.package_identification:_identify(cmake-build-debug/ament_lint_cmake) by extensions ['colcon_pkg']
[0.286s] Level 1:colcon.colcon_core.package_identification:_identify(cmake-build-debug/ament_lint_cmake) by extension 'colcon_pkg'
[0.286s] Level 1:colcon.colcon_core.package_identification:_identify(cmake-build-debug/ament_lint_cmake) by extensions ['colcon_meta']
[0.286s] Level 1:colcon.colcon_core.package_identification:_identify(cmake-build-debug/ament_lint_cmake) by extension 'colcon_meta'
[0.286s] Level 1:colcon.colcon_core.package_identification:_identify(cmake-build-debug/ament_lint_cmake) by extensions ['ros']
[0.286s] Level 1:colcon.colcon_core.package_identification:_identify(cmake-build-debug/ament_lint_cmake) by extension 'ros'
[0.286s] Level 1:colcon.colcon_core.package_identification:_identify(cmake-build-debug/ament_lint_cmake) by extensions ['cmake', 'python']
[0.286s] Level 1:colcon.colcon_core.package_identification:_identify(cmake-build-debug/ament_lint_cmake) by extension 'cmake'
[0.286s] Level 1:colcon.colcon_core.package_identification:_identify(cmake-build-debug/ament_lint_cmake) by extension 'python'
[0.286s] Level 1:colcon.colcon_core.package_identification:_identify(cmake-build-debug/ament_lint_cmake) by extensions ['python_setup_py']
[0.286s] Level 1:colcon.colcon_core.package_identification:_identify(cmake-build-debug/ament_lint_cmake) by extension 'python_setup_py'
[0.286s] Level 1:colcon.colcon_core.package_identification:_identify(cmake-build-debug/ament_pep257) by extensions ['ignore', 'ignore_ament_install']
[0.287s] Level 1:colcon.colcon_core.package_identification:_identify(cmake-build-debug/ament_pep257) by extension 'ignore'
[0.287s] Level 1:colcon.colcon_core.package_identification:_identify(cmake-build-debug/ament_pep257) by extension 'ignore_ament_install'
[0.287s] Level 1:colcon.colcon_core.package_identification:_identify(cmake-build-debug/ament_pep257) by extensions ['colcon_pkg']
[0.287s] Level 1:colcon.colcon_core.package_identification:_identify(cmake-build-debug/ament_pep257) by extension 'colcon_pkg'
[0.287s] Level 1:colcon.colcon_core.package_identification:_identify(cmake-build-debug/ament_pep257) by extensions ['colcon_meta']
[0.287s] Level 1:colcon.colcon_core.package_identification:_identify(cmake-build-debug/ament_pep257) by extension 'colcon_meta'
[0.287s] Level 1:colcon.colcon_core.package_identification:_identify(cmake-build-debug/ament_pep257) by extensions ['ros']
[0.287s] Level 1:colcon.colcon_core.package_identification:_identify(cmake-build-debug/ament_pep257) by extension 'ros'
[0.287s] Level 1:colcon.colcon_core.package_identification:_identify(cmake-build-debug/ament_pep257) by extensions ['cmake', 'python']
[0.287s] Level 1:colcon.colcon_core.package_identification:_identify(cmake-build-debug/ament_pep257) by extension 'cmake'
[0.287s] Level 1:colcon.colcon_core.package_identification:_identify(cmake-build-debug/ament_pep257) by extension 'python'
[0.287s] Level 1:colcon.colcon_core.package_identification:_identify(cmake-build-debug/ament_pep257) by extensions ['python_setup_py']
[0.287s] Level 1:colcon.colcon_core.package_identification:_identify(cmake-build-debug/ament_pep257) by extension 'python_setup_py'
[0.287s] Level 1:colcon.colcon_core.package_identification:_identify(cmake-build-debug/ament_uncrustify) by extensions ['ignore', 'ignore_ament_install']
[0.287s] Level 1:colcon.colcon_core.package_identification:_identify(cmake-build-debug/ament_uncrustify) by extension 'ignore'
[0.287s] Level 1:colcon.colcon_core.package_identification:_identify(cmake-build-debug/ament_uncrustify) by extension 'ignore_ament_install'
[0.287s] Level 1:colcon.colcon_core.package_identification:_identify(cmake-build-debug/ament_uncrustify) by extensions ['colcon_pkg']
[0.287s] Level 1:colcon.colcon_core.package_identification:_identify(cmake-build-debug/ament_uncrustify) by extension 'colcon_pkg'
[0.287s] Level 1:colcon.colcon_core.package_identification:_identify(cmake-build-debug/ament_uncrustify) by extensions ['colcon_meta']
[0.287s] Level 1:colcon.colcon_core.package_identification:_identify(cmake-build-debug/ament_uncrustify) by extension 'colcon_meta'
[0.287s] Level 1:colcon.colcon_core.package_identification:_identify(cmake-build-debug/ament_uncrustify) by extensions ['ros']
[0.287s] Level 1:colcon.colcon_core.package_identification:_identify(cmake-build-debug/ament_uncrustify) by extension 'ros'
[0.287s] Level 1:colcon.colcon_core.package_identification:_identify(cmake-build-debug/ament_uncrustify) by extensions ['cmake', 'python']
[0.287s] Level 1:colcon.colcon_core.package_identification:_identify(cmake-build-debug/ament_uncrustify) by extension 'cmake'
[0.288s] Level 1:colcon.colcon_core.package_identification:_identify(cmake-build-debug/ament_uncrustify) by extension 'python'
[0.288s] Level 1:colcon.colcon_core.package_identification:_identify(cmake-build-debug/ament_uncrustify) by extensions ['python_setup_py']
[0.288s] Level 1:colcon.colcon_core.package_identification:_identify(cmake-build-debug/ament_uncrustify) by extension 'python_setup_py'
[0.288s] Level 1:colcon.colcon_core.package_identification:_identify(cmake-build-debug/ament_xmllint) by extensions ['ignore', 'ignore_ament_install']
[0.288s] Level 1:colcon.colcon_core.package_identification:_identify(cmake-build-debug/ament_xmllint) by extension 'ignore'
[0.288s] Level 1:colcon.colcon_core.package_identification:_identify(cmake-build-debug/ament_xmllint) by extension 'ignore_ament_install'
[0.288s] Level 1:colcon.colcon_core.package_identification:_identify(cmake-build-debug/ament_xmllint) by extensions ['colcon_pkg']
[0.288s] Level 1:colcon.colcon_core.package_identification:_identify(cmake-build-debug/ament_xmllint) by extension 'colcon_pkg'
[0.288s] Level 1:colcon.colcon_core.package_identification:_identify(cmake-build-debug/ament_xmllint) by extensions ['colcon_meta']
[0.288s] Level 1:colcon.colcon_core.package_identification:_identify(cmake-build-debug/ament_xmllint) by extension 'colcon_meta'
[0.288s] Level 1:colcon.colcon_core.package_identification:_identify(cmake-build-debug/ament_xmllint) by extensions ['ros']
[0.288s] Level 1:colcon.colcon_core.package_identification:_identify(cmake-build-debug/ament_xmllint) by extension 'ros'
[0.288s] Level 1:colcon.colcon_core.package_identification:_identify(cmake-build-debug/ament_xmllint) by extensions ['cmake', 'python']
[0.288s] Level 1:colcon.colcon_core.package_identification:_identify(cmake-build-debug/ament_xmllint) by extension 'cmake'
[0.288s] Level 1:colcon.colcon_core.package_identification:_identify(cmake-build-debug/ament_xmllint) by extension 'python'
[0.288s] Level 1:colcon.colcon_core.package_identification:_identify(cmake-build-debug/ament_xmllint) by extensions ['python_setup_py']
[0.288s] Level 1:colcon.colcon_core.package_identification:_identify(cmake-build-debug/ament_xmllint) by extension 'python_setup_py'
[0.288s] Level 1:colcon.colcon_core.package_identification:_identify(cmake-build-debug/log) by extensions ['ignore', 'ignore_ament_install']
[0.288s] Level 1:colcon.colcon_core.package_identification:_identify(cmake-build-debug/log) by extension 'ignore'
[0.288s] Level 1:colcon.colcon_core.package_identification:_identify(cmake-build-debug/log) ignored
[0.288s] Level 1:colcon.colcon_core.package_identification:_identify(install) by extensions ['ignore', 'ignore_ament_install']
[0.289s] Level 1:colcon.colcon_core.package_identification:_identify(install) by extension 'ignore'
[0.289s] Level 1:colcon.colcon_core.package_identification:_identify(install) ignored
[0.289s] Level 1:colcon.colcon_core.package_identification:_identify(log) by extensions ['ignore', 'ignore_ament_install']
[0.289s] Level 1:colcon.colcon_core.package_identification:_identify(log) by extension 'ignore'
[0.289s] Level 1:colcon.colcon_core.package_identification:_identify(log) ignored
[0.289s] Level 1:colcon.colcon_core.package_identification:_identify(my_bag) by extensions ['ignore', 'ignore_ament_install']
[0.289s] Level 1:colcon.colcon_core.package_identification:_identify(my_bag) by extension 'ignore'
[0.289s] Level 1:colcon.colcon_core.package_identification:_identify(my_bag) by extension 'ignore_ament_install'
[0.289s] Level 1:colcon.colcon_core.package_identification:_identify(my_bag) by extensions ['colcon_pkg']
[0.289s] Level 1:colcon.colcon_core.package_identification:_identify(my_bag) by extension 'colcon_pkg'
[0.289s] Level 1:colcon.colcon_core.package_identification:_identify(my_bag) by extensions ['colcon_meta']
[0.289s] Level 1:colcon.colcon_core.package_identification:_identify(my_bag) by extension 'colcon_meta'
[0.289s] Level 1:colcon.colcon_core.package_identification:_identify(my_bag) by extensions ['ros']
[0.289s] Level 1:colcon.colcon_core.package_identification:_identify(my_bag) by extension 'ros'
[0.289s] Level 1:colcon.colcon_core.package_identification:_identify(my_bag) by extensions ['cmake', 'python']
[0.289s] Level 1:colcon.colcon_core.package_identification:_identify(my_bag) by extension 'cmake'
[0.289s] Level 1:colcon.colcon_core.package_identification:_identify(my_bag) by extension 'python'
[0.289s] Level 1:colcon.colcon_core.package_identification:_identify(my_bag) by extensions ['python_setup_py']
[0.289s] Level 1:colcon.colcon_core.package_identification:_identify(my_bag) by extension 'python_setup_py'
[0.289s] Level 1:colcon.colcon_core.package_identification:_identify(src) by extensions ['ignore', 'ignore_ament_install']
[0.290s] Level 1:colcon.colcon_core.package_identification:_identify(src) by extension 'ignore'
[0.290s] Level 1:colcon.colcon_core.package_identification:_identify(src) by extension 'ignore_ament_install'
[0.290s] Level 1:colcon.colcon_core.package_identification:_identify(src) by extensions ['colcon_pkg']
[0.290s] Level 1:colcon.colcon_core.package_identification:_identify(src) by extension 'colcon_pkg'
[0.290s] Level 1:colcon.colcon_core.package_identification:_identify(src) by extensions ['colcon_meta']
[0.290s] Level 1:colcon.colcon_core.package_identification:_identify(src) by extension 'colcon_meta'
[0.290s] Level 1:colcon.colcon_core.package_identification:_identify(src) by extensions ['ros']
[0.290s] Level 1:colcon.colcon_core.package_identification:_identify(src) by extension 'ros'
[0.290s] Level 1:colcon.colcon_core.package_identification:_identify(src) by extensions ['cmake', 'python']
[0.290s] Level 1:colcon.colcon_core.package_identification:_identify(src) by extension 'cmake'
[0.290s] Level 1:colcon.colcon_core.package_identification:_identify(src) by extension 'python'
[0.290s] Level 1:colcon.colcon_core.package_identification:_identify(src) by extensions ['python_setup_py']
[0.290s] Level 1:colcon.colcon_core.package_identification:_identify(src) by extension 'python_setup_py'
[0.290s] Level 1:colcon.colcon_core.package_identification:_identify(src/cpp01_launch) by extensions ['ignore', 'ignore_ament_install']
[0.290s] Level 1:colcon.colcon_core.package_identification:_identify(src/cpp01_launch) by extension 'ignore'
[0.290s] Level 1:colcon.colcon_core.package_identification:_identify(src/cpp01_launch) by extension 'ignore_ament_install'
[0.290s] Level 1:colcon.colcon_core.package_identification:_identify(src/cpp01_launch) by extensions ['colcon_pkg']
[0.290s] Level 1:colcon.colcon_core.package_identification:_identify(src/cpp01_launch) by extension 'colcon_pkg'
[0.290s] Level 1:colcon.colcon_core.package_identification:_identify(src/cpp01_launch) by extensions ['colcon_meta']
[0.290s] Level 1:colcon.colcon_core.package_identification:_identify(src/cpp01_launch) by extension 'colcon_meta'
[0.290s] Level 1:colcon.colcon_core.package_identification:_identify(src/cpp01_launch) by extensions ['ros']
[0.290s] Level 1:colcon.colcon_core.package_identification:_identify(src/cpp01_launch) by extension 'ros'
[0.292s] DEBUG:colcon.colcon_core.package_identification:Package 'src/cpp01_launch' with type 'ros.ament_cmake' and name 'cpp01_launch'
[0.292s] Level 1:colcon.colcon_core.package_identification:_identify(src/cpp02_rosbag) by extensions ['ignore', 'ignore_ament_install']
[0.293s] Level 1:colcon.colcon_core.package_identification:_identify(src/cpp02_rosbag) by extension 'ignore'
[0.293s] Level 1:colcon.colcon_core.package_identification:_identify(src/cpp02_rosbag) by extension 'ignore_ament_install'
[0.293s] Level 1:colcon.colcon_core.package_identification:_identify(src/cpp02_rosbag) by extensions ['colcon_pkg']
[0.293s] Level 1:colcon.colcon_core.package_identification:_identify(src/cpp02_rosbag) by extension 'colcon_pkg'
[0.293s] Level 1:colcon.colcon_core.package_identification:_identify(src/cpp02_rosbag) by extensions ['colcon_meta']
[0.293s] Level 1:colcon.colcon_core.package_identification:_identify(src/cpp02_rosbag) by extension 'colcon_meta'
[0.293s] Level 1:colcon.colcon_core.package_identification:_identify(src/cpp02_rosbag) by extensions ['ros']
[0.293s] Level 1:colcon.colcon_core.package_identification:_identify(src/cpp02_rosbag) by extension 'ros'
[0.294s] DEBUG:colcon.colcon_core.package_identification:Package 'src/cpp02_rosbag' with type 'ros.ament_cmake' and name 'cpp02_rosbag'
[0.294s] Level 1:colcon.colcon_core.package_identification:_identify(src/cpp03_tf_broadcaster) by extensions ['ignore', 'ignore_ament_install']
[0.294s] Level 1:colcon.colcon_core.package_identification:_identify(src/cpp03_tf_broadcaster) by extension 'ignore'
[0.294s] Level 1:colcon.colcon_core.package_identification:_identify(src/cpp03_tf_broadcaster) by extension 'ignore_ament_install'
[0.294s] Level 1:colcon.colcon_core.package_identification:_identify(src/cpp03_tf_broadcaster) by extensions ['colcon_pkg']
[0.294s] Level 1:colcon.colcon_core.package_identification:_identify(src/cpp03_tf_broadcaster) by extension 'colcon_pkg'
[0.294s] Level 1:colcon.colcon_core.package_identification:_identify(src/cpp03_tf_broadcaster) by extensions ['colcon_meta']
[0.294s] Level 1:colcon.colcon_core.package_identification:_identify(src/cpp03_tf_broadcaster) by extension 'colcon_meta'
[0.294s] Level 1:colcon.colcon_core.package_identification:_identify(src/cpp03_tf_broadcaster) by extensions ['ros']
[0.294s] Level 1:colcon.colcon_core.package_identification:_identify(src/cpp03_tf_broadcaster) by extension 'ros'
[0.295s] DEBUG:colcon.colcon_core.package_identification:Package 'src/cpp03_tf_broadcaster' with type 'ros.ament_cmake' and name 'cpp03_tf_broadcaster'
[0.295s] Level 1:colcon.colcon_core.package_identification:_identify(src/cpp04_tf_listener) by extensions ['ignore', 'ignore_ament_install']
[0.295s] Level 1:colcon.colcon_core.package_identification:_identify(src/cpp04_tf_listener) by extension 'ignore'
[0.295s] Level 1:colcon.colcon_core.package_identification:_identify(src/cpp04_tf_listener) by extension 'ignore_ament_install'
[0.295s] Level 1:colcon.colcon_core.package_identification:_identify(src/cpp04_tf_listener) by extensions ['colcon_pkg']
[0.295s] Level 1:colcon.colcon_core.package_identification:_identify(src/cpp04_tf_listener) by extension 'colcon_pkg'
[0.295s] Level 1:colcon.colcon_core.package_identification:_identify(src/cpp04_tf_listener) by extensions ['colcon_meta']
[0.295s] Level 1:colcon.colcon_core.package_identification:_identify(src/cpp04_tf_listener) by extension 'colcon_meta'
[0.295s] Level 1:colcon.colcon_core.package_identification:_identify(src/cpp04_tf_listener) by extensions ['ros']
[0.295s] Level 1:colcon.colcon_core.package_identification:_identify(src/cpp04_tf_listener) by extension 'ros'
[0.296s] DEBUG:colcon.colcon_core.package_identification:Package 'src/cpp04_tf_listener' with type 'ros.ament_cmake' and name 'cpp04_tf_listener'
[0.296s] Level 1:colcon.colcon_core.package_identification:_identify(src/cpp05_exercise) by extensions ['ignore', 'ignore_ament_install']
[0.296s] Level 1:colcon.colcon_core.package_identification:_identify(src/cpp05_exercise) by extension 'ignore'
[0.296s] Level 1:colcon.colcon_core.package_identification:_identify(src/cpp05_exercise) by extension 'ignore_ament_install'
[0.296s] Level 1:colcon.colcon_core.package_identification:_identify(src/cpp05_exercise) by extensions ['colcon_pkg']
[0.296s] Level 1:colcon.colcon_core.package_identification:_identify(src/cpp05_exercise) by extension 'colcon_pkg'
[0.296s] Level 1:colcon.colcon_core.package_identification:_identify(src/cpp05_exercise) by extensions ['colcon_meta']
[0.296s] Level 1:colcon.colcon_core.package_identification:_identify(src/cpp05_exercise) by extension 'colcon_meta'
[0.296s] Level 1:colcon.colcon_core.package_identification:_identify(src/cpp05_exercise) by extensions ['ros']
[0.296s] Level 1:colcon.colcon_core.package_identification:_identify(src/cpp05_exercise) by extension 'ros'
[0.297s] DEBUG:colcon.colcon_core.package_identification:Package 'src/cpp05_exercise' with type 'ros.ament_cmake' and name 'cpp05_exercise'
[0.297s] Level 1:colcon.colcon_core.package_identification:_identify(src/cpp06_urdf) by extensions ['ignore', 'ignore_ament_install']
[0.297s] Level 1:colcon.colcon_core.package_identification:_identify(src/cpp06_urdf) by extension 'ignore'
[0.297s] Level 1:colcon.colcon_core.package_identification:_identify(src/cpp06_urdf) by extension 'ignore_ament_install'
[0.297s] Level 1:colcon.colcon_core.package_identification:_identify(src/cpp06_urdf) by extensions ['colcon_pkg']
[0.297s] Level 1:colcon.colcon_core.package_identification:_identify(src/cpp06_urdf) by extension 'colcon_pkg'
[0.297s] Level 1:colcon.colcon_core.package_identification:_identify(src/cpp06_urdf) by extensions ['colcon_meta']
[0.297s] Level 1:colcon.colcon_core.package_identification:_identify(src/cpp06_urdf) by extension 'colcon_meta'
[0.297s] Level 1:colcon.colcon_core.package_identification:_identify(src/cpp06_urdf) by extensions ['ros']
[0.297s] Level 1:colcon.colcon_core.package_identification:_identify(src/cpp06_urdf) by extension 'ros'
[0.298s] DEBUG:colcon.colcon_core.package_identification:Package 'src/cpp06_urdf' with type 'ros.ament_cmake' and name 'cpp06_urdf'
[0.298s] Level 1:colcon.colcon_core.package_identification:_identify(src/py01_launch) by extensions ['ignore', 'ignore_ament_install']
[0.298s] Level 1:colcon.colcon_core.package_identification:_identify(src/py01_launch) by extension 'ignore'
[0.298s] Level 1:colcon.colcon_core.package_identification:_identify(src/py01_launch) by extension 'ignore_ament_install'
[0.298s] Level 1:colcon.colcon_core.package_identification:_identify(src/py01_launch) by extensions ['colcon_pkg']
[0.298s] Level 1:colcon.colcon_core.package_identification:_identify(src/py01_launch) by extension 'colcon_pkg'
[0.298s] Level 1:colcon.colcon_core.package_identification:_identify(src/py01_launch) by extensions ['colcon_meta']
[0.298s] Level 1:colcon.colcon_core.package_identification:_identify(src/py01_launch) by extension 'colcon_meta'
[0.298s] Level 1:colcon.colcon_core.package_identification:_identify(src/py01_launch) by extensions ['ros']
[0.298s] Level 1:colcon.colcon_core.package_identification:_identify(src/py01_launch) by extension 'ros'
[0.299s] DEBUG:colcon.colcon_core.package_identification:Package 'src/py01_launch' with type 'ros.ament_python' and name 'py01_launch'
[0.299s] Level 1:colcon.colcon_core.package_identification:_identify(src/py02_rosbag) by extensions ['ignore', 'ignore_ament_install']
[0.299s] Level 1:colcon.colcon_core.package_identification:_identify(src/py02_rosbag) by extension 'ignore'
[0.299s] Level 1:colcon.colcon_core.package_identification:_identify(src/py02_rosbag) by extension 'ignore_ament_install'
[0.299s] Level 1:colcon.colcon_core.package_identification:_identify(src/py02_rosbag) by extensions ['colcon_pkg']
[0.299s] Level 1:colcon.colcon_core.package_identification:_identify(src/py02_rosbag) by extension 'colcon_pkg'
[0.299s] Level 1:colcon.colcon_core.package_identification:_identify(src/py02_rosbag) by extensions ['colcon_meta']
[0.299s] Level 1:colcon.colcon_core.package_identification:_identify(src/py02_rosbag) by extension 'colcon_meta'
[0.299s] Level 1:colcon.colcon_core.package_identification:_identify(src/py02_rosbag) by extensions ['ros']
[0.299s] Level 1:colcon.colcon_core.package_identification:_identify(src/py02_rosbag) by extension 'ros'
[0.300s] DEBUG:colcon.colcon_core.package_identification:Package 'src/py02_rosbag' with type 'ros.ament_python' and name 'py02_rosbag'
[0.300s] Level 1:colcon.colcon_core.package_discovery:discover_packages(recursive) using defaults
[0.300s] Level 1:colcon.colcon_core.package_discovery:discover_packages(ignore) discover
[0.300s] Level 1:colcon.colcon_core.package_discovery:discover_packages(ignore) using defaults
[0.300s] Level 1:colcon.colcon_core.package_discovery:discover_packages(path) discover
[0.300s] Level 1:colcon.colcon_core.package_discovery:discover_packages(path) using defaults
[0.319s] INFO:colcon.colcon_core.package_selection:Skipping not selected package 'cpp01_launch' in 'src/cpp01_launch'
[0.319s] INFO:colcon.colcon_core.package_selection:Skipping not selected package 'cpp02_rosbag' in 'src/cpp02_rosbag'
[0.319s] INFO:colcon.colcon_core.package_selection:Skipping not selected package 'cpp03_tf_broadcaster' in 'src/cpp03_tf_broadcaster'
[0.319s] INFO:colcon.colcon_core.package_selection:Skipping not selected package 'cpp04_tf_listener' in 'src/cpp04_tf_listener'
[0.319s] INFO:colcon.colcon_core.package_selection:Skipping not selected package 'cpp05_exercise' in 'src/cpp05_exercise'
[0.319s] INFO:colcon.colcon_core.package_selection:Skipping not selected package 'py01_launch' in 'src/py01_launch'
[0.319s] INFO:colcon.colcon_core.package_selection:Skipping not selected package 'py02_rosbag' in 'src/py02_rosbag'
[0.319s] Level 1:colcon.colcon_core.package_discovery:discover_packages(prefix_path) check parameters
[0.319s] Level 1:colcon.colcon_core.package_discovery:discover_packages(prefix_path) discover
[0.321s] DEBUG:colcon.colcon_installed_package_information.package_discovery:Found 285 installed packages in /opt/ros/humble
[0.332s] Level 1:colcon.colcon_core.package_discovery:discover_packages(prefix_path) using defaults
[0.367s] Level 5:colcon.colcon_core.verb:set package 'cpp06_urdf' build argument 'cmake_args' from command line to 'None'
[0.367s] Level 5:colcon.colcon_core.verb:set package 'cpp06_urdf' build argument 'cmake_target' from command line to 'None'
[0.367s] Level 5:colcon.colcon_core.verb:set package 'cpp06_urdf' build argument 'cmake_target_skip_unavailable' from command line to 'False'
[0.367s] Level 5:colcon.colcon_core.verb:set package 'cpp06_urdf' build argument 'cmake_clean_cache' from command line to 'False'
[0.367s] Level 5:colcon.colcon_core.verb:set package 'cpp06_urdf' build argument 'cmake_clean_first' from command line to 'False'
[0.367s] Level 5:colcon.colcon_core.verb:set package 'cpp06_urdf' build argument 'cmake_force_configure' from command line to 'False'
[0.367s] Level 5:colcon.colcon_core.verb:set package 'cpp06_urdf' build argument 'ament_cmake_args' from command line to 'None'
[0.367s] Level 5:colcon.colcon_core.verb:set package 'cpp06_urdf' build argument 'catkin_cmake_args' from command line to 'None'
[0.367s] Level 5:colcon.colcon_core.verb:set package 'cpp06_urdf' build argument 'catkin_skip_building_tests' from command line to 'False'
[0.367s] DEBUG:colcon.colcon_core.verb:Building package 'cpp06_urdf' with the following arguments: {'ament_cmake_args': None, 'build_base': '/home/cl/CLionProjects/ws02_tools/build/cpp06_urdf', 'catkin_cmake_args': None, 'catkin_skip_building_tests': False, 'cmake_args': None, 'cmake_clean_cache': False, 'cmake_clean_first': False, 'cmake_force_configure': False, 'cmake_target': None, 'cmake_target_skip_unavailable': False, 'install_base': '/home/cl/CLionProjects/ws02_tools/install/cpp06_urdf', 'merge_install': False, 'path': '/home/cl/CLionProjects/ws02_tools/src/cpp06_urdf', 'symlink_install': False, 'test_result_base': None}
[0.367s] INFO:colcon.colcon_core.executor:Executing jobs using 'parallel' executor
[0.368s] DEBUG:colcon.colcon_parallel_executor.executor.parallel:run_until_complete
[0.368s] INFO:colcon.colcon_ros.task.ament_cmake.build:Building ROS package in '/home/cl/CLionProjects/ws02_tools/src/cpp06_urdf' with build type 'ament_cmake'
[0.368s] INFO:colcon.colcon_cmake.task.cmake.build:Building CMake package in '/home/cl/CLionProjects/ws02_tools/src/cpp06_urdf'
[0.370s] INFO:colcon.colcon_core.plugin_system:Skipping extension 'colcon_core.shell.bat': Not used on non-Windows systems
[0.370s] INFO:colcon.colcon_core.shell:Skip shell extension 'powershell' for command environment: Not usable outside of PowerShell
[0.370s] DEBUG:colcon.colcon_core.shell:Skip shell extension 'dsv' for command environment
[0.376s] DEBUG:colcon.colcon_core.event_handler.log_command:Invoking command in '/home/cl/CLionProjects/ws02_tools/build/cpp06_urdf': CMAKE_PREFIX_PATH=/opt/ros/humble CONDA_PROMPT_MODIFIER=(base) /usr/bin/cmake /home/cl/CLionProjects/ws02_tools/src/cpp06_urdf -DCMAKE_INSTALL_PREFIX=/home/cl/CLionProjects/ws02_tools/install/cpp06_urdf
[1.135s] DEBUG:colcon.colcon_core.event_handler.log_command:Invoked command in '/home/cl/CLionProjects/ws02_tools/build/cpp06_urdf' returned '0': CMAKE_PREFIX_PATH=/opt/ros/humble CONDA_PROMPT_MODIFIER=(base) /usr/bin/cmake /home/cl/CLionProjects/ws02_tools/src/cpp06_urdf -DCMAKE_INSTALL_PREFIX=/home/cl/CLionProjects/ws02_tools/install/cpp06_urdf
[1.137s] DEBUG:colcon.colcon_core.event_handler.log_command:Invoking command in '/home/cl/CLionProjects/ws02_tools/build/cpp06_urdf': CMAKE_PREFIX_PATH=/opt/ros/humble CONDA_PROMPT_MODIFIER=(base) /usr/bin/cmake --build /home/cl/CLionProjects/ws02_tools/build/cpp06_urdf -- -j8 -l8
[1.168s] DEBUG:colcon.colcon_core.event_handler.log_command:Invoked command in '/home/cl/CLionProjects/ws02_tools/build/cpp06_urdf' returned '0': CMAKE_PREFIX_PATH=/opt/ros/humble CONDA_PROMPT_MODIFIER=(base) /usr/bin/cmake --build /home/cl/CLionProjects/ws02_tools/build/cpp06_urdf -- -j8 -l8
[1.177s] DEBUG:colcon.colcon_core.event_handler.log_command:Invoking command in '/home/cl/CLionProjects/ws02_tools/build/cpp06_urdf': CMAKE_PREFIX_PATH=/opt/ros/humble CONDA_PROMPT_MODIFIER=(base) /usr/bin/cmake --install /home/cl/CLionProjects/ws02_tools/build/cpp06_urdf
[1.187s] Level 1:colcon.colcon_core.environment:create_environment_scripts_only(cpp06_urdf)
[1.188s] DEBUG:colcon.colcon_core.event_handler.log_command:Invoked command in '/home/cl/CLionProjects/ws02_tools/build/cpp06_urdf' returned '0': CMAKE_PREFIX_PATH=/opt/ros/humble CONDA_PROMPT_MODIFIER=(base) /usr/bin/cmake --install /home/cl/CLionProjects/ws02_tools/build/cpp06_urdf
[1.190s] Level 1:colcon.colcon_core.environment:checking '/home/cl/CLionProjects/ws02_tools/install/cpp06_urdf' for CMake module files
[1.190s] Level 1:colcon.colcon_core.environment:checking '/home/cl/CLionProjects/ws02_tools/install/cpp06_urdf' for CMake config files
[1.190s] Level 1:colcon.colcon_core.shell:create_environment_hook('cpp06_urdf', 'cmake_prefix_path')
[1.191s] INFO:colcon.colcon_core.shell:Creating environment hook '/home/cl/CLionProjects/ws02_tools/install/cpp06_urdf/share/cpp06_urdf/hook/cmake_prefix_path.ps1'
[1.191s] INFO:colcon.colcon_core.shell:Creating environment descriptor '/home/cl/CLionProjects/ws02_tools/install/cpp06_urdf/share/cpp06_urdf/hook/cmake_prefix_path.dsv'
[1.192s] INFO:colcon.colcon_core.shell:Creating environment hook '/home/cl/CLionProjects/ws02_tools/install/cpp06_urdf/share/cpp06_urdf/hook/cmake_prefix_path.sh'
[1.193s] Level 1:colcon.colcon_core.environment:checking '/home/cl/CLionProjects/ws02_tools/install/cpp06_urdf/bin'
[1.193s] Level 1:colcon.colcon_core.environment:checking '/home/cl/CLionProjects/ws02_tools/install/cpp06_urdf/lib/pkgconfig/cpp06_urdf.pc'
[1.193s] Level 1:colcon.colcon_core.environment:checking '/home/cl/CLionProjects/ws02_tools/install/cpp06_urdf/lib/python3.10/site-packages'
[1.193s] Level 1:colcon.colcon_core.environment:checking '/home/cl/CLionProjects/ws02_tools/install/cpp06_urdf/bin'
[1.194s] INFO:colcon.colcon_core.shell:Creating package script '/home/cl/CLionProjects/ws02_tools/install/cpp06_urdf/share/cpp06_urdf/package.ps1'
[1.194s] INFO:colcon.colcon_core.shell:Creating package descriptor '/home/cl/CLionProjects/ws02_tools/install/cpp06_urdf/share/cpp06_urdf/package.dsv'
[1.195s] INFO:colcon.colcon_core.shell:Creating package script '/home/cl/CLionProjects/ws02_tools/install/cpp06_urdf/share/cpp06_urdf/package.sh'
[1.195s] INFO:colcon.colcon_core.shell:Creating package script '/home/cl/CLionProjects/ws02_tools/install/cpp06_urdf/share/cpp06_urdf/package.bash'
[1.196s] INFO:colcon.colcon_core.shell:Creating package script '/home/cl/CLionProjects/ws02_tools/install/cpp06_urdf/share/cpp06_urdf/package.zsh'
[1.197s] Level 1:colcon.colcon_core.environment:create_file_with_runtime_dependencies(/home/cl/CLionProjects/ws02_tools/install/cpp06_urdf/share/colcon-core/packages/cpp06_urdf)
[1.198s] Level 1:colcon.colcon_core.environment:create_environment_scripts_only(cpp06_urdf)
[1.198s] Level 1:colcon.colcon_core.environment:checking '/home/cl/CLionProjects/ws02_tools/install/cpp06_urdf' for CMake module files
[1.199s] Level 1:colcon.colcon_core.environment:checking '/home/cl/CLionProjects/ws02_tools/install/cpp06_urdf' for CMake config files
[1.199s] Level 1:colcon.colcon_core.shell:create_environment_hook('cpp06_urdf', 'cmake_prefix_path')
[1.200s] INFO:colcon.colcon_core.shell:Creating environment hook '/home/cl/CLionProjects/ws02_tools/install/cpp06_urdf/share/cpp06_urdf/hook/cmake_prefix_path.ps1'
[1.200s] INFO:colcon.colcon_core.shell:Creating environment descriptor '/home/cl/CLionProjects/ws02_tools/install/cpp06_urdf/share/cpp06_urdf/hook/cmake_prefix_path.dsv'
[1.200s] INFO:colcon.colcon_core.shell:Creating environment hook '/home/cl/CLionProjects/ws02_tools/install/cpp06_urdf/share/cpp06_urdf/hook/cmake_prefix_path.sh'
[1.201s] Level 1:colcon.colcon_core.environment:checking '/home/cl/CLionProjects/ws02_tools/install/cpp06_urdf/bin'
[1.201s] Level 1:colcon.colcon_core.environment:checking '/home/cl/CLionProjects/ws02_tools/install/cpp06_urdf/lib/pkgconfig/cpp06_urdf.pc'
[1.201s] Level 1:colcon.colcon_core.environment:checking '/home/cl/CLionProjects/ws02_tools/install/cpp06_urdf/lib/python3.10/site-packages'
[1.201s] Level 1:colcon.colcon_core.environment:checking '/home/cl/CLionProjects/ws02_tools/install/cpp06_urdf/bin'
[1.202s] INFO:colcon.colcon_core.shell:Creating package script '/home/cl/CLionProjects/ws02_tools/install/cpp06_urdf/share/cpp06_urdf/package.ps1'
[1.202s] INFO:colcon.colcon_core.shell:Creating package descriptor '/home/cl/CLionProjects/ws02_tools/install/cpp06_urdf/share/cpp06_urdf/package.dsv'
[1.202s] INFO:colcon.colcon_core.shell:Creating package script '/home/cl/CLionProjects/ws02_tools/install/cpp06_urdf/share/cpp06_urdf/package.sh'
[1.203s] INFO:colcon.colcon_core.shell:Creating package script '/home/cl/CLionProjects/ws02_tools/install/cpp06_urdf/share/cpp06_urdf/package.bash'
[1.203s] INFO:colcon.colcon_core.shell:Creating package script '/home/cl/CLionProjects/ws02_tools/install/cpp06_urdf/share/cpp06_urdf/package.zsh'
[1.203s] Level 1:colcon.colcon_core.environment:create_file_with_runtime_dependencies(/home/cl/CLionProjects/ws02_tools/install/cpp06_urdf/share/colcon-core/packages/cpp06_urdf)
[1.204s] DEBUG:colcon.colcon_parallel_executor.executor.parallel:closing loop
[1.204s] DEBUG:colcon.colcon_parallel_executor.executor.parallel:loop closed
[1.204s] DEBUG:colcon.colcon_parallel_executor.executor.parallel:run_until_complete finished with '0'
[1.204s] DEBUG:colcon.colcon_core.event_reactor:joining thread
[1.209s] INFO:colcon.colcon_core.plugin_system:Skipping extension 'colcon_notification.desktop_notification.terminal_notifier': Not used on non-Darwin systems
[1.209s] INFO:colcon.colcon_core.plugin_system:Skipping extension 'colcon_notification.desktop_notification.win32': Not used on non-Windows systems
[1.209s] INFO:colcon.colcon_notification.desktop_notification:Sending desktop notification using 'notify2'
[1.217s] DEBUG:colcon.colcon_core.event_reactor:joined thread
[1.217s] INFO:colcon.colcon_core.shell:Creating prefix script '/home/cl/CLionProjects/ws02_tools/install/local_setup.ps1'
[1.218s] INFO:colcon.colcon_core.shell:Creating prefix util module '/home/cl/CLionProjects/ws02_tools/install/_local_setup_util_ps1.py'
[1.219s] INFO:colcon.colcon_core.shell:Creating prefix chain script '/home/cl/CLionProjects/ws02_tools/install/setup.ps1'
[1.220s] INFO:colcon.colcon_core.shell:Creating prefix script '/home/cl/CLionProjects/ws02_tools/install/local_setup.sh'
[1.221s] INFO:colcon.colcon_core.shell:Creating prefix util module '/home/cl/CLionProjects/ws02_tools/install/_local_setup_util_sh.py'
[1.222s] INFO:colcon.colcon_core.shell:Creating prefix chain script '/home/cl/CLionProjects/ws02_tools/install/setup.sh'
[1.223s] INFO:colcon.colcon_core.shell:Creating prefix script '/home/cl/CLionProjects/ws02_tools/install/local_setup.bash'
[1.223s] INFO:colcon.colcon_core.shell:Creating prefix chain script '/home/cl/CLionProjects/ws02_tools/install/setup.bash'
[1.224s] INFO:colcon.colcon_core.shell:Creating prefix script '/home/cl/CLionProjects/ws02_tools/install/local_setup.zsh'
[1.224s] INFO:colcon.colcon_core.shell:Creating prefix chain script '/home/cl/CLionProjects/ws02_tools/install/setup.zsh'
