[0.013s] Invoking command in '/home/cl/CLionProjects/ws02_tools/build/cpp01_launch': CMAKE_PREFIX_PATH=${CMAKE_PREFIX_PATH}:/home/cl/CLionProjects/ws02_tools/install/py01_launch:/opt/ros/humble CONDA_PROMPT_MODIFIER=(base) /usr/bin/cmake --build /home/cl/CLionProjects/ws02_tools/build/cpp01_launch -- -j8 -l8
[0.279s] Invoked command in '/home/cl/CLionProjects/ws02_tools/build/cpp01_launch' returned '0': CMAKE_PREFIX_PATH=${CMAKE_PREFIX_PATH}:/home/cl/CLionProjects/ws02_tools/install/py01_launch:/opt/ros/humble CONDA_PROMPT_MODIFIER=(base) /usr/bin/cmake --build /home/cl/CLionProjects/ws02_tools/build/cpp01_launch -- -j8 -l8
[0.286s] Invoking command in '/home/cl/CLionProjects/ws02_tools/build/cpp01_launch': CMAKE_PREFIX_PATH=${CMAKE_PREFIX_PATH}:/home/cl/CLionProjects/ws02_tools/install/py01_launch:/opt/ros/humble CONDA_PROMPT_MODIFIER=(base) /usr/bin/cmake --install /home/cl/CLionProjects/ws02_tools/build/cpp01_launch
[0.294s] -- Install configuration: ""
[0.294s] -- Up-to-date: /home/cl/CLionProjects/ws02_tools/install/cpp01_launch/share/cpp01_launch/launch
[0.294s] -- Up-to-date: /home/cl/CLionProjects/ws02_tools/install/cpp01_launch/share/cpp01_launch/launch/py
[0.294s] -- Up-to-date: /home/cl/CLionProjects/ws02_tools/install/cpp01_launch/share/cpp01_launch/launch/py/py01_helloworld_launch.py
[0.294s] -- Up-to-date: /home/cl/CLionProjects/ws02_tools/install/cpp01_launch/share/cpp01_launch/launch/py/py02_node_launch.py
[0.295s] -- Installing: /home/cl/CLionProjects/ws02_tools/install/cpp01_launch/share/cpp01_launch/launch/py/py03_cmd_launch.py
[0.295s] -- Up-to-date: /home/cl/CLionProjects/ws02_tools/install/cpp01_launch/share/cpp01_launch/launch/yaml
[0.295s] -- Up-to-date: /home/cl/CLionProjects/ws02_tools/install/cpp01_launch/share/cpp01_launch/launch/yaml/yaml01_helloworld_launch.yaml
[0.295s] -- Up-to-date: /home/cl/CLionProjects/ws02_tools/install/cpp01_launch/share/cpp01_launch/launch/xml
[0.295s] -- Up-to-date: /home/cl/CLionProjects/ws02_tools/install/cpp01_launch/share/cpp01_launch/launch/xml/xml01_helloworld_launch.xml
[0.295s] -- Up-to-date: /home/cl/CLionProjects/ws02_tools/install/cpp01_launch/share/cpp01_launch/config
[0.295s] -- Up-to-date: /home/cl/CLionProjects/ws02_tools/install/cpp01_launch/share/cpp01_launch/config/haha.yaml
[0.295s] -- Up-to-date: /home/cl/CLionProjects/ws02_tools/install/cpp01_launch/share/ament_index/resource_index/package_run_dependencies/cpp01_launch
[0.295s] -- Up-to-date: /home/cl/CLionProjects/ws02_tools/install/cpp01_launch/share/ament_index/resource_index/parent_prefix_path/cpp01_launch
[0.296s] -- Up-to-date: /home/cl/CLionProjects/ws02_tools/install/cpp01_launch/share/cpp01_launch/environment/ament_prefix_path.sh
[0.296s] -- Up-to-date: /home/cl/CLionProjects/ws02_tools/install/cpp01_launch/share/cpp01_launch/environment/ament_prefix_path.dsv
[0.296s] -- Up-to-date: /home/cl/CLionProjects/ws02_tools/install/cpp01_launch/share/cpp01_launch/environment/path.sh
[0.296s] -- Up-to-date: /home/cl/CLionProjects/ws02_tools/install/cpp01_launch/share/cpp01_launch/environment/path.dsv
[0.296s] -- Up-to-date: /home/cl/CLionProjects/ws02_tools/install/cpp01_launch/share/cpp01_launch/local_setup.bash
[0.296s] -- Up-to-date: /home/cl/CLionProjects/ws02_tools/install/cpp01_launch/share/cpp01_launch/local_setup.sh
[0.297s] -- Up-to-date: /home/cl/CLionProjects/ws02_tools/install/cpp01_launch/share/cpp01_launch/local_setup.zsh
[0.297s] -- Up-to-date: /home/cl/CLionProjects/ws02_tools/install/cpp01_launch/share/cpp01_launch/local_setup.dsv
[0.297s] -- Installing: /home/cl/CLionProjects/ws02_tools/install/cpp01_launch/share/cpp01_launch/package.dsv
[0.297s] -- Up-to-date: /home/cl/CLionProjects/ws02_tools/install/cpp01_launch/share/ament_index/resource_index/packages/cpp01_launch
[0.298s] -- Up-to-date: /home/cl/CLionProjects/ws02_tools/install/cpp01_launch/share/cpp01_launch/cmake/cpp01_launchConfig.cmake
[0.298s] -- Up-to-date: /home/cl/CLionProjects/ws02_tools/install/cpp01_launch/share/cpp01_launch/cmake/cpp01_launchConfig-version.cmake
[0.298s] -- Up-to-date: /home/cl/CLionProjects/ws02_tools/install/cpp01_launch/share/cpp01_launch/package.xml
[0.298s] Invoked command in '/home/cl/CLionProjects/ws02_tools/build/cpp01_launch' returned '0': CMAKE_PREFIX_PATH=${CMAKE_PREFIX_PATH}:/home/cl/CLionProjects/ws02_tools/install/py01_launch:/opt/ros/humble CONDA_PROMPT_MODIFIER=(base) /usr/bin/cmake --install /home/cl/CLionProjects/ws02_tools/build/cpp01_launch
