[0.024s] Invoking command in '/home/cl/CLionProjects/ws02_tools/build/cpp03_tf_broadcaster': CMAKE_PREFIX_PATH=/opt/ros/humble CONDA_PROMPT_MODIFIER=(base) /usr/bin/cmake --build /home/cl/CLionProjects/ws02_tools/build/cpp03_tf_broadcaster -- -j8 -l8
[0.326s] -- Found ament_cmake: 1.3.11 (/opt/ros/humble/share/ament_cmake/cmake)
[0.326s] -- Found rclcpp: 16.0.11 (/opt/ros/humble/share/rclcpp/cmake)
[0.326s] -- Found rosidl_generator_c: 3.1.6 (/opt/ros/humble/share/rosidl_generator_c/cmake)
[0.326s] -- Found rosidl_adapter: 3.1.6 (/opt/ros/humble/share/rosidl_adapter/cmake)
[0.327s] -- Found rosidl_generator_cpp: 3.1.6 (/opt/ros/humble/share/rosidl_generator_cpp/cmake)
[0.327s] -- Using all available rosidl_typesupport_c: rosidl_typesupport_fastrtps_c;rosidl_typesupport_introspection_c
[0.327s] -- Using all available rosidl_typesupport_cpp: rosidl_typesupport_fastrtps_cpp;rosidl_typesupport_introspection_cpp
[0.327s] -- Found rmw_implementation_cmake: 6.1.2 (/opt/ros/humble/share/rmw_implementation_cmake/cmake)
[0.327s] -- Found rmw_fastrtps_cpp: 6.2.7 (/opt/ros/humble/share/rmw_fastrtps_cpp/cmake)
[0.411s] -- Using RMW implementation 'rmw_fastrtps_cpp' as default
[0.468s] -- Found tf2: 0.25.12 (/opt/ros/humble/share/tf2/cmake)
[0.487s] -- Found tf2_ros: 0.25.12 (/opt/ros/humble/share/tf2_ros/cmake)
[0.575s] -- Found turtlesim: 1.4.2 (/opt/ros/humble/share/turtlesim/cmake)
[0.594s] -- Found ament_lint_auto: 0.12.11 (/opt/ros/humble/share/ament_lint_auto/cmake)
[0.722s] -- Added test 'cppcheck' to perform static code analysis on C / C++ code
[0.723s] -- Configured cppcheck include dirs: $<BUILD_INTERFACE:/home/cl/CLionProjects/ws02_tools/src/cpp03_tf_broadcaster/include>
[0.723s] -- Configured cppcheck exclude dirs and/or files: 
[0.724s] -- Added test 'lint_cmake' to check CMake code style
[0.725s] -- Added test 'uncrustify' to check C / C++ code style
[0.725s] -- Configured uncrustify additional arguments: 
[0.725s] -- Added test 'xmllint' to check XML markup files
[0.727s] -- Configuring done
[0.761s] -- Generating done
[0.777s] -- Build files have been written to: /home/cl/CLionProjects/ws02_tools/build/cpp03_tf_broadcaster
[0.814s] [35m[1mConsolidate compiler generated dependencies of target demo02_dynamic_tf_broadcaster[0m
[0.817s] [35m[1mConsolidate compiler generated dependencies of target demo03_point_tf_broadcaster[0m
[0.818s] [35m[1mConsolidate compiler generated dependencies of target demo01_static_tf_broadcaster[0m
[0.838s] [ 33%] Built target demo02_dynamic_tf_broadcaster
[0.843s] [ 66%] Built target demo03_point_tf_broadcaster
[0.843s] [100%] Built target demo01_static_tf_broadcaster
[0.855s] Invoked command in '/home/cl/CLionProjects/ws02_tools/build/cpp03_tf_broadcaster' returned '0': CMAKE_PREFIX_PATH=/opt/ros/humble CONDA_PROMPT_MODIFIER=(base) /usr/bin/cmake --build /home/cl/CLionProjects/ws02_tools/build/cpp03_tf_broadcaster -- -j8 -l8
[0.858s] Invoking command in '/home/cl/CLionProjects/ws02_tools/build/cpp03_tf_broadcaster': CMAKE_PREFIX_PATH=/opt/ros/humble CONDA_PROMPT_MODIFIER=(base) /usr/bin/cmake --install /home/cl/CLionProjects/ws02_tools/build/cpp03_tf_broadcaster
[0.867s] -- Install configuration: ""
[0.867s] -- Up-to-date: /home/cl/CLionProjects/ws02_tools/install/cpp03_tf_broadcaster/lib/cpp03_tf_broadcaster/demo01_static_tf_broadcaster
[0.867s] -- Up-to-date: /home/cl/CLionProjects/ws02_tools/install/cpp03_tf_broadcaster/lib/cpp03_tf_broadcaster/demo02_dynamic_tf_broadcaster
[0.867s] -- Up-to-date: /home/cl/CLionProjects/ws02_tools/install/cpp03_tf_broadcaster/lib/cpp03_tf_broadcaster/demo03_point_tf_broadcaster
[0.867s] -- Up-to-date: /home/cl/CLionProjects/ws02_tools/install/cpp03_tf_broadcaster/share/ament_index/resource_index/package_run_dependencies/cpp03_tf_broadcaster
[0.868s] -- Installing: /home/cl/CLionProjects/ws02_tools/install/cpp03_tf_broadcaster/share/ament_index/resource_index/parent_prefix_path/cpp03_tf_broadcaster
[0.868s] -- Up-to-date: /home/cl/CLionProjects/ws02_tools/install/cpp03_tf_broadcaster/share/cpp03_tf_broadcaster/environment/ament_prefix_path.sh
[0.868s] -- Installing: /home/cl/CLionProjects/ws02_tools/install/cpp03_tf_broadcaster/share/cpp03_tf_broadcaster/environment/ament_prefix_path.dsv
[0.868s] -- Up-to-date: /home/cl/CLionProjects/ws02_tools/install/cpp03_tf_broadcaster/share/cpp03_tf_broadcaster/environment/path.sh
[0.868s] -- Installing: /home/cl/CLionProjects/ws02_tools/install/cpp03_tf_broadcaster/share/cpp03_tf_broadcaster/environment/path.dsv
[0.868s] -- Up-to-date: /home/cl/CLionProjects/ws02_tools/install/cpp03_tf_broadcaster/share/cpp03_tf_broadcaster/local_setup.bash
[0.868s] -- Up-to-date: /home/cl/CLionProjects/ws02_tools/install/cpp03_tf_broadcaster/share/cpp03_tf_broadcaster/local_setup.sh
[0.868s] -- Up-to-date: /home/cl/CLionProjects/ws02_tools/install/cpp03_tf_broadcaster/share/cpp03_tf_broadcaster/local_setup.zsh
[0.869s] -- Installing: /home/cl/CLionProjects/ws02_tools/install/cpp03_tf_broadcaster/share/cpp03_tf_broadcaster/local_setup.dsv
[0.869s] -- Installing: /home/cl/CLionProjects/ws02_tools/install/cpp03_tf_broadcaster/share/cpp03_tf_broadcaster/package.dsv
[0.869s] -- Up-to-date: /home/cl/CLionProjects/ws02_tools/install/cpp03_tf_broadcaster/share/ament_index/resource_index/packages/cpp03_tf_broadcaster
[0.869s] -- Up-to-date: /home/cl/CLionProjects/ws02_tools/install/cpp03_tf_broadcaster/share/cpp03_tf_broadcaster/cmake/cpp03_tf_broadcasterConfig.cmake
[0.869s] -- Up-to-date: /home/cl/CLionProjects/ws02_tools/install/cpp03_tf_broadcaster/share/cpp03_tf_broadcaster/cmake/cpp03_tf_broadcasterConfig-version.cmake
[0.869s] -- Up-to-date: /home/cl/CLionProjects/ws02_tools/install/cpp03_tf_broadcaster/share/cpp03_tf_broadcaster/package.xml
[0.871s] Invoked command in '/home/cl/CLionProjects/ws02_tools/build/cpp03_tf_broadcaster' returned '0': CMAKE_PREFIX_PATH=/opt/ros/humble CONDA_PROMPT_MODIFIER=(base) /usr/bin/cmake --install /home/cl/CLionProjects/ws02_tools/build/cpp03_tf_broadcaster
