[0.035s] Invoking command in '/home/cl/CLionProjects/ws02_tools/build/cpp05_exercise': CMAKE_PREFIX_PATH=${CMAKE_PREFIX_PATH}:/home/cl/CLionProjects/ws02_tools/install/py02_rosbag:/home/cl/CLionProjects/ws02_tools/install/py01_launch:/opt/ros/humble CONDA_PROMPT_MODIFIER=(base) /usr/bin/cmake --build /home/cl/CLionProjects/ws02_tools/build/cpp05_exercise -- -j8 -l8
[0.345s] -- Found ament_cmake: 1.3.11 (/opt/ros/humble/share/ament_cmake/cmake)
[0.346s] -- Found rclcpp: 16.0.11 (/opt/ros/humble/share/rclcpp/cmake)
[0.346s] -- Found rosidl_generator_c: 3.1.6 (/opt/ros/humble/share/rosidl_generator_c/cmake)
[0.346s] -- Found rosidl_adapter: 3.1.6 (/opt/ros/humble/share/rosidl_adapter/cmake)
[0.346s] -- Found rosidl_generator_cpp: 3.1.6 (/opt/ros/humble/share/rosidl_generator_cpp/cmake)
[0.346s] -- Using all available rosidl_typesupport_c: rosidl_typesupport_fastrtps_c;rosidl_typesupport_introspection_c
[0.346s] -- Using all available rosidl_typesupport_cpp: rosidl_typesupport_fastrtps_cpp;rosidl_typesupport_introspection_cpp
[0.346s] -- Found rmw_implementation_cmake: 6.1.2 (/opt/ros/humble/share/rmw_implementation_cmake/cmake)
[0.346s] -- Found rmw_fastrtps_cpp: 6.2.7 (/opt/ros/humble/share/rmw_fastrtps_cpp/cmake)
[0.448s] -- Using RMW implementation 'rmw_fastrtps_cpp' as default
[0.500s] -- Found tf2: 0.25.12 (/opt/ros/humble/share/tf2/cmake)
[0.518s] -- Found tf2_ros: 0.25.12 (/opt/ros/humble/share/tf2_ros/cmake)
[0.600s] -- Found turtlesim: 1.4.2 (/opt/ros/humble/share/turtlesim/cmake)
[0.618s] -- Found ament_lint_auto: 0.12.11 (/opt/ros/humble/share/ament_lint_auto/cmake)
[0.747s] -- Added test 'cppcheck' to perform static code analysis on C / C++ code
[0.748s] -- Configured cppcheck include dirs: 
[0.748s] -- Configured cppcheck exclude dirs and/or files: 
[0.748s] -- Added test 'flake8' to check Python code syntax and style conventions
[0.748s] -- Added test 'lint_cmake' to check CMake code style
[0.749s] -- Added test 'pep257' to check Python code against some of the docstring style conventions in PEP 257
[0.750s] -- Added test 'uncrustify' to check C / C++ code style
[0.750s] -- Configured uncrustify additional arguments: 
[0.750s] -- Added test 'xmllint' to check XML markup files
[0.751s] -- Configuring done
[0.774s] -- Generating done
[0.785s] -- Build files have been written to: /home/cl/CLionProjects/ws02_tools/build/cpp05_exercise
[0.814s] [35m[1mConsolidate compiler generated dependencies of target exer02_tf_broadcaster[0m
[0.815s] [35m[1mConsolidate compiler generated dependencies of target exer03_tf_listener[0m
[0.816s] [35m[1mConsolidate compiler generated dependencies of target exer01_spawn[0m
[0.835s] [ 16%] [32mBuilding CXX object CMakeFiles/exer03_tf_listener.dir/src/exer03_tf_listener.cpp.o[0m
[0.836s] [ 50%] Built target exer02_tf_broadcaster
[0.841s] [ 83%] Built target exer01_spawn
[5.921s] [100%] [32m[1mLinking CXX executable exer03_tf_listener[0m
[6.199s] [100%] Built target exer03_tf_listener
[6.212s] Invoked command in '/home/cl/CLionProjects/ws02_tools/build/cpp05_exercise' returned '0': CMAKE_PREFIX_PATH=${CMAKE_PREFIX_PATH}:/home/cl/CLionProjects/ws02_tools/install/py02_rosbag:/home/cl/CLionProjects/ws02_tools/install/py01_launch:/opt/ros/humble CONDA_PROMPT_MODIFIER=(base) /usr/bin/cmake --build /home/cl/CLionProjects/ws02_tools/build/cpp05_exercise -- -j8 -l8
[6.213s] Invoking command in '/home/cl/CLionProjects/ws02_tools/build/cpp05_exercise': CMAKE_PREFIX_PATH=${CMAKE_PREFIX_PATH}:/home/cl/CLionProjects/ws02_tools/install/py02_rosbag:/home/cl/CLionProjects/ws02_tools/install/py01_launch:/opt/ros/humble CONDA_PROMPT_MODIFIER=(base) /usr/bin/cmake --install /home/cl/CLionProjects/ws02_tools/build/cpp05_exercise
[6.221s] -- Install configuration: ""
[6.221s] -- Up-to-date: /home/cl/CLionProjects/ws02_tools/install/cpp05_exercise/lib/cpp05_exercise/exer01_spawn
[6.221s] -- Up-to-date: /home/cl/CLionProjects/ws02_tools/install/cpp05_exercise/lib/cpp05_exercise/exer02_tf_broadcaster
[6.222s] -- Installing: /home/cl/CLionProjects/ws02_tools/install/cpp05_exercise/lib/cpp05_exercise/exer03_tf_listener
[6.223s] -- Set runtime path of "/home/cl/CLionProjects/ws02_tools/install/cpp05_exercise/lib/cpp05_exercise/exer03_tf_listener" to ""
[6.223s] -- Up-to-date: /home/cl/CLionProjects/ws02_tools/install/cpp05_exercise/share/cpp05_exercise/launch
[6.223s] -- Up-to-date: /home/cl/CLionProjects/ws02_tools/install/cpp05_exercise/share/cpp05_exercise/launch/follow.launch.py
[6.223s] -- Up-to-date: /home/cl/CLionProjects/ws02_tools/install/cpp05_exercise/share/ament_index/resource_index/package_run_dependencies/cpp05_exercise
[6.223s] -- Installing: /home/cl/CLionProjects/ws02_tools/install/cpp05_exercise/share/ament_index/resource_index/parent_prefix_path/cpp05_exercise
[6.223s] -- Up-to-date: /home/cl/CLionProjects/ws02_tools/install/cpp05_exercise/share/cpp05_exercise/environment/ament_prefix_path.sh
[6.223s] -- Installing: /home/cl/CLionProjects/ws02_tools/install/cpp05_exercise/share/cpp05_exercise/environment/ament_prefix_path.dsv
[6.223s] -- Up-to-date: /home/cl/CLionProjects/ws02_tools/install/cpp05_exercise/share/cpp05_exercise/environment/path.sh
[6.224s] -- Installing: /home/cl/CLionProjects/ws02_tools/install/cpp05_exercise/share/cpp05_exercise/environment/path.dsv
[6.224s] -- Up-to-date: /home/cl/CLionProjects/ws02_tools/install/cpp05_exercise/share/cpp05_exercise/local_setup.bash
[6.224s] -- Up-to-date: /home/cl/CLionProjects/ws02_tools/install/cpp05_exercise/share/cpp05_exercise/local_setup.sh
[6.224s] -- Up-to-date: /home/cl/CLionProjects/ws02_tools/install/cpp05_exercise/share/cpp05_exercise/local_setup.zsh
[6.224s] -- Installing: /home/cl/CLionProjects/ws02_tools/install/cpp05_exercise/share/cpp05_exercise/local_setup.dsv
[6.224s] -- Installing: /home/cl/CLionProjects/ws02_tools/install/cpp05_exercise/share/cpp05_exercise/package.dsv
[6.224s] -- Up-to-date: /home/cl/CLionProjects/ws02_tools/install/cpp05_exercise/share/ament_index/resource_index/packages/cpp05_exercise
[6.224s] -- Up-to-date: /home/cl/CLionProjects/ws02_tools/install/cpp05_exercise/share/cpp05_exercise/cmake/cpp05_exerciseConfig.cmake
[6.224s] -- Up-to-date: /home/cl/CLionProjects/ws02_tools/install/cpp05_exercise/share/cpp05_exercise/cmake/cpp05_exerciseConfig-version.cmake
[6.224s] -- Up-to-date: /home/cl/CLionProjects/ws02_tools/install/cpp05_exercise/share/cpp05_exercise/package.xml
[6.226s] Invoked command in '/home/cl/CLionProjects/ws02_tools/build/cpp05_exercise' returned '0': CMAKE_PREFIX_PATH=${CMAKE_PREFIX_PATH}:/home/cl/CLionProjects/ws02_tools/install/py02_rosbag:/home/cl/CLionProjects/ws02_tools/install/py01_launch:/opt/ros/humble CONDA_PROMPT_MODIFIER=(base) /usr/bin/cmake --install /home/cl/CLionProjects/ws02_tools/build/cpp05_exercise
