[0.019s] Invoking command in '/home/cl/CLionProjects/ws02_tools/build/cpp01_launch': CMAKE_PREFIX_PATH=/opt/ros/humble CONDA_PROMPT_MODIFIER=(base) /usr/bin/cmake --build /home/cl/CLionProjects/ws02_tools/build/cpp01_launch -- -j8 -l8
[0.277s] Invoked command in '/home/cl/CLionProjects/ws02_tools/build/cpp01_launch' returned '0': CMAKE_PREFIX_PATH=/opt/ros/humble CONDA_PROMPT_MODIFIER=(base) /usr/bin/cmake --build /home/cl/CLionProjects/ws02_tools/build/cpp01_launch -- -j8 -l8
[0.285s] Invoking command in '/home/cl/CLionProjects/ws02_tools/build/cpp01_launch': CMAKE_PREFIX_PATH=/opt/ros/humble CONDA_PROMPT_MODIFIER=(base) /usr/bin/cmake --install /home/cl/CLionProjects/ws02_tools/build/cpp01_launch
[0.292s] -- Install configuration: ""
[0.292s] -- Up-to-date: /home/cl/CLionProjects/ws02_tools/install/cpp01_launch/share/cpp01_launch/launch
[0.292s] -- Up-to-date: /home/cl/CLionProjects/ws02_tools/install/cpp01_launch/share/cpp01_launch/launch/py
[0.292s] -- Up-to-date: /home/cl/CLionProjects/ws02_tools/install/cpp01_launch/share/cpp01_launch/launch/py/py01_helloworld_launch.py
[0.293s] -- Installing: /home/cl/CLionProjects/ws02_tools/install/cpp01_launch/share/cpp01_launch/launch/py/py02_node_launch.py
[0.293s] -- Up-to-date: /home/cl/CLionProjects/ws02_tools/install/cpp01_launch/share/cpp01_launch/launch/yaml
[0.293s] -- Up-to-date: /home/cl/CLionProjects/ws02_tools/install/cpp01_launch/share/cpp01_launch/launch/yaml/yaml01_helloworld_launch.yaml
[0.293s] -- Up-to-date: /home/cl/CLionProjects/ws02_tools/install/cpp01_launch/share/cpp01_launch/launch/xml
[0.293s] -- Up-to-date: /home/cl/CLionProjects/ws02_tools/install/cpp01_launch/share/cpp01_launch/launch/xml/xml01_helloworld_launch.xml
[0.293s] -- Up-to-date: /home/cl/CLionProjects/ws02_tools/install/cpp01_launch/share/ament_index/resource_index/package_run_dependencies/cpp01_launch
[0.293s] -- Up-to-date: /home/cl/CLionProjects/ws02_tools/install/cpp01_launch/share/ament_index/resource_index/parent_prefix_path/cpp01_launch
[0.293s] -- Up-to-date: /home/cl/CLionProjects/ws02_tools/install/cpp01_launch/share/cpp01_launch/environment/ament_prefix_path.sh
[0.293s] -- Up-to-date: /home/cl/CLionProjects/ws02_tools/install/cpp01_launch/share/cpp01_launch/environment/ament_prefix_path.dsv
[0.293s] -- Up-to-date: /home/cl/CLionProjects/ws02_tools/install/cpp01_launch/share/cpp01_launch/environment/path.sh
[0.293s] -- Up-to-date: /home/cl/CLionProjects/ws02_tools/install/cpp01_launch/share/cpp01_launch/environment/path.dsv
[0.294s] -- Up-to-date: /home/cl/CLionProjects/ws02_tools/install/cpp01_launch/share/cpp01_launch/local_setup.bash
[0.294s] -- Up-to-date: /home/cl/CLionProjects/ws02_tools/install/cpp01_launch/share/cpp01_launch/local_setup.sh
[0.294s] -- Up-to-date: /home/cl/CLionProjects/ws02_tools/install/cpp01_launch/share/cpp01_launch/local_setup.zsh
[0.294s] -- Up-to-date: /home/cl/CLionProjects/ws02_tools/install/cpp01_launch/share/cpp01_launch/local_setup.dsv
[0.294s] -- Installing: /home/cl/CLionProjects/ws02_tools/install/cpp01_launch/share/cpp01_launch/package.dsv
[0.294s] -- Up-to-date: /home/cl/CLionProjects/ws02_tools/install/cpp01_launch/share/ament_index/resource_index/packages/cpp01_launch
[0.294s] -- Up-to-date: /home/cl/CLionProjects/ws02_tools/install/cpp01_launch/share/cpp01_launch/cmake/cpp01_launchConfig.cmake
[0.294s] -- Up-to-date: /home/cl/CLionProjects/ws02_tools/install/cpp01_launch/share/cpp01_launch/cmake/cpp01_launchConfig-version.cmake
[0.294s] -- Up-to-date: /home/cl/CLionProjects/ws02_tools/install/cpp01_launch/share/cpp01_launch/package.xml
[0.295s] Invoked command in '/home/cl/CLionProjects/ws02_tools/build/cpp01_launch' returned '0': CMAKE_PREFIX_PATH=/opt/ros/humble CONDA_PROMPT_MODIFIER=(base) /usr/bin/cmake --install /home/cl/CLionProjects/ws02_tools/build/cpp01_launch
