[0.951s] Invoking command in '/home/cl/CLionProjects/ws02_tools/src/py02_rosbag': CONDA_PROMPT_MODIFIER=(base) PYTHONPATH=/home/cl/CLionProjects/ws02_tools/build/py02_rosbag/prefix_override:/usr/lib/python3/dist-packages/colcon_core/task/python/colcon_distutils_commands:/home/cl/CLionProjects/ws02_tools/install/py02_rosbag/lib/python3.10/site-packages:${PYTHONPATH} /usr/bin/python3 -W ignore:setup.py install is deprecated -W ignore:easy_install command is deprecated setup.py egg_info --egg-base ../../build/py02_rosbag build --build-base /home/cl/CLionProjects/ws02_tools/build/py02_rosbag/build install --record /home/cl/CLionProjects/ws02_tools/build/py02_rosbag/install.log --single-version-externally-managed install_data
[1.219s] running egg_info
[1.220s] creating ../../build/py02_rosbag/py02_rosbag.egg-info
[1.221s] writing ../../build/py02_rosbag/py02_rosbag.egg-info/PKG-INFO
[1.221s] writing dependency_links to ../../build/py02_rosbag/py02_rosbag.egg-info/dependency_links.txt
[1.221s] writing entry points to ../../build/py02_rosbag/py02_rosbag.egg-info/entry_points.txt
[1.221s] writing requirements to ../../build/py02_rosbag/py02_rosbag.egg-info/requires.txt
[1.222s] writing top-level names to ../../build/py02_rosbag/py02_rosbag.egg-info/top_level.txt
[1.222s] writing manifest file '../../build/py02_rosbag/py02_rosbag.egg-info/SOURCES.txt'
[1.224s] reading manifest file '../../build/py02_rosbag/py02_rosbag.egg-info/SOURCES.txt'
[1.225s] writing manifest file '../../build/py02_rosbag/py02_rosbag.egg-info/SOURCES.txt'
[1.225s] running build
[1.225s] running build_py
[1.225s] creating /home/cl/CLionProjects/ws02_tools/build/py02_rosbag/build
[1.225s] creating /home/cl/CLionProjects/ws02_tools/build/py02_rosbag/build/lib
[1.225s] creating /home/cl/CLionProjects/ws02_tools/build/py02_rosbag/build/lib/py02_rosbag
[1.225s] copying py02_rosbag/__init__.py -> /home/cl/CLionProjects/ws02_tools/build/py02_rosbag/build/lib/py02_rosbag
[1.225s] copying py02_rosbag/demo01_writer_py.py -> /home/cl/CLionProjects/ws02_tools/build/py02_rosbag/build/lib/py02_rosbag
[1.226s] running install
[1.226s] running install_lib
[1.226s] creating /home/cl/CLionProjects/ws02_tools/install/py02_rosbag/lib/python3.10/site-packages/py02_rosbag
[1.227s] copying /home/cl/CLionProjects/ws02_tools/build/py02_rosbag/build/lib/py02_rosbag/__init__.py -> /home/cl/CLionProjects/ws02_tools/install/py02_rosbag/lib/python3.10/site-packages/py02_rosbag
[1.227s] copying /home/cl/CLionProjects/ws02_tools/build/py02_rosbag/build/lib/py02_rosbag/demo01_writer_py.py -> /home/cl/CLionProjects/ws02_tools/install/py02_rosbag/lib/python3.10/site-packages/py02_rosbag
[1.227s] byte-compiling /home/cl/CLionProjects/ws02_tools/install/py02_rosbag/lib/python3.10/site-packages/py02_rosbag/__init__.py to __init__.cpython-310.pyc
[1.227s] byte-compiling /home/cl/CLionProjects/ws02_tools/install/py02_rosbag/lib/python3.10/site-packages/py02_rosbag/demo01_writer_py.py to demo01_writer_py.cpython-310.pyc
[1.228s] running install_data
[1.228s] creating /home/cl/CLionProjects/ws02_tools/install/py02_rosbag/share/ament_index
[1.228s] creating /home/cl/CLionProjects/ws02_tools/install/py02_rosbag/share/ament_index/resource_index
[1.228s] creating /home/cl/CLionProjects/ws02_tools/install/py02_rosbag/share/ament_index/resource_index/packages
[1.228s] copying resource/py02_rosbag -> /home/cl/CLionProjects/ws02_tools/install/py02_rosbag/share/ament_index/resource_index/packages
[1.228s] copying package.xml -> /home/cl/CLionProjects/ws02_tools/install/py02_rosbag/share/py02_rosbag
[1.229s] running install_egg_info
[1.230s] Copying ../../build/py02_rosbag/py02_rosbag.egg-info to /home/cl/CLionProjects/ws02_tools/install/py02_rosbag/lib/python3.10/site-packages/py02_rosbag-0.0.0-py3.10.egg-info
[1.231s] running install_scripts
[1.258s] Installing demo01_writer_py script to /home/cl/CLionProjects/ws02_tools/install/py02_rosbag/lib/py02_rosbag
[1.258s] writing list of installed files to '/home/cl/CLionProjects/ws02_tools/build/py02_rosbag/install.log'
[1.297s] Invoked command in '/home/cl/CLionProjects/ws02_tools/src/py02_rosbag' returned '0': CONDA_PROMPT_MODIFIER=(base) PYTHONPATH=/home/cl/CLionProjects/ws02_tools/build/py02_rosbag/prefix_override:/usr/lib/python3/dist-packages/colcon_core/task/python/colcon_distutils_commands:/home/cl/CLionProjects/ws02_tools/install/py02_rosbag/lib/python3.10/site-packages:${PYTHONPATH} /usr/bin/python3 -W ignore:setup.py install is deprecated -W ignore:easy_install command is deprecated setup.py egg_info --egg-base ../../build/py02_rosbag build --build-base /home/cl/CLionProjects/ws02_tools/build/py02_rosbag/build install --record /home/cl/CLionProjects/ws02_tools/build/py02_rosbag/install.log --single-version-externally-managed install_data
