[0.027s] Invoking command in '/home/cl/CLionProjects/ws02_tools/build/cpp03_tf_broadcaster': CMAKE_PREFIX_PATH=/opt/ros/humble CONDA_PROMPT_MODIFIER=(base) /usr/bin/cmake --build /home/cl/CLionProjects/ws02_tools/build/cpp03_tf_broadcaster -- -j8 -l8
[0.517s] [ 33%] Built target demo01_static_tf_broadcaster
[0.517s] [ 66%] Built target demo03_point_tf_broadcaster
[0.517s] [100%] Built target demo02_dynamic_tf_broadcaster
[0.531s] Invoked command in '/home/cl/CLionProjects/ws02_tools/build/cpp03_tf_broadcaster' returned '0': CMAKE_PREFIX_PATH=/opt/ros/humble CONDA_PROMPT_MODIFIER=(base) /usr/bin/cmake --build /home/cl/CLionProjects/ws02_tools/build/cpp03_tf_broadcaster -- -j8 -l8
[0.533s] Invoking command in '/home/cl/CLionProjects/ws02_tools/build/cpp03_tf_broadcaster': CMAKE_PREFIX_PATH=/opt/ros/humble CONDA_PROMPT_MODIFIER=(base) /usr/bin/cmake --install /home/cl/CLionProjects/ws02_tools/build/cpp03_tf_broadcaster
[0.553s] -- Install configuration: ""
[0.553s] -- Up-to-date: /home/cl/CLionProjects/ws02_tools/install/cpp03_tf_broadcaster/lib/cpp03_tf_broadcaster/demo01_static_tf_broadcaster
[0.553s] -- Up-to-date: /home/cl/CLionProjects/ws02_tools/install/cpp03_tf_broadcaster/lib/cpp03_tf_broadcaster/demo02_dynamic_tf_broadcaster
[0.553s] -- Up-to-date: /home/cl/CLionProjects/ws02_tools/install/cpp03_tf_broadcaster/lib/cpp03_tf_broadcaster/demo03_point_tf_broadcaster
[0.553s] -- Up-to-date: /home/cl/CLionProjects/ws02_tools/install/cpp03_tf_broadcaster/share/ament_index/resource_index/package_run_dependencies/cpp03_tf_broadcaster
[0.553s] -- Up-to-date: /home/cl/CLionProjects/ws02_tools/install/cpp03_tf_broadcaster/share/ament_index/resource_index/parent_prefix_path/cpp03_tf_broadcaster
[0.553s] -- Up-to-date: /home/cl/CLionProjects/ws02_tools/install/cpp03_tf_broadcaster/share/cpp03_tf_broadcaster/environment/ament_prefix_path.sh
[0.553s] -- Up-to-date: /home/cl/CLionProjects/ws02_tools/install/cpp03_tf_broadcaster/share/cpp03_tf_broadcaster/environment/ament_prefix_path.dsv
[0.553s] -- Up-to-date: /home/cl/CLionProjects/ws02_tools/install/cpp03_tf_broadcaster/share/cpp03_tf_broadcaster/environment/path.sh
[0.553s] -- Up-to-date: /home/cl/CLionProjects/ws02_tools/install/cpp03_tf_broadcaster/share/cpp03_tf_broadcaster/environment/path.dsv
[0.554s] -- Up-to-date: /home/cl/CLionProjects/ws02_tools/install/cpp03_tf_broadcaster/share/cpp03_tf_broadcaster/local_setup.bash
[0.554s] -- Up-to-date: /home/cl/CLionProjects/ws02_tools/install/cpp03_tf_broadcaster/share/cpp03_tf_broadcaster/local_setup.sh
[0.554s] -- Up-to-date: /home/cl/CLionProjects/ws02_tools/install/cpp03_tf_broadcaster/share/cpp03_tf_broadcaster/local_setup.zsh
[0.554s] -- Up-to-date: /home/cl/CLionProjects/ws02_tools/install/cpp03_tf_broadcaster/share/cpp03_tf_broadcaster/local_setup.dsv
[0.554s] -- Installing: /home/cl/CLionProjects/ws02_tools/install/cpp03_tf_broadcaster/share/cpp03_tf_broadcaster/package.dsv
[0.554s] -- Up-to-date: /home/cl/CLionProjects/ws02_tools/install/cpp03_tf_broadcaster/share/ament_index/resource_index/packages/cpp03_tf_broadcaster
[0.554s] -- Up-to-date: /home/cl/CLionProjects/ws02_tools/install/cpp03_tf_broadcaster/share/cpp03_tf_broadcaster/cmake/cpp03_tf_broadcasterConfig.cmake
[0.554s] -- Up-to-date: /home/cl/CLionProjects/ws02_tools/install/cpp03_tf_broadcaster/share/cpp03_tf_broadcaster/cmake/cpp03_tf_broadcasterConfig-version.cmake
[0.554s] -- Up-to-date: /home/cl/CLionProjects/ws02_tools/install/cpp03_tf_broadcaster/share/cpp03_tf_broadcaster/package.xml
[0.595s] Invoked command in '/home/cl/CLionProjects/ws02_tools/build/cpp03_tf_broadcaster' returned '0': CMAKE_PREFIX_PATH=/opt/ros/humble CONDA_PROMPT_MODIFIER=(base) /usr/bin/cmake --install /home/cl/CLionProjects/ws02_tools/build/cpp03_tf_broadcaster
