[0.025s] Invoking command in '/home/cl/CLionProjects/ws02_tools/build/cpp03_tf_broadcaster': CMAKE_PREFIX_PATH=/opt/ros/humble CONDA_PROMPT_MODIFIER=(base) /usr/bin/cmake --build /home/cl/CLionProjects/ws02_tools/build/cpp03_tf_broadcaster -- -j8 -l8
[0.277s] -- Found ament_cmake: 1.3.11 (/opt/ros/humble/share/ament_cmake/cmake)
[0.277s] -- Found rclcpp: 16.0.11 (/opt/ros/humble/share/rclcpp/cmake)
[0.277s] -- Found rosidl_generator_c: 3.1.6 (/opt/ros/humble/share/rosidl_generator_c/cmake)
[0.277s] -- Found rosidl_adapter: 3.1.6 (/opt/ros/humble/share/rosidl_adapter/cmake)
[0.278s] -- Found rosidl_generator_cpp: 3.1.6 (/opt/ros/humble/share/rosidl_generator_cpp/cmake)
[0.278s] -- Using all available rosidl_typesupport_c: rosidl_typesupport_fastrtps_c;rosidl_typesupport_introspection_c
[0.278s] -- Using all available rosidl_typesupport_cpp: rosidl_typesupport_fastrtps_cpp;rosidl_typesupport_introspection_cpp
[0.294s] -- Found rmw_implementation_cmake: 6.1.2 (/opt/ros/humble/share/rmw_implementation_cmake/cmake)
[0.295s] -- Found rmw_fastrtps_cpp: 6.2.7 (/opt/ros/humble/share/rmw_fastrtps_cpp/cmake)
[0.395s] -- Using RMW implementation 'rmw_fastrtps_cpp' as default
[0.453s] -- Found tf2: 0.25.12 (/opt/ros/humble/share/tf2/cmake)
[0.471s] -- Found tf2_ros: 0.25.12 (/opt/ros/humble/share/tf2_ros/cmake)
[0.563s] -- Found turtlesim: 1.4.2 (/opt/ros/humble/share/turtlesim/cmake)
[0.586s] -- Found ament_lint_auto: 0.12.11 (/opt/ros/humble/share/ament_lint_auto/cmake)
[0.703s] -- Added test 'cppcheck' to perform static code analysis on C / C++ code
[0.703s] -- Configured cppcheck include dirs: $<BUILD_INTERFACE:/home/cl/CLionProjects/ws02_tools/src/cpp03_tf_broadcaster/include>
[0.703s] -- Configured cppcheck exclude dirs and/or files: 
[0.704s] -- Added test 'lint_cmake' to check CMake code style
[0.705s] -- Added test 'uncrustify' to check C / C++ code style
[0.705s] -- Configured uncrustify additional arguments: 
[0.705s] -- Added test 'xmllint' to check XML markup files
[0.706s] -- Configuring done
[0.725s] -- Generating done
[0.732s] -- Build files have been written to: /home/cl/CLionProjects/ws02_tools/build/cpp03_tf_broadcaster
[0.759s] [35m[1mConsolidate compiler generated dependencies of target demo01_static_tf_broadcaster[0m
[0.768s] [ 25%] [32mBuilding CXX object CMakeFiles/demo02_dynamic_tf_broadcaster.dir/src/demo02_dynamic_tf_broadcaster.cpp.o[0m
[0.776s] [ 75%] Built target demo01_static_tf_broadcaster
[9.264s] [100%] [32m[1mLinking CXX executable demo02_dynamic_tf_broadcaster[0m
[9.681s] [100%] Built target demo02_dynamic_tf_broadcaster
[9.694s] Invoked command in '/home/cl/CLionProjects/ws02_tools/build/cpp03_tf_broadcaster' returned '0': CMAKE_PREFIX_PATH=/opt/ros/humble CONDA_PROMPT_MODIFIER=(base) /usr/bin/cmake --build /home/cl/CLionProjects/ws02_tools/build/cpp03_tf_broadcaster -- -j8 -l8
[9.695s] Invoking command in '/home/cl/CLionProjects/ws02_tools/build/cpp03_tf_broadcaster': CMAKE_PREFIX_PATH=/opt/ros/humble CONDA_PROMPT_MODIFIER=(base) /usr/bin/cmake --install /home/cl/CLionProjects/ws02_tools/build/cpp03_tf_broadcaster
[9.701s] -- Install configuration: ""
[9.701s] -- Up-to-date: /home/cl/CLionProjects/ws02_tools/install/cpp03_tf_broadcaster/lib/cpp03_tf_broadcaster/demo01_static_tf_broadcaster
[9.701s] -- Installing: /home/cl/CLionProjects/ws02_tools/install/cpp03_tf_broadcaster/lib/cpp03_tf_broadcaster/demo02_dynamic_tf_broadcaster
[9.704s] -- Set runtime path of "/home/cl/CLionProjects/ws02_tools/install/cpp03_tf_broadcaster/lib/cpp03_tf_broadcaster/demo02_dynamic_tf_broadcaster" to ""
[9.704s] -- Up-to-date: /home/cl/CLionProjects/ws02_tools/install/cpp03_tf_broadcaster/share/ament_index/resource_index/package_run_dependencies/cpp03_tf_broadcaster
[9.704s] -- Installing: /home/cl/CLionProjects/ws02_tools/install/cpp03_tf_broadcaster/share/ament_index/resource_index/parent_prefix_path/cpp03_tf_broadcaster
[9.704s] -- Up-to-date: /home/cl/CLionProjects/ws02_tools/install/cpp03_tf_broadcaster/share/cpp03_tf_broadcaster/environment/ament_prefix_path.sh
[9.704s] -- Installing: /home/cl/CLionProjects/ws02_tools/install/cpp03_tf_broadcaster/share/cpp03_tf_broadcaster/environment/ament_prefix_path.dsv
[9.704s] -- Up-to-date: /home/cl/CLionProjects/ws02_tools/install/cpp03_tf_broadcaster/share/cpp03_tf_broadcaster/environment/path.sh
[9.704s] -- Installing: /home/cl/CLionProjects/ws02_tools/install/cpp03_tf_broadcaster/share/cpp03_tf_broadcaster/environment/path.dsv
[9.705s] -- Up-to-date: /home/cl/CLionProjects/ws02_tools/install/cpp03_tf_broadcaster/share/cpp03_tf_broadcaster/local_setup.bash
[9.705s] -- Up-to-date: /home/cl/CLionProjects/ws02_tools/install/cpp03_tf_broadcaster/share/cpp03_tf_broadcaster/local_setup.sh
[9.705s] -- Up-to-date: /home/cl/CLionProjects/ws02_tools/install/cpp03_tf_broadcaster/share/cpp03_tf_broadcaster/local_setup.zsh
[9.705s] -- Installing: /home/cl/CLionProjects/ws02_tools/install/cpp03_tf_broadcaster/share/cpp03_tf_broadcaster/local_setup.dsv
[9.705s] -- Installing: /home/cl/CLionProjects/ws02_tools/install/cpp03_tf_broadcaster/share/cpp03_tf_broadcaster/package.dsv
[9.705s] -- Up-to-date: /home/cl/CLionProjects/ws02_tools/install/cpp03_tf_broadcaster/share/ament_index/resource_index/packages/cpp03_tf_broadcaster
[9.705s] -- Up-to-date: /home/cl/CLionProjects/ws02_tools/install/cpp03_tf_broadcaster/share/cpp03_tf_broadcaster/cmake/cpp03_tf_broadcasterConfig.cmake
[9.705s] -- Up-to-date: /home/cl/CLionProjects/ws02_tools/install/cpp03_tf_broadcaster/share/cpp03_tf_broadcaster/cmake/cpp03_tf_broadcasterConfig-version.cmake
[9.705s] -- Up-to-date: /home/cl/CLionProjects/ws02_tools/install/cpp03_tf_broadcaster/share/cpp03_tf_broadcaster/package.xml
[9.707s] Invoked command in '/home/cl/CLionProjects/ws02_tools/build/cpp03_tf_broadcaster' returned '0': CMAKE_PREFIX_PATH=/opt/ros/humble CONDA_PROMPT_MODIFIER=(base) /usr/bin/cmake --install /home/cl/CLionProjects/ws02_tools/build/cpp03_tf_broadcaster
