[0.098s] DEBUG:colcon:Command line arguments: ['/usr/bin/colcon', 'list', '--paths-only', '--base-paths', '/home/cl/CLionProjects/ws02_tools/src/', '--topological-order', '--packages-select', 'cpp05_exercise']
[0.098s] DEBUG:colcon:Parsed command line arguments: Namespace(log_base=None, log_level=None, verb_name='list', build_base='build', ignore_user_meta=False, metas=['./colcon.meta'], base_paths=['/home/cl/CLionProjects/ws02_tools/src/'], packages_ignore=None, packages_ignore_regex=None, paths=None, packages_up_to=None, packages_up_to_regex=None, packages_above=None, packages_above_and_dependencies=None, packages_above_depth=None, packages_select_by_dep=None, packages_skip_by_dep=None, packages_skip_up_to=None, packages_select_build_failed=False, packages_skip_build_finished=False, packages_select_test_failures=False, packages_skip_test_passed=False, packages_select=['cpp05_exercise'], packages_skip=None, packages_select_regex=None, packages_skip_regex=None, packages_start=None, packages_end=None, allow_overriding=[], topological_order=True, names_only=False, paths_only=True, topological_graph=False, topological_graph_dot=False, topological_graph_density=False, topological_graph_legend=False, topological_graph_dot_cluster=False, topological_graph_dot_include_skipped=False, verb_parser=<colcon_defaults.argument_parser.defaults.DefaultArgumentsDecorator object at 0x725d6b35cc70>, verb_extension=<colcon_package_information.verb.list.ListVerb object at 0x725d6b4cd900>, main=<bound method ListVerb.main of <colcon_package_information.verb.list.ListVerb object at 0x725d6b4cd900>>)
[0.261s] Level 1:colcon.colcon_core.package_discovery:discover_packages(colcon_meta) check parameters
[0.261s] Level 1:colcon.colcon_core.package_discovery:discover_packages(recursive) check parameters
[0.262s] Level 1:colcon.colcon_core.package_discovery:discover_packages(ignore) check parameters
[0.262s] Level 1:colcon.colcon_core.package_discovery:discover_packages(path) check parameters
[0.262s] Level 1:colcon.colcon_core.package_discovery:discover_packages(recursive) discover
[0.262s] INFO:colcon.colcon_core.package_discovery:Crawling recursively for packages in '/home/cl/CLionProjects/ws02_tools/src'
[0.262s] Level 1:colcon.colcon_core.package_identification:_identify(/home/cl/CLionProjects/ws02_tools/src) by extensions ['ignore', 'ignore_ament_install']
[0.262s] Level 1:colcon.colcon_core.package_identification:_identify(/home/cl/CLionProjects/ws02_tools/src) by extension 'ignore'
[0.262s] Level 1:colcon.colcon_core.package_identification:_identify(/home/cl/CLionProjects/ws02_tools/src) by extension 'ignore_ament_install'
[0.262s] Level 1:colcon.colcon_core.package_identification:_identify(/home/cl/CLionProjects/ws02_tools/src) by extensions ['colcon_pkg']
[0.262s] Level 1:colcon.colcon_core.package_identification:_identify(/home/cl/CLionProjects/ws02_tools/src) by extension 'colcon_pkg'
[0.262s] Level 1:colcon.colcon_core.package_identification:_identify(/home/cl/CLionProjects/ws02_tools/src) by extensions ['colcon_meta']
[0.262s] Level 1:colcon.colcon_core.package_identification:_identify(/home/cl/CLionProjects/ws02_tools/src) by extension 'colcon_meta'
[0.262s] Level 1:colcon.colcon_core.package_identification:_identify(/home/cl/CLionProjects/ws02_tools/src) by extensions ['ros']
[0.262s] Level 1:colcon.colcon_core.package_identification:_identify(/home/cl/CLionProjects/ws02_tools/src) by extension 'ros'
[0.273s] Level 1:colcon.colcon_core.package_identification:_identify(/home/cl/CLionProjects/ws02_tools/src) by extensions ['cmake', 'python']
[0.273s] Level 1:colcon.colcon_core.package_identification:_identify(/home/cl/CLionProjects/ws02_tools/src) by extension 'cmake'
[0.273s] Level 1:colcon.colcon_core.package_identification:_identify(/home/cl/CLionProjects/ws02_tools/src) by extension 'python'
[0.273s] Level 1:colcon.colcon_core.package_identification:_identify(/home/cl/CLionProjects/ws02_tools/src) by extensions ['python_setup_py']
[0.273s] Level 1:colcon.colcon_core.package_identification:_identify(/home/cl/CLionProjects/ws02_tools/src) by extension 'python_setup_py'
[0.273s] Level 1:colcon.colcon_core.package_identification:_identify(/home/cl/CLionProjects/ws02_tools/src/cpp01_launch) by extensions ['ignore', 'ignore_ament_install']
[0.274s] Level 1:colcon.colcon_core.package_identification:_identify(/home/cl/CLionProjects/ws02_tools/src/cpp01_launch) by extension 'ignore'
[0.274s] Level 1:colcon.colcon_core.package_identification:_identify(/home/cl/CLionProjects/ws02_tools/src/cpp01_launch) by extension 'ignore_ament_install'
[0.274s] Level 1:colcon.colcon_core.package_identification:_identify(/home/cl/CLionProjects/ws02_tools/src/cpp01_launch) by extensions ['colcon_pkg']
[0.274s] Level 1:colcon.colcon_core.package_identification:_identify(/home/cl/CLionProjects/ws02_tools/src/cpp01_launch) by extension 'colcon_pkg'
[0.274s] Level 1:colcon.colcon_core.package_identification:_identify(/home/cl/CLionProjects/ws02_tools/src/cpp01_launch) by extensions ['colcon_meta']
[0.274s] Level 1:colcon.colcon_core.package_identification:_identify(/home/cl/CLionProjects/ws02_tools/src/cpp01_launch) by extension 'colcon_meta'
[0.274s] Level 1:colcon.colcon_core.package_identification:_identify(/home/cl/CLionProjects/ws02_tools/src/cpp01_launch) by extensions ['ros']
[0.274s] Level 1:colcon.colcon_core.package_identification:_identify(/home/cl/CLionProjects/ws02_tools/src/cpp01_launch) by extension 'ros'
[0.277s] DEBUG:colcon.colcon_core.package_identification:Package '/home/cl/CLionProjects/ws02_tools/src/cpp01_launch' with type 'ros.ament_cmake' and name 'cpp01_launch'
[0.277s] Level 1:colcon.colcon_core.package_identification:_identify(/home/cl/CLionProjects/ws02_tools/src/cpp02_rosbag) by extensions ['ignore', 'ignore_ament_install']
[0.277s] Level 1:colcon.colcon_core.package_identification:_identify(/home/cl/CLionProjects/ws02_tools/src/cpp02_rosbag) by extension 'ignore'
[0.277s] Level 1:colcon.colcon_core.package_identification:_identify(/home/cl/CLionProjects/ws02_tools/src/cpp02_rosbag) by extension 'ignore_ament_install'
[0.278s] Level 1:colcon.colcon_core.package_identification:_identify(/home/cl/CLionProjects/ws02_tools/src/cpp02_rosbag) by extensions ['colcon_pkg']
[0.278s] Level 1:colcon.colcon_core.package_identification:_identify(/home/cl/CLionProjects/ws02_tools/src/cpp02_rosbag) by extension 'colcon_pkg'
[0.278s] Level 1:colcon.colcon_core.package_identification:_identify(/home/cl/CLionProjects/ws02_tools/src/cpp02_rosbag) by extensions ['colcon_meta']
[0.278s] Level 1:colcon.colcon_core.package_identification:_identify(/home/cl/CLionProjects/ws02_tools/src/cpp02_rosbag) by extension 'colcon_meta'
[0.278s] Level 1:colcon.colcon_core.package_identification:_identify(/home/cl/CLionProjects/ws02_tools/src/cpp02_rosbag) by extensions ['ros']
[0.278s] Level 1:colcon.colcon_core.package_identification:_identify(/home/cl/CLionProjects/ws02_tools/src/cpp02_rosbag) by extension 'ros'
[0.278s] DEBUG:colcon.colcon_core.package_identification:Package '/home/cl/CLionProjects/ws02_tools/src/cpp02_rosbag' with type 'ros.ament_cmake' and name 'cpp02_rosbag'
[0.279s] Level 1:colcon.colcon_core.package_identification:_identify(/home/cl/CLionProjects/ws02_tools/src/cpp03_tf_broadcaster) by extensions ['ignore', 'ignore_ament_install']
[0.279s] Level 1:colcon.colcon_core.package_identification:_identify(/home/cl/CLionProjects/ws02_tools/src/cpp03_tf_broadcaster) by extension 'ignore'
[0.279s] Level 1:colcon.colcon_core.package_identification:_identify(/home/cl/CLionProjects/ws02_tools/src/cpp03_tf_broadcaster) by extension 'ignore_ament_install'
[0.279s] Level 1:colcon.colcon_core.package_identification:_identify(/home/cl/CLionProjects/ws02_tools/src/cpp03_tf_broadcaster) by extensions ['colcon_pkg']
[0.279s] Level 1:colcon.colcon_core.package_identification:_identify(/home/cl/CLionProjects/ws02_tools/src/cpp03_tf_broadcaster) by extension 'colcon_pkg'
[0.279s] Level 1:colcon.colcon_core.package_identification:_identify(/home/cl/CLionProjects/ws02_tools/src/cpp03_tf_broadcaster) by extensions ['colcon_meta']
[0.279s] Level 1:colcon.colcon_core.package_identification:_identify(/home/cl/CLionProjects/ws02_tools/src/cpp03_tf_broadcaster) by extension 'colcon_meta'
[0.279s] Level 1:colcon.colcon_core.package_identification:_identify(/home/cl/CLionProjects/ws02_tools/src/cpp03_tf_broadcaster) by extensions ['ros']
[0.279s] Level 1:colcon.colcon_core.package_identification:_identify(/home/cl/CLionProjects/ws02_tools/src/cpp03_tf_broadcaster) by extension 'ros'
[0.280s] DEBUG:colcon.colcon_core.package_identification:Package '/home/cl/CLionProjects/ws02_tools/src/cpp03_tf_broadcaster' with type 'ros.ament_cmake' and name 'cpp03_tf_broadcaster'
[0.280s] Level 1:colcon.colcon_core.package_identification:_identify(/home/cl/CLionProjects/ws02_tools/src/cpp04_tf_listener) by extensions ['ignore', 'ignore_ament_install']
[0.280s] Level 1:colcon.colcon_core.package_identification:_identify(/home/cl/CLionProjects/ws02_tools/src/cpp04_tf_listener) by extension 'ignore'
[0.280s] Level 1:colcon.colcon_core.package_identification:_identify(/home/cl/CLionProjects/ws02_tools/src/cpp04_tf_listener) by extension 'ignore_ament_install'
[0.280s] Level 1:colcon.colcon_core.package_identification:_identify(/home/cl/CLionProjects/ws02_tools/src/cpp04_tf_listener) by extensions ['colcon_pkg']
[0.280s] Level 1:colcon.colcon_core.package_identification:_identify(/home/cl/CLionProjects/ws02_tools/src/cpp04_tf_listener) by extension 'colcon_pkg'
[0.280s] Level 1:colcon.colcon_core.package_identification:_identify(/home/cl/CLionProjects/ws02_tools/src/cpp04_tf_listener) by extensions ['colcon_meta']
[0.280s] Level 1:colcon.colcon_core.package_identification:_identify(/home/cl/CLionProjects/ws02_tools/src/cpp04_tf_listener) by extension 'colcon_meta'
[0.280s] Level 1:colcon.colcon_core.package_identification:_identify(/home/cl/CLionProjects/ws02_tools/src/cpp04_tf_listener) by extensions ['ros']
[0.280s] Level 1:colcon.colcon_core.package_identification:_identify(/home/cl/CLionProjects/ws02_tools/src/cpp04_tf_listener) by extension 'ros'
[0.281s] DEBUG:colcon.colcon_core.package_identification:Package '/home/cl/CLionProjects/ws02_tools/src/cpp04_tf_listener' with type 'ros.ament_cmake' and name 'cpp04_tf_listener'
[0.282s] Level 1:colcon.colcon_core.package_identification:_identify(/home/cl/CLionProjects/ws02_tools/src/cpp05_exercise) by extensions ['ignore', 'ignore_ament_install']
[0.282s] Level 1:colcon.colcon_core.package_identification:_identify(/home/cl/CLionProjects/ws02_tools/src/cpp05_exercise) by extension 'ignore'
[0.282s] Level 1:colcon.colcon_core.package_identification:_identify(/home/cl/CLionProjects/ws02_tools/src/cpp05_exercise) by extension 'ignore_ament_install'
[0.282s] Level 1:colcon.colcon_core.package_identification:_identify(/home/cl/CLionProjects/ws02_tools/src/cpp05_exercise) by extensions ['colcon_pkg']
[0.282s] Level 1:colcon.colcon_core.package_identification:_identify(/home/cl/CLionProjects/ws02_tools/src/cpp05_exercise) by extension 'colcon_pkg'
[0.282s] Level 1:colcon.colcon_core.package_identification:_identify(/home/cl/CLionProjects/ws02_tools/src/cpp05_exercise) by extensions ['colcon_meta']
[0.282s] Level 1:colcon.colcon_core.package_identification:_identify(/home/cl/CLionProjects/ws02_tools/src/cpp05_exercise) by extension 'colcon_meta'
[0.282s] Level 1:colcon.colcon_core.package_identification:_identify(/home/cl/CLionProjects/ws02_tools/src/cpp05_exercise) by extensions ['ros']
[0.282s] Level 1:colcon.colcon_core.package_identification:_identify(/home/cl/CLionProjects/ws02_tools/src/cpp05_exercise) by extension 'ros'
[0.283s] DEBUG:colcon.colcon_core.package_identification:Package '/home/cl/CLionProjects/ws02_tools/src/cpp05_exercise' with type 'ros.ament_cmake' and name 'cpp05_exercise'
[0.283s] Level 1:colcon.colcon_core.package_identification:_identify(/home/cl/CLionProjects/ws02_tools/src/py01_launch) by extensions ['ignore', 'ignore_ament_install']
[0.283s] Level 1:colcon.colcon_core.package_identification:_identify(/home/cl/CLionProjects/ws02_tools/src/py01_launch) by extension 'ignore'
[0.283s] Level 1:colcon.colcon_core.package_identification:_identify(/home/cl/CLionProjects/ws02_tools/src/py01_launch) by extension 'ignore_ament_install'
[0.283s] Level 1:colcon.colcon_core.package_identification:_identify(/home/cl/CLionProjects/ws02_tools/src/py01_launch) by extensions ['colcon_pkg']
[0.283s] Level 1:colcon.colcon_core.package_identification:_identify(/home/cl/CLionProjects/ws02_tools/src/py01_launch) by extension 'colcon_pkg'
[0.283s] Level 1:colcon.colcon_core.package_identification:_identify(/home/cl/CLionProjects/ws02_tools/src/py01_launch) by extensions ['colcon_meta']
[0.284s] Level 1:colcon.colcon_core.package_identification:_identify(/home/cl/CLionProjects/ws02_tools/src/py01_launch) by extension 'colcon_meta'
[0.284s] Level 1:colcon.colcon_core.package_identification:_identify(/home/cl/CLionProjects/ws02_tools/src/py01_launch) by extensions ['ros']
[0.284s] Level 1:colcon.colcon_core.package_identification:_identify(/home/cl/CLionProjects/ws02_tools/src/py01_launch) by extension 'ros'
[0.284s] DEBUG:colcon.colcon_core.package_identification:Package '/home/cl/CLionProjects/ws02_tools/src/py01_launch' with type 'ros.ament_python' and name 'py01_launch'
[0.284s] Level 1:colcon.colcon_core.package_identification:_identify(/home/cl/CLionProjects/ws02_tools/src/py02_rosbag) by extensions ['ignore', 'ignore_ament_install']
[0.284s] Level 1:colcon.colcon_core.package_identification:_identify(/home/cl/CLionProjects/ws02_tools/src/py02_rosbag) by extension 'ignore'
[0.284s] Level 1:colcon.colcon_core.package_identification:_identify(/home/cl/CLionProjects/ws02_tools/src/py02_rosbag) by extension 'ignore_ament_install'
[0.284s] Level 1:colcon.colcon_core.package_identification:_identify(/home/cl/CLionProjects/ws02_tools/src/py02_rosbag) by extensions ['colcon_pkg']
[0.284s] Level 1:colcon.colcon_core.package_identification:_identify(/home/cl/CLionProjects/ws02_tools/src/py02_rosbag) by extension 'colcon_pkg'
[0.284s] Level 1:colcon.colcon_core.package_identification:_identify(/home/cl/CLionProjects/ws02_tools/src/py02_rosbag) by extensions ['colcon_meta']
[0.285s] Level 1:colcon.colcon_core.package_identification:_identify(/home/cl/CLionProjects/ws02_tools/src/py02_rosbag) by extension 'colcon_meta'
[0.285s] Level 1:colcon.colcon_core.package_identification:_identify(/home/cl/CLionProjects/ws02_tools/src/py02_rosbag) by extensions ['ros']
[0.285s] Level 1:colcon.colcon_core.package_identification:_identify(/home/cl/CLionProjects/ws02_tools/src/py02_rosbag) by extension 'ros'
[0.285s] DEBUG:colcon.colcon_core.package_identification:Package '/home/cl/CLionProjects/ws02_tools/src/py02_rosbag' with type 'ros.ament_python' and name 'py02_rosbag'
[0.285s] Level 1:colcon.colcon_core.package_discovery:discover_packages(recursive) using defaults
[0.305s] INFO:colcon.colcon_core.package_selection:Skipping not selected package 'cpp01_launch' in '/home/cl/CLionProjects/ws02_tools/src/cpp01_launch'
[0.305s] INFO:colcon.colcon_core.package_selection:Skipping not selected package 'cpp02_rosbag' in '/home/cl/CLionProjects/ws02_tools/src/cpp02_rosbag'
[0.305s] INFO:colcon.colcon_core.package_selection:Skipping not selected package 'cpp03_tf_broadcaster' in '/home/cl/CLionProjects/ws02_tools/src/cpp03_tf_broadcaster'
[0.305s] INFO:colcon.colcon_core.package_selection:Skipping not selected package 'cpp04_tf_listener' in '/home/cl/CLionProjects/ws02_tools/src/cpp04_tf_listener'
[0.305s] INFO:colcon.colcon_core.package_selection:Skipping not selected package 'py01_launch' in '/home/cl/CLionProjects/ws02_tools/src/py01_launch'
[0.305s] INFO:colcon.colcon_core.package_selection:Skipping not selected package 'py02_rosbag' in '/home/cl/CLionProjects/ws02_tools/src/py02_rosbag'
