[0.007s] Invoking command in '/home/cl/CLionProjects/ws02_tools/build/PROJECT_NAME': CONDA_PROMPT_MODIFIER=(base) /usr/bin/cmake /home/cl/CLionProjects/ws02_tools -DCMAKE_INSTALL_PREFIX=/home/cl/CLionProjects/ws02_tools/install/PROJECT_NAME
[0.075s] -- The C compiler identification is GNU 11.4.0
[0.118s] -- The CXX compiler identification is GNU 11.4.0
[0.124s] -- Detecting C compiler ABI info
[0.173s] -- Detecting C compiler ABI info - done
[0.179s] -- Check for working C compiler: /usr/bin/cc - skipped
[0.179s] -- Detecting C compile features
[0.180s] -- Detecting C compile features - done
[0.182s] -- Detecting CXX compiler ABI info
[0.247s] -- Detecting CXX compiler ABI info - done
[0.253s] -- Check for working CXX compiler: /usr/bin/c++ - skipped
[0.253s] -- Detecting CXX compile features
[0.254s] -- Detecting CXX compile features - done
[0.254s] [0msearch criteria: BUILD_BASE;/home/cl/CLionProjects/ws02_tools/build;BASE_PATHS;/home/cl/CLionProjects/ws02_tools/src/;--packages-select;cpp03_tf_broadcaster[0m
[0.670s] [0mcolcon shows paths /home/cl/CLionProjects/ws02_tools/src/cpp03_tf_broadcaster[0m
[0.670s] [0m...examining /home/cl/CLionProjects/ws02_tools/src/cpp03_tf_broadcaster[0m
[1.193s] [0m...adding package cpp03_tf_broadcaster from path /home/cl/CLionProjects/ws02_tools/src/cpp03_tf_broadcaster[0m
[1.193s] [0mpackage info: path: /home/cl/CLionProjects/ws02_tools/src/cpp03_tf_broadcaster
[1.194s]   type: ros.ament_cmake
[1.194s]   name: cpp03_tf_broadcaster
[1.194s]   dependencies:
[1.194s]     build: ament_cmake geometry_msgs rclcpp tf2 tf2_ros turtlesim
[1.194s]     run: geometry_msgs rclcpp tf2 tf2_ros turtlesim
[1.194s]     test: ament_lint_auto ament_lint_common
[1.194s]   metadata:
[1.194s]     maintainers: ['cl <chengzhuolong@outlook.com>']
[1.194s]     version: 0.0.0
[1.194s] [0m
[1.199s] -- Found ament_cmake: 1.3.11 (/opt/ros/humble/share/ament_cmake/cmake)
[1.839s] -- Found Python3: /home/cl/miniconda3/bin/python3 (found version "3.12.4") found components: Interpreter 
[1.977s] -- Found rclcpp: 16.0.11 (/opt/ros/humble/share/rclcpp/cmake)
[2.034s] -- Found rosidl_generator_c: 3.1.6 (/opt/ros/humble/share/rosidl_generator_c/cmake)
[2.040s] -- Found rosidl_adapter: 3.1.6 (/opt/ros/humble/share/rosidl_adapter/cmake)
[2.049s] -- Found rosidl_generator_cpp: 3.1.6 (/opt/ros/humble/share/rosidl_generator_cpp/cmake)
[2.065s] -- Using all available rosidl_typesupport_c: rosidl_typesupport_fastrtps_c;rosidl_typesupport_introspection_c
[2.084s] -- Using all available rosidl_typesupport_cpp: rosidl_typesupport_fastrtps_cpp;rosidl_typesupport_introspection_cpp
[2.141s] -- Found rmw_implementation_cmake: 6.1.2 (/opt/ros/humble/share/rmw_implementation_cmake/cmake)
[2.144s] -- Found rmw_fastrtps_cpp: 6.2.7 (/opt/ros/humble/share/rmw_fastrtps_cpp/cmake)
[2.245s] -- Found OpenSSL: /usr/lib/x86_64-linux-gnu/libcrypto.so (found version "3.0.2")  
[2.274s] -- Found FastRTPS: /opt/ros/humble/include  
[2.309s] Invoked command in '/home/cl/CLionProjects/ws02_tools/build/PROJECT_NAME' returned '-2': CONDA_PROMPT_MODIFIER=(base) /usr/bin/cmake /home/cl/CLionProjects/ws02_tools -DCMAKE_INSTALL_PREFIX=/home/cl/CLionProjects/ws02_tools/install/PROJECT_NAME
