[0.795s] Invoking command in '/home/cl/CLionProjects/ws02_tools/src/py02_rosbag': CONDA_PROMPT_MODIFIER=(base) PYTHONPATH=/home/cl/CLionProjects/ws02_tools/build/py02_rosbag/prefix_override:/usr/lib/python3/dist-packages/colcon_core/task/python/colcon_distutils_commands:/home/cl/CLionProjects/ws02_tools/install/py02_rosbag/lib/python3.10/site-packages:${PYTHONPATH} /usr/bin/python3 -W ignore:setup.py install is deprecated -W ignore:easy_install command is deprecated setup.py egg_info --egg-base ../../build/py02_rosbag build --build-base /home/cl/CLionProjects/ws02_tools/build/py02_rosbag/build install --record /home/cl/CLionProjects/ws02_tools/build/py02_rosbag/install.log --single-version-externally-managed install_data
[0.993s] running egg_info
[0.993s] writing ../../build/py02_rosbag/py02_rosbag.egg-info/PKG-INFO
[0.994s] writing dependency_links to ../../build/py02_rosbag/py02_rosbag.egg-info/dependency_links.txt
[0.994s] writing entry points to ../../build/py02_rosbag/py02_rosbag.egg-info/entry_points.txt
[0.994s] writing requirements to ../../build/py02_rosbag/py02_rosbag.egg-info/requires.txt
[0.994s] writing top-level names to ../../build/py02_rosbag/py02_rosbag.egg-info/top_level.txt
[0.995s] reading manifest file '../../build/py02_rosbag/py02_rosbag.egg-info/SOURCES.txt'
[0.997s] writing manifest file '../../build/py02_rosbag/py02_rosbag.egg-info/SOURCES.txt'
[0.997s] running build
[0.997s] running build_py
[0.997s] running install
[0.997s] running install_lib
[0.998s] running install_data
[0.998s] running install_egg_info
[1.000s] removing '/home/cl/CLionProjects/ws02_tools/install/py02_rosbag/lib/python3.10/site-packages/py02_rosbag-0.0.0-py3.10.egg-info' (and everything under it)
[1.000s] Copying ../../build/py02_rosbag/py02_rosbag.egg-info to /home/cl/CLionProjects/ws02_tools/install/py02_rosbag/lib/python3.10/site-packages/py02_rosbag-0.0.0-py3.10.egg-info
[1.001s] running install_scripts
[1.018s] Installing demo01_writer_py script to /home/cl/CLionProjects/ws02_tools/install/py02_rosbag/lib/py02_rosbag
[1.018s] writing list of installed files to '/home/cl/CLionProjects/ws02_tools/build/py02_rosbag/install.log'
[1.048s] Invoked command in '/home/cl/CLionProjects/ws02_tools/src/py02_rosbag' returned '0': CONDA_PROMPT_MODIFIER=(base) PYTHONPATH=/home/cl/CLionProjects/ws02_tools/build/py02_rosbag/prefix_override:/usr/lib/python3/dist-packages/colcon_core/task/python/colcon_distutils_commands:/home/cl/CLionProjects/ws02_tools/install/py02_rosbag/lib/python3.10/site-packages:${PYTHONPATH} /usr/bin/python3 -W ignore:setup.py install is deprecated -W ignore:easy_install command is deprecated setup.py egg_info --egg-base ../../build/py02_rosbag build --build-base /home/cl/CLionProjects/ws02_tools/build/py02_rosbag/build install --record /home/cl/CLionProjects/ws02_tools/build/py02_rosbag/install.log --single-version-externally-managed install_data
