-- The C compiler identification is GNU 11.4.0
-- The CXX compiler identification is GNU 11.4.0
-- Detecting C compiler ABI info
-- Detecting C compiler ABI info - done
-- Check for working C compiler: /usr/bin/cc - skipped
-- Detecting C compile features
-- Detecting C compile features - done
-- Detecting CXX compiler ABI info
-- Detecting CXX compiler ABI info - done
-- Check for working CXX compiler: /usr/bin/c++ - skipped
-- Detecting CXX compile features
-- Detecting CXX compile features - done
[0msearch criteria: BUILD_BASE;/home/cl/CLionProjects/ws02_tools/build;BASE_PATHS;/home/cl/CLionProjects/ws02_tools/src/;--packages-select;cpp04_tf_listener[0m
[0mcolcon shows paths /home/cl/CLionProjects/ws02_tools/src/cpp04_tf_listener[0m
[0m...examining /home/cl/CLionProjects/ws02_tools/src/cpp04_tf_listener[0m
[0m...adding package cpp04_tf_listener from path /home/cl/CLionProjects/ws02_tools/src/cpp04_tf_listener[0m
[0mpackage info: path: /home/cl/CLionProjects/ws02_tools/src/cpp04_tf_listener
  type: ros.ament_cmake
  name: cpp04_tf_listener
  dependencies:
    build: ament_cmake geometry_msgs message_filters rclcpp tf2 tf2_geometry_msgs tf2_ros
    run: geometry_msgs message_filters rclcpp tf2 tf2_geometry_msgs tf2_ros
    test: ament_lint_auto ament_lint_common
  metadata:
    maintainers: ['cl <chengzhuolong@outlook.com>']
    version: 0.0.0
[0m
-- Found ament_cmake: 1.3.11 (/opt/ros/humble/share/ament_cmake/cmake)
