[0.008s] Invoking command in '/home/cl/CLionProjects/ws02_tools/build/PROJECT_NAME': CONDA_PROMPT_MODIFIER=(base) /usr/bin/cmake /home/cl/CLionProjects/ws02_tools -DCMAKE_INSTALL_PREFIX=/home/cl/CLionProjects/ws02_tools/install/PROJECT_NAME
[0.050s] -- The C compiler identification is GNU 11.4.0
[0.095s] -- The CXX compiler identification is GNU 11.4.0
[0.101s] -- Detecting C compiler ABI info
[0.154s] -- Detecting C compiler ABI info - done
[0.160s] -- Check for working C compiler: /usr/bin/cc - skipped
[0.160s] -- Detecting C compile features
[0.160s] -- Detecting C compile features - done
[0.163s] -- Detecting CXX compiler ABI info
[0.227s] -- Detecting CXX compiler ABI info - done
[0.233s] -- Check for working CXX compiler: /usr/bin/c++ - skipped
[0.233s] -- Detecting CXX compile features
[0.234s] -- Detecting CXX compile features - done
[0.234s] [0msearch criteria: BUILD_BASE;/home/cl/CLionProjects/ws02_tools/build;BASE_PATHS;/home/cl/CLionProjects/ws02_tools/src/;--packages-select;cpp04_tf_listener[0m
[0.593s] [0mcolcon shows paths /home/cl/CLionProjects/ws02_tools/src/cpp04_tf_listener[0m
[0.593s] [0m...examining /home/cl/CLionProjects/ws02_tools/src/cpp04_tf_listener[0m
[0.980s] [0m...adding package cpp04_tf_listener from path /home/cl/CLionProjects/ws02_tools/src/cpp04_tf_listener[0m
[0.980s] [0mpackage info: path: /home/cl/CLionProjects/ws02_tools/src/cpp04_tf_listener
[0.981s]   type: ros.ament_cmake
[0.981s]   name: cpp04_tf_listener
[0.981s]   dependencies:
[0.981s]     build: ament_cmake geometry_msgs message_filters rclcpp tf2 tf2_geometry_msgs tf2_ros
[0.981s]     run: geometry_msgs message_filters rclcpp tf2 tf2_geometry_msgs tf2_ros
[0.981s]     test: ament_lint_auto ament_lint_common
[0.981s]   metadata:
[0.981s]     maintainers: ['cl <chengzhuolong@outlook.com>']
[0.981s]     version: 0.0.0
[0.981s] [0m
[0.983s] -- Found ament_cmake: 1.3.11 (/opt/ros/humble/share/ament_cmake/cmake)
[1.076s] Invoked command in '/home/cl/CLionProjects/ws02_tools/build/PROJECT_NAME' returned '-2': CONDA_PROMPT_MODIFIER=(base) /usr/bin/cmake /home/cl/CLionProjects/ws02_tools -DCMAKE_INSTALL_PREFIX=/home/cl/CLionProjects/ws02_tools/install/PROJECT_NAME
