[0.047s] Invoking command in '/home/cl/CLionProjects/ws02_tools/build/cpp02_rosbag': CMAKE_PREFIX_PATH=/opt/ros/humble CONDA_PROMPT_MODIFIER=(base) /usr/bin/cmake --build /home/cl/CLionProjects/ws02_tools/build/cpp02_rosbag -- -j8 -l8
[0.308s] -- Found ament_cmake: 1.3.11 (/opt/ros/humble/share/ament_cmake/cmake)
[0.308s] -- Found rclcpp: 16.0.11 (/opt/ros/humble/share/rclcpp/cmake)
[0.308s] -- Found rosidl_generator_c: 3.1.6 (/opt/ros/humble/share/rosidl_generator_c/cmake)
[0.308s] -- Found rosidl_adapter: 3.1.6 (/opt/ros/humble/share/rosidl_adapter/cmake)
[0.308s] -- Found rosidl_generator_cpp: 3.1.6 (/opt/ros/humble/share/rosidl_generator_cpp/cmake)
[0.308s] -- Using all available rosidl_typesupport_c: rosidl_typesupport_fastrtps_c;rosidl_typesupport_introspection_c
[0.308s] -- Using all available rosidl_typesupport_cpp: rosidl_typesupport_fastrtps_cpp;rosidl_typesupport_introspection_cpp
[0.308s] -- Found rmw_implementation_cmake: 6.1.2 (/opt/ros/humble/share/rmw_implementation_cmake/cmake)
[0.308s] -- Found rmw_fastrtps_cpp: 6.2.7 (/opt/ros/humble/share/rmw_fastrtps_cpp/cmake)
[0.385s] -- Using RMW implementation 'rmw_fastrtps_cpp' as default
[0.439s] -- Found rosbag2_cpp: 0.15.13 (/opt/ros/humble/share/rosbag2_cpp/cmake)
[0.461s] -- Found geometry_msgs: 4.2.4 (/opt/ros/humble/share/geometry_msgs/cmake)
[0.476s] -- Found ament_lint_auto: 0.12.11 (/opt/ros/humble/share/ament_lint_auto/cmake)
[0.585s] -- Added test 'cppcheck' to perform static code analysis on C / C++ code
[0.586s] -- Configured cppcheck include dirs: $<BUILD_INTERFACE:/home/cl/CLionProjects/ws02_tools/src/cpp02_rosbag/include>
[0.586s] -- Configured cppcheck exclude dirs and/or files: 
[0.586s] -- Added test 'lint_cmake' to check CMake code style
[0.587s] -- Added test 'uncrustify' to check C / C++ code style
[0.587s] -- Configured uncrustify additional arguments: 
[0.587s] -- Added test 'xmllint' to check XML markup files
[0.588s] -- Configuring done
[0.603s] -- Generating done
[0.607s] -- Build files have been written to: /home/cl/CLionProjects/ws02_tools/build/cpp02_rosbag
[0.636s] [35m[1mConsolidate compiler generated dependencies of target demo02_reader[0m
[0.636s] [35m[1mConsolidate compiler generated dependencies of target demo01_writer[0m
[0.653s] [100%] Built target demo01_writer
[0.654s] [100%] Built target demo02_reader
[0.665s] Invoked command in '/home/cl/CLionProjects/ws02_tools/build/cpp02_rosbag' returned '0': CMAKE_PREFIX_PATH=/opt/ros/humble CONDA_PROMPT_MODIFIER=(base) /usr/bin/cmake --build /home/cl/CLionProjects/ws02_tools/build/cpp02_rosbag -- -j8 -l8
[0.666s] Invoking command in '/home/cl/CLionProjects/ws02_tools/build/cpp02_rosbag': CMAKE_PREFIX_PATH=/opt/ros/humble CONDA_PROMPT_MODIFIER=(base) /usr/bin/cmake --install /home/cl/CLionProjects/ws02_tools/build/cpp02_rosbag
[0.673s] -- Install configuration: ""
[0.673s] -- Up-to-date: /home/cl/CLionProjects/ws02_tools/install/cpp02_rosbag/lib/cpp02_rosbag/demo01_writer
[0.673s] -- Up-to-date: /home/cl/CLionProjects/ws02_tools/install/cpp02_rosbag/lib/cpp02_rosbag/demo02_reader
[0.674s] -- Up-to-date: /home/cl/CLionProjects/ws02_tools/install/cpp02_rosbag/share/ament_index/resource_index/package_run_dependencies/cpp02_rosbag
[0.674s] -- Up-to-date: /home/cl/CLionProjects/ws02_tools/install/cpp02_rosbag/share/ament_index/resource_index/parent_prefix_path/cpp02_rosbag
[0.674s] -- Up-to-date: /home/cl/CLionProjects/ws02_tools/install/cpp02_rosbag/share/cpp02_rosbag/environment/ament_prefix_path.sh
[0.674s] -- Installing: /home/cl/CLionProjects/ws02_tools/install/cpp02_rosbag/share/cpp02_rosbag/environment/ament_prefix_path.dsv
[0.674s] -- Up-to-date: /home/cl/CLionProjects/ws02_tools/install/cpp02_rosbag/share/cpp02_rosbag/environment/path.sh
[0.674s] -- Installing: /home/cl/CLionProjects/ws02_tools/install/cpp02_rosbag/share/cpp02_rosbag/environment/path.dsv
[0.674s] -- Up-to-date: /home/cl/CLionProjects/ws02_tools/install/cpp02_rosbag/share/cpp02_rosbag/local_setup.bash
[0.674s] -- Up-to-date: /home/cl/CLionProjects/ws02_tools/install/cpp02_rosbag/share/cpp02_rosbag/local_setup.sh
[0.674s] -- Up-to-date: /home/cl/CLionProjects/ws02_tools/install/cpp02_rosbag/share/cpp02_rosbag/local_setup.zsh
[0.674s] -- Installing: /home/cl/CLionProjects/ws02_tools/install/cpp02_rosbag/share/cpp02_rosbag/local_setup.dsv
[0.674s] -- Installing: /home/cl/CLionProjects/ws02_tools/install/cpp02_rosbag/share/cpp02_rosbag/package.dsv
[0.675s] -- Up-to-date: /home/cl/CLionProjects/ws02_tools/install/cpp02_rosbag/share/ament_index/resource_index/packages/cpp02_rosbag
[0.675s] -- Up-to-date: /home/cl/CLionProjects/ws02_tools/install/cpp02_rosbag/share/cpp02_rosbag/cmake/cpp02_rosbagConfig.cmake
[0.675s] -- Up-to-date: /home/cl/CLionProjects/ws02_tools/install/cpp02_rosbag/share/cpp02_rosbag/cmake/cpp02_rosbagConfig-version.cmake
[0.675s] -- Up-to-date: /home/cl/CLionProjects/ws02_tools/install/cpp02_rosbag/share/cpp02_rosbag/package.xml
[0.676s] Invoked command in '/home/cl/CLionProjects/ws02_tools/build/cpp02_rosbag' returned '0': CMAKE_PREFIX_PATH=/opt/ros/humble CONDA_PROMPT_MODIFIER=(base) /usr/bin/cmake --install /home/cl/CLionProjects/ws02_tools/build/cpp02_rosbag
