[0.037s] Invoking command in '/home/cl/CLionProjects/ws02_tools/build/cpp05_exercise': CMAKE_PREFIX_PATH=${CMAKE_PREFIX_PATH}:/home/cl/CLionProjects/ws02_tools/install/py02_rosbag:/home/cl/CLionProjects/ws02_tools/install/py01_launch:/opt/ros/humble CONDA_PROMPT_MODIFIER=(base) /usr/bin/cmake --build /home/cl/CLionProjects/ws02_tools/build/cpp05_exercise -- -j8 -l8
[0.381s] [35m[1mConsolidate compiler generated dependencies of target exer01_spawn[0m
[0.381s] [ 50%] Built target exer01_spawn
[0.382s] [ 66%] Built target exer02_tf_broadcaster
[0.382s] [100%] Built target exer03_tf_listener
[0.659s] Invoked command in '/home/cl/CLionProjects/ws02_tools/build/cpp05_exercise' returned '0': CMAKE_PREFIX_PATH=${CMAKE_PREFIX_PATH}:/home/cl/CLionProjects/ws02_tools/install/py02_rosbag:/home/cl/CLionProjects/ws02_tools/install/py01_launch:/opt/ros/humble CONDA_PROMPT_MODIFIER=(base) /usr/bin/cmake --build /home/cl/CLionProjects/ws02_tools/build/cpp05_exercise -- -j8 -l8
[0.661s] Invoking command in '/home/cl/CLionProjects/ws02_tools/build/cpp05_exercise': CMAKE_PREFIX_PATH=${CMAKE_PREFIX_PATH}:/home/cl/CLionProjects/ws02_tools/install/py02_rosbag:/home/cl/CLionProjects/ws02_tools/install/py01_launch:/opt/ros/humble CONDA_PROMPT_MODIFIER=(base) /usr/bin/cmake --install /home/cl/CLionProjects/ws02_tools/build/cpp05_exercise
[0.681s] -- Install configuration: ""
[0.682s] -- Up-to-date: /home/cl/CLionProjects/ws02_tools/install/cpp05_exercise/lib/cpp05_exercise/exer01_spawn
[0.682s] -- Up-to-date: /home/cl/CLionProjects/ws02_tools/install/cpp05_exercise/lib/cpp05_exercise/exer02_tf_broadcaster
[0.682s] -- Up-to-date: /home/cl/CLionProjects/ws02_tools/install/cpp05_exercise/lib/cpp05_exercise/exer03_tf_listener
[0.682s] -- Up-to-date: /home/cl/CLionProjects/ws02_tools/install/cpp05_exercise/share/cpp05_exercise/launch
[0.682s] -- Installing: /home/cl/CLionProjects/ws02_tools/install/cpp05_exercise/share/cpp05_exercise/launch/follow.launch.py
[0.682s] -- Up-to-date: /home/cl/CLionProjects/ws02_tools/install/cpp05_exercise/share/ament_index/resource_index/package_run_dependencies/cpp05_exercise
[0.682s] -- Up-to-date: /home/cl/CLionProjects/ws02_tools/install/cpp05_exercise/share/ament_index/resource_index/parent_prefix_path/cpp05_exercise
[0.682s] -- Up-to-date: /home/cl/CLionProjects/ws02_tools/install/cpp05_exercise/share/cpp05_exercise/environment/ament_prefix_path.sh
[0.682s] -- Up-to-date: /home/cl/CLionProjects/ws02_tools/install/cpp05_exercise/share/cpp05_exercise/environment/ament_prefix_path.dsv
[0.682s] -- Up-to-date: /home/cl/CLionProjects/ws02_tools/install/cpp05_exercise/share/cpp05_exercise/environment/path.sh
[0.682s] -- Up-to-date: /home/cl/CLionProjects/ws02_tools/install/cpp05_exercise/share/cpp05_exercise/environment/path.dsv
[0.682s] -- Up-to-date: /home/cl/CLionProjects/ws02_tools/install/cpp05_exercise/share/cpp05_exercise/local_setup.bash
[0.683s] -- Up-to-date: /home/cl/CLionProjects/ws02_tools/install/cpp05_exercise/share/cpp05_exercise/local_setup.sh
[0.683s] -- Up-to-date: /home/cl/CLionProjects/ws02_tools/install/cpp05_exercise/share/cpp05_exercise/local_setup.zsh
[0.683s] -- Up-to-date: /home/cl/CLionProjects/ws02_tools/install/cpp05_exercise/share/cpp05_exercise/local_setup.dsv
[0.683s] -- Installing: /home/cl/CLionProjects/ws02_tools/install/cpp05_exercise/share/cpp05_exercise/package.dsv
[0.683s] -- Up-to-date: /home/cl/CLionProjects/ws02_tools/install/cpp05_exercise/share/ament_index/resource_index/packages/cpp05_exercise
[0.683s] -- Up-to-date: /home/cl/CLionProjects/ws02_tools/install/cpp05_exercise/share/cpp05_exercise/cmake/cpp05_exerciseConfig.cmake
[0.683s] -- Up-to-date: /home/cl/CLionProjects/ws02_tools/install/cpp05_exercise/share/cpp05_exercise/cmake/cpp05_exerciseConfig-version.cmake
[0.683s] -- Up-to-date: /home/cl/CLionProjects/ws02_tools/install/cpp05_exercise/share/cpp05_exercise/package.xml
[0.738s] Invoked command in '/home/cl/CLionProjects/ws02_tools/build/cpp05_exercise' returned '0': CMAKE_PREFIX_PATH=${CMAKE_PREFIX_PATH}:/home/cl/CLionProjects/ws02_tools/install/py02_rosbag:/home/cl/CLionProjects/ws02_tools/install/py01_launch:/opt/ros/humble CONDA_PROMPT_MODIFIER=(base) /usr/bin/cmake --install /home/cl/CLionProjects/ws02_tools/build/cpp05_exercise
