[0.014s] Invoking command in '/home/cl/CLionProjects/ws02_tools/build/cpp01_launch': CMAKE_PREFIX_PATH=/opt/ros/humble /usr/bin/cmake /home/cl/CLionProjects/ws02_tools/src/cpp01_launch -DCMAKE_INSTALL_PREFIX=/home/cl/CLionProjects/ws02_tools/install/cpp01_launch
[0.112s] -- The C compiler identification is GNU 11.4.0
[0.186s] -- The CXX compiler identification is GNU 11.4.0
[0.195s] -- Detecting C compiler ABI info
[0.254s] -- Detecting C compiler ABI info - done
[0.260s] -- Check for working C compiler: /usr/bin/cc - skipped
[0.260s] -- Detecting C compile features
[0.261s] -- Detecting C compile features - done
[0.264s] -- Detecting CXX compiler ABI info
[0.335s] -- Detecting CXX compiler ABI info - done
[0.342s] -- Check for working CXX compiler: /usr/bin/c++ - skipped
[0.342s] -- Detecting CXX compile features
[0.342s] -- Detecting CXX compile features - done
[0.347s] -- Found ament_cmake: 1.3.11 (/opt/ros/humble/share/ament_cmake/cmake)
[0.476s] -- Found Python3: /usr/bin/python3 (found version "3.10.12") found components: Interpreter 
[0.562s] -- Found rclcpp: 16.0.11 (/opt/ros/humble/share/rclcpp/cmake)
[0.603s] -- Found rosidl_generator_c: 3.1.6 (/opt/ros/humble/share/rosidl_generator_c/cmake)
[0.607s] -- Found rosidl_adapter: 3.1.6 (/opt/ros/humble/share/rosidl_adapter/cmake)
[0.617s] -- Found rosidl_generator_cpp: 3.1.6 (/opt/ros/humble/share/rosidl_generator_cpp/cmake)
[0.630s] -- Using all available rosidl_typesupport_c: rosidl_typesupport_fastrtps_c;rosidl_typesupport_introspection_c
[0.646s] -- Using all available rosidl_typesupport_cpp: rosidl_typesupport_fastrtps_cpp;rosidl_typesupport_introspection_cpp
[0.689s] -- Found rmw_implementation_cmake: 6.1.2 (/opt/ros/humble/share/rmw_implementation_cmake/cmake)
[0.692s] -- Found rmw_fastrtps_cpp: 6.2.7 (/opt/ros/humble/share/rmw_fastrtps_cpp/cmake)
[0.761s] -- Found OpenSSL: /usr/lib/x86_64-linux-gnu/libcrypto.so (found version "3.0.2")  
[0.784s] -- Found FastRTPS: /opt/ros/humble/include  
[0.818s] -- Using RMW implementation 'rmw_fastrtps_cpp' as default
[0.826s] -- Looking for pthread.h
[0.885s] -- Looking for pthread.h - found
[0.886s] -- Performing Test CMAKE_HAVE_LIBC_PTHREAD
[0.942s] -- Performing Test CMAKE_HAVE_LIBC_PTHREAD - Success
[0.942s] -- Found Threads: TRUE  
[0.995s] -- Found ament_lint_auto: 0.12.11 (/opt/ros/humble/share/ament_lint_auto/cmake)
[1.063s] -- Added test 'lint_cmake' to check CMake code style
[1.064s] -- Added test 'xmllint' to check XML markup files
[1.065s] -- Configuring done
[1.068s] -- Generating done
[1.070s] -- Build files have been written to: /home/cl/CLionProjects/ws02_tools/build/cpp01_launch
[1.076s] Invoked command in '/home/cl/CLionProjects/ws02_tools/build/cpp01_launch' returned '0': CMAKE_PREFIX_PATH=/opt/ros/humble /usr/bin/cmake /home/cl/CLionProjects/ws02_tools/src/cpp01_launch -DCMAKE_INSTALL_PREFIX=/home/cl/CLionProjects/ws02_tools/install/cpp01_launch
[1.078s] Invoking command in '/home/cl/CLionProjects/ws02_tools/build/cpp01_launch': CMAKE_PREFIX_PATH=/opt/ros/humble /usr/bin/cmake --build /home/cl/CLionProjects/ws02_tools/build/cpp01_launch -- -j8 -l8
[1.110s] Invoked command in '/home/cl/CLionProjects/ws02_tools/build/cpp01_launch' returned '0': CMAKE_PREFIX_PATH=/opt/ros/humble /usr/bin/cmake --build /home/cl/CLionProjects/ws02_tools/build/cpp01_launch -- -j8 -l8
[1.118s] Invoking command in '/home/cl/CLionProjects/ws02_tools/build/cpp01_launch': CMAKE_PREFIX_PATH=/opt/ros/humble /usr/bin/cmake --install /home/cl/CLionProjects/ws02_tools/build/cpp01_launch
[1.123s] -- Install configuration: ""
[1.123s] -- Installing: /home/cl/CLionProjects/ws02_tools/install/cpp01_launch/share/cpp01_launch/launch
[1.123s] -- Installing: /home/cl/CLionProjects/ws02_tools/install/cpp01_launch/share/cpp01_launch/launch/py
[1.123s] -- Installing: /home/cl/CLionProjects/ws02_tools/install/cpp01_launch/share/cpp01_launch/launch/yaml
[1.124s] -- Installing: /home/cl/CLionProjects/ws02_tools/install/cpp01_launch/share/cpp01_launch/launch/xml
[1.124s] -- Installing: /home/cl/CLionProjects/ws02_tools/install/cpp01_launch/share/ament_index/resource_index/package_run_dependencies/cpp01_launch
[1.124s] -- Installing: /home/cl/CLionProjects/ws02_tools/install/cpp01_launch/share/ament_index/resource_index/parent_prefix_path/cpp01_launch
[1.124s] -- Installing: /home/cl/CLionProjects/ws02_tools/install/cpp01_launch/share/cpp01_launch/environment/ament_prefix_path.sh
[1.124s] -- Installing: /home/cl/CLionProjects/ws02_tools/install/cpp01_launch/share/cpp01_launch/environment/ament_prefix_path.dsv
[1.124s] -- Installing: /home/cl/CLionProjects/ws02_tools/install/cpp01_launch/share/cpp01_launch/environment/path.sh
[1.124s] -- Installing: /home/cl/CLionProjects/ws02_tools/install/cpp01_launch/share/cpp01_launch/environment/path.dsv
[1.124s] -- Installing: /home/cl/CLionProjects/ws02_tools/install/cpp01_launch/share/cpp01_launch/local_setup.bash
[1.124s] -- Installing: /home/cl/CLionProjects/ws02_tools/install/cpp01_launch/share/cpp01_launch/local_setup.sh
[1.124s] -- Installing: /home/cl/CLionProjects/ws02_tools/install/cpp01_launch/share/cpp01_launch/local_setup.zsh
[1.124s] -- Installing: /home/cl/CLionProjects/ws02_tools/install/cpp01_launch/share/cpp01_launch/local_setup.dsv
[1.124s] -- Installing: /home/cl/CLionProjects/ws02_tools/install/cpp01_launch/share/cpp01_launch/package.dsv
[1.125s] -- Installing: /home/cl/CLionProjects/ws02_tools/install/cpp01_launch/share/ament_index/resource_index/packages/cpp01_launch
[1.125s] -- Installing: /home/cl/CLionProjects/ws02_tools/install/cpp01_launch/share/cpp01_launch/cmake/cpp01_launchConfig.cmake
[1.125s] -- Installing: /home/cl/CLionProjects/ws02_tools/install/cpp01_launch/share/cpp01_launch/cmake/cpp01_launchConfig-version.cmake
[1.125s] -- Installing: /home/cl/CLionProjects/ws02_tools/install/cpp01_launch/share/cpp01_launch/package.xml
[1.127s] Invoked command in '/home/cl/CLionProjects/ws02_tools/build/cpp01_launch' returned '0': CMAKE_PREFIX_PATH=/opt/ros/humble /usr/bin/cmake --install /home/cl/CLionProjects/ws02_tools/build/cpp01_launch
