[0.008s] Invoking command in '/home/cl/CLionProjects/ws02_tools/build/PROJECT_NAME': CONDA_PROMPT_MODIFIER=(base) /usr/bin/cmake /home/cl/CLionProjects/ws02_tools -DCMAKE_INSTALL_PREFIX=/home/cl/CLionProjects/ws02_tools/install/PROJECT_NAME
[0.050s] -- The C compiler identification is GNU 11.4.0
[0.094s] -- The CXX compiler identification is GNU 11.4.0
[0.100s] -- Detecting C compiler ABI info
[0.154s] -- Detecting C compiler ABI info - done
[0.161s] -- Check for working C compiler: /usr/bin/cc - skipped
[0.161s] -- Detecting C compile features
[0.161s] -- Detecting C compile features - done
[0.163s] -- Detecting CXX compiler ABI info
[0.242s] -- Detecting CXX compiler ABI info - done
[0.252s] -- Check for working CXX compiler: /usr/bin/c++ - skipped
[0.252s] -- Detecting CXX compile features
[0.253s] -- Detecting CXX compile features - done
[0.254s] [0msearch criteria: BUILD_BASE;/home/cl/CLionProjects/ws02_tools/build;BASE_PATHS;/home/cl/CLionProjects/ws02_tools/src/;--packages-select;cpp05_exercise[0m
[0.676s] [0mcolcon shows paths /home/cl/CLionProjects/ws02_tools/src/cpp05_exercise[0m
[0.676s] [0m...examining /home/cl/CLionProjects/ws02_tools/src/cpp05_exercise[0m
[1.521s] [0m...adding package cpp05_exercise from path /home/cl/CLionProjects/ws02_tools/src/cpp05_exercise[0m
[1.522s] [0mpackage info: path: /home/cl/CLionProjects/ws02_tools/src/cpp05_exercise
[1.522s]   type: ros.ament_cmake
[1.522s]   name: cpp05_exercise
[1.523s]   dependencies:
[1.523s]     build: ament_cmake geometry_msgs rclcpp tf2 tf2_ros turtlesim
[1.523s]     run: geometry_msgs rclcpp ros2launch tf2 tf2_ros turtlesim
[1.523s]     test: ament_lint_auto ament_lint_common
[1.523s]   metadata:
[1.523s]     maintainers: ['cl <chengzhuolong@outlook.com>']
[1.523s]     version: 0.0.0
[1.523s] [0m
[1.527s] -- Found ament_cmake: 1.3.11 (/opt/ros/humble/share/ament_cmake/cmake)
[2.309s] -- Found Python3: /home/cl/miniconda3/bin/python3 (found version "3.12.4") found components: Interpreter 
[2.485s] -- Found rclcpp: 16.0.11 (/opt/ros/humble/share/rclcpp/cmake)
[2.568s] -- Found rosidl_generator_c: 3.1.6 (/opt/ros/humble/share/rosidl_generator_c/cmake)
[2.578s] -- Found rosidl_adapter: 3.1.6 (/opt/ros/humble/share/rosidl_adapter/cmake)
[2.594s] -- Found rosidl_generator_cpp: 3.1.6 (/opt/ros/humble/share/rosidl_generator_cpp/cmake)
[2.620s] -- Using all available rosidl_typesupport_c: rosidl_typesupport_fastrtps_c;rosidl_typesupport_introspection_c
[2.653s] -- Using all available rosidl_typesupport_cpp: rosidl_typesupport_fastrtps_cpp;rosidl_typesupport_introspection_cpp
[2.727s] -- Found rmw_implementation_cmake: 6.1.2 (/opt/ros/humble/share/rmw_implementation_cmake/cmake)
[2.731s] -- Found rmw_fastrtps_cpp: 6.2.7 (/opt/ros/humble/share/rmw_fastrtps_cpp/cmake)
[2.837s] -- Found OpenSSL: /usr/lib/x86_64-linux-gnu/libcrypto.so (found version "3.0.2")  
[2.867s] -- Found FastRTPS: /opt/ros/humble/include  
[2.910s] -- Using RMW implementation 'rmw_fastrtps_cpp' as default
[2.921s] -- Looking for pthread.h
[2.997s] -- Looking for pthread.h - found
[2.998s] -- Performing Test CMAKE_HAVE_LIBC_PTHREAD
[3.085s] -- Performing Test CMAKE_HAVE_LIBC_PTHREAD - Success
[3.087s] -- Found Threads: TRUE  
[3.157s] -- Found tf2: 0.25.12 (/opt/ros/humble/share/tf2/cmake)
[3.173s] Invoked command in '/home/cl/CLionProjects/ws02_tools/build/PROJECT_NAME' returned '-2': CONDA_PROMPT_MODIFIER=(base) /usr/bin/cmake /home/cl/CLionProjects/ws02_tools -DCMAKE_INSTALL_PREFIX=/home/cl/CLionProjects/ws02_tools/install/PROJECT_NAME
