[0.132s] DEBUG:colcon:Command line arguments: ['/usr/bin/colcon', 'list', '--paths-only', '--base-paths', '/home/cl/CLionProjects/ws02_tools/src/', '--topological-order', '--packages-select', 'cpp03_tf_broadcaster']
[0.133s] DEBUG:colcon:Parsed command line arguments: Namespace(log_base=None, log_level=None, verb_name='list', build_base='build', ignore_user_meta=False, metas=['./colcon.meta'], base_paths=['/home/cl/CLionProjects/ws02_tools/src/'], packages_ignore=None, packages_ignore_regex=None, paths=None, packages_up_to=None, packages_up_to_regex=None, packages_above=None, packages_above_and_dependencies=None, packages_above_depth=None, packages_select_by_dep=None, packages_skip_by_dep=None, packages_skip_up_to=None, packages_select_build_failed=False, packages_skip_build_finished=False, packages_select_test_failures=False, packages_skip_test_passed=False, packages_select=['cpp03_tf_broadcaster'], packages_skip=None, packages_select_regex=None, packages_skip_regex=None, packages_start=None, packages_end=None, allow_overriding=[], topological_order=True, names_only=False, paths_only=True, topological_graph=False, topological_graph_dot=False, topological_graph_density=False, topological_graph_legend=False, topological_graph_dot_cluster=False, topological_graph_dot_include_skipped=False, verb_parser=<colcon_defaults.argument_parser.defaults.DefaultArgumentsDecorator object at 0x73f500f3cc40>, verb_extension=<colcon_package_information.verb.list.ListVerb object at 0x73f5010ad8d0>, main=<bound method ListVerb.main of <colcon_package_information.verb.list.ListVerb object at 0x73f5010ad8d0>>)
[0.289s] Level 1:colcon.colcon_core.package_discovery:discover_packages(colcon_meta) check parameters
[0.289s] Level 1:colcon.colcon_core.package_discovery:discover_packages(recursive) check parameters
[0.289s] Level 1:colcon.colcon_core.package_discovery:discover_packages(ignore) check parameters
[0.289s] Level 1:colcon.colcon_core.package_discovery:discover_packages(path) check parameters
[0.289s] Level 1:colcon.colcon_core.package_discovery:discover_packages(recursive) discover
[0.289s] INFO:colcon.colcon_core.package_discovery:Crawling recursively for packages in '/home/cl/CLionProjects/ws02_tools/src'
[0.289s] Level 1:colcon.colcon_core.package_identification:_identify(/home/cl/CLionProjects/ws02_tools/src) by extensions ['ignore', 'ignore_ament_install']
[0.289s] Level 1:colcon.colcon_core.package_identification:_identify(/home/cl/CLionProjects/ws02_tools/src) by extension 'ignore'
[0.289s] Level 1:colcon.colcon_core.package_identification:_identify(/home/cl/CLionProjects/ws02_tools/src) by extension 'ignore_ament_install'
[0.289s] Level 1:colcon.colcon_core.package_identification:_identify(/home/cl/CLionProjects/ws02_tools/src) by extensions ['colcon_pkg']
[0.290s] Level 1:colcon.colcon_core.package_identification:_identify(/home/cl/CLionProjects/ws02_tools/src) by extension 'colcon_pkg'
[0.290s] Level 1:colcon.colcon_core.package_identification:_identify(/home/cl/CLionProjects/ws02_tools/src) by extensions ['colcon_meta']
[0.290s] Level 1:colcon.colcon_core.package_identification:_identify(/home/cl/CLionProjects/ws02_tools/src) by extension 'colcon_meta'
[0.290s] Level 1:colcon.colcon_core.package_identification:_identify(/home/cl/CLionProjects/ws02_tools/src) by extensions ['ros']
[0.290s] Level 1:colcon.colcon_core.package_identification:_identify(/home/cl/CLionProjects/ws02_tools/src) by extension 'ros'
[0.303s] Level 1:colcon.colcon_core.package_identification:_identify(/home/cl/CLionProjects/ws02_tools/src) by extensions ['cmake', 'python']
[0.303s] Level 1:colcon.colcon_core.package_identification:_identify(/home/cl/CLionProjects/ws02_tools/src) by extension 'cmake'
[0.303s] Level 1:colcon.colcon_core.package_identification:_identify(/home/cl/CLionProjects/ws02_tools/src) by extension 'python'
[0.303s] Level 1:colcon.colcon_core.package_identification:_identify(/home/cl/CLionProjects/ws02_tools/src) by extensions ['python_setup_py']
[0.303s] Level 1:colcon.colcon_core.package_identification:_identify(/home/cl/CLionProjects/ws02_tools/src) by extension 'python_setup_py'
[0.303s] Level 1:colcon.colcon_core.package_identification:_identify(/home/cl/CLionProjects/ws02_tools/src/cpp01_launch) by extensions ['ignore', 'ignore_ament_install']
[0.303s] Level 1:colcon.colcon_core.package_identification:_identify(/home/cl/CLionProjects/ws02_tools/src/cpp01_launch) by extension 'ignore'
[0.303s] Level 1:colcon.colcon_core.package_identification:_identify(/home/cl/CLionProjects/ws02_tools/src/cpp01_launch) by extension 'ignore_ament_install'
[0.304s] Level 1:colcon.colcon_core.package_identification:_identify(/home/cl/CLionProjects/ws02_tools/src/cpp01_launch) by extensions ['colcon_pkg']
[0.304s] Level 1:colcon.colcon_core.package_identification:_identify(/home/cl/CLionProjects/ws02_tools/src/cpp01_launch) by extension 'colcon_pkg'
[0.304s] Level 1:colcon.colcon_core.package_identification:_identify(/home/cl/CLionProjects/ws02_tools/src/cpp01_launch) by extensions ['colcon_meta']
[0.304s] Level 1:colcon.colcon_core.package_identification:_identify(/home/cl/CLionProjects/ws02_tools/src/cpp01_launch) by extension 'colcon_meta'
[0.304s] Level 1:colcon.colcon_core.package_identification:_identify(/home/cl/CLionProjects/ws02_tools/src/cpp01_launch) by extensions ['ros']
[0.304s] Level 1:colcon.colcon_core.package_identification:_identify(/home/cl/CLionProjects/ws02_tools/src/cpp01_launch) by extension 'ros'
[0.306s] DEBUG:colcon.colcon_core.package_identification:Package '/home/cl/CLionProjects/ws02_tools/src/cpp01_launch' with type 'ros.ament_cmake' and name 'cpp01_launch'
[0.306s] Level 1:colcon.colcon_core.package_identification:_identify(/home/cl/CLionProjects/ws02_tools/src/cpp02_rosbag) by extensions ['ignore', 'ignore_ament_install']
[0.306s] Level 1:colcon.colcon_core.package_identification:_identify(/home/cl/CLionProjects/ws02_tools/src/cpp02_rosbag) by extension 'ignore'
[0.306s] Level 1:colcon.colcon_core.package_identification:_identify(/home/cl/CLionProjects/ws02_tools/src/cpp02_rosbag) by extension 'ignore_ament_install'
[0.306s] Level 1:colcon.colcon_core.package_identification:_identify(/home/cl/CLionProjects/ws02_tools/src/cpp02_rosbag) by extensions ['colcon_pkg']
[0.306s] Level 1:colcon.colcon_core.package_identification:_identify(/home/cl/CLionProjects/ws02_tools/src/cpp02_rosbag) by extension 'colcon_pkg'
[0.306s] Level 1:colcon.colcon_core.package_identification:_identify(/home/cl/CLionProjects/ws02_tools/src/cpp02_rosbag) by extensions ['colcon_meta']
[0.306s] Level 1:colcon.colcon_core.package_identification:_identify(/home/cl/CLionProjects/ws02_tools/src/cpp02_rosbag) by extension 'colcon_meta'
[0.307s] Level 1:colcon.colcon_core.package_identification:_identify(/home/cl/CLionProjects/ws02_tools/src/cpp02_rosbag) by extensions ['ros']
[0.307s] Level 1:colcon.colcon_core.package_identification:_identify(/home/cl/CLionProjects/ws02_tools/src/cpp02_rosbag) by extension 'ros'
[0.307s] DEBUG:colcon.colcon_core.package_identification:Package '/home/cl/CLionProjects/ws02_tools/src/cpp02_rosbag' with type 'ros.ament_cmake' and name 'cpp02_rosbag'
[0.307s] Level 1:colcon.colcon_core.package_identification:_identify(/home/cl/CLionProjects/ws02_tools/src/cpp03_tf_broadcaster) by extensions ['ignore', 'ignore_ament_install']
[0.307s] Level 1:colcon.colcon_core.package_identification:_identify(/home/cl/CLionProjects/ws02_tools/src/cpp03_tf_broadcaster) by extension 'ignore'
[0.308s] Level 1:colcon.colcon_core.package_identification:_identify(/home/cl/CLionProjects/ws02_tools/src/cpp03_tf_broadcaster) by extension 'ignore_ament_install'
[0.308s] Level 1:colcon.colcon_core.package_identification:_identify(/home/cl/CLionProjects/ws02_tools/src/cpp03_tf_broadcaster) by extensions ['colcon_pkg']
[0.308s] Level 1:colcon.colcon_core.package_identification:_identify(/home/cl/CLionProjects/ws02_tools/src/cpp03_tf_broadcaster) by extension 'colcon_pkg'
[0.308s] Level 1:colcon.colcon_core.package_identification:_identify(/home/cl/CLionProjects/ws02_tools/src/cpp03_tf_broadcaster) by extensions ['colcon_meta']
[0.308s] Level 1:colcon.colcon_core.package_identification:_identify(/home/cl/CLionProjects/ws02_tools/src/cpp03_tf_broadcaster) by extension 'colcon_meta'
[0.308s] Level 1:colcon.colcon_core.package_identification:_identify(/home/cl/CLionProjects/ws02_tools/src/cpp03_tf_broadcaster) by extensions ['ros']
[0.308s] Level 1:colcon.colcon_core.package_identification:_identify(/home/cl/CLionProjects/ws02_tools/src/cpp03_tf_broadcaster) by extension 'ros'
[0.308s] DEBUG:colcon.colcon_core.package_identification:Package '/home/cl/CLionProjects/ws02_tools/src/cpp03_tf_broadcaster' with type 'ros.ament_cmake' and name 'cpp03_tf_broadcaster'
[0.309s] Level 1:colcon.colcon_core.package_identification:_identify(/home/cl/CLionProjects/ws02_tools/src/py01_launch) by extensions ['ignore', 'ignore_ament_install']
[0.309s] Level 1:colcon.colcon_core.package_identification:_identify(/home/cl/CLionProjects/ws02_tools/src/py01_launch) by extension 'ignore'
[0.309s] Level 1:colcon.colcon_core.package_identification:_identify(/home/cl/CLionProjects/ws02_tools/src/py01_launch) by extension 'ignore_ament_install'
[0.309s] Level 1:colcon.colcon_core.package_identification:_identify(/home/cl/CLionProjects/ws02_tools/src/py01_launch) by extensions ['colcon_pkg']
[0.309s] Level 1:colcon.colcon_core.package_identification:_identify(/home/cl/CLionProjects/ws02_tools/src/py01_launch) by extension 'colcon_pkg'
[0.309s] Level 1:colcon.colcon_core.package_identification:_identify(/home/cl/CLionProjects/ws02_tools/src/py01_launch) by extensions ['colcon_meta']
[0.309s] Level 1:colcon.colcon_core.package_identification:_identify(/home/cl/CLionProjects/ws02_tools/src/py01_launch) by extension 'colcon_meta'
[0.309s] Level 1:colcon.colcon_core.package_identification:_identify(/home/cl/CLionProjects/ws02_tools/src/py01_launch) by extensions ['ros']
[0.309s] Level 1:colcon.colcon_core.package_identification:_identify(/home/cl/CLionProjects/ws02_tools/src/py01_launch) by extension 'ros'
[0.310s] DEBUG:colcon.colcon_core.package_identification:Package '/home/cl/CLionProjects/ws02_tools/src/py01_launch' with type 'ros.ament_python' and name 'py01_launch'
[0.310s] Level 1:colcon.colcon_core.package_identification:_identify(/home/cl/CLionProjects/ws02_tools/src/py02_rosbag) by extensions ['ignore', 'ignore_ament_install']
[0.310s] Level 1:colcon.colcon_core.package_identification:_identify(/home/cl/CLionProjects/ws02_tools/src/py02_rosbag) by extension 'ignore'
[0.310s] Level 1:colcon.colcon_core.package_identification:_identify(/home/cl/CLionProjects/ws02_tools/src/py02_rosbag) by extension 'ignore_ament_install'
[0.310s] Level 1:colcon.colcon_core.package_identification:_identify(/home/cl/CLionProjects/ws02_tools/src/py02_rosbag) by extensions ['colcon_pkg']
[0.310s] Level 1:colcon.colcon_core.package_identification:_identify(/home/cl/CLionProjects/ws02_tools/src/py02_rosbag) by extension 'colcon_pkg'
[0.310s] Level 1:colcon.colcon_core.package_identification:_identify(/home/cl/CLionProjects/ws02_tools/src/py02_rosbag) by extensions ['colcon_meta']
[0.310s] Level 1:colcon.colcon_core.package_identification:_identify(/home/cl/CLionProjects/ws02_tools/src/py02_rosbag) by extension 'colcon_meta'
[0.310s] Level 1:colcon.colcon_core.package_identification:_identify(/home/cl/CLionProjects/ws02_tools/src/py02_rosbag) by extensions ['ros']
[0.310s] Level 1:colcon.colcon_core.package_identification:_identify(/home/cl/CLionProjects/ws02_tools/src/py02_rosbag) by extension 'ros'
[0.311s] DEBUG:colcon.colcon_core.package_identification:Package '/home/cl/CLionProjects/ws02_tools/src/py02_rosbag' with type 'ros.ament_python' and name 'py02_rosbag'
[0.311s] Level 1:colcon.colcon_core.package_discovery:discover_packages(recursive) using defaults
[0.327s] INFO:colcon.colcon_core.package_selection:Skipping not selected package 'cpp01_launch' in '/home/cl/CLionProjects/ws02_tools/src/cpp01_launch'
[0.327s] INFO:colcon.colcon_core.package_selection:Skipping not selected package 'cpp02_rosbag' in '/home/cl/CLionProjects/ws02_tools/src/cpp02_rosbag'
[0.327s] INFO:colcon.colcon_core.package_selection:Skipping not selected package 'py01_launch' in '/home/cl/CLionProjects/ws02_tools/src/py01_launch'
[0.327s] INFO:colcon.colcon_core.package_selection:Skipping not selected package 'py02_rosbag' in '/home/cl/CLionProjects/ws02_tools/src/py02_rosbag'
