[0.008s] Invoking command in '/home/cl/CLionProjects/ws02_tools/build/cpp06_urdf': CMAKE_PREFIX_PATH=/opt/ros/humble CONDA_PROMPT_MODIFIER=(base) /usr/bin/cmake --build /home/cl/CLionProjects/ws02_tools/build/cpp06_urdf -- -j8 -l8
[0.025s] -- Found ament_cmake: 1.3.11 (/opt/ros/humble/share/ament_cmake/cmake)
[0.144s] -- Found ament_lint_auto: 0.12.11 (/opt/ros/humble/share/ament_lint_auto/cmake)
[0.227s] -- Added test 'flake8' to check Python code syntax and style conventions
[0.227s] -- Added test 'lint_cmake' to check CMake code style
[0.228s] -- Added test 'pep257' to check Python code against some of the docstring style conventions in PEP 257
[0.229s] -- Added test 'xmllint' to check XML markup files
[0.229s] -- Configuring done
[0.231s] -- Generating done
[0.233s] -- Build files have been written to: /home/cl/CLionProjects/ws02_tools/build/cpp06_urdf
[0.250s] Invoked command in '/home/cl/CLionProjects/ws02_tools/build/cpp06_urdf' returned '0': CMAKE_PREFIX_PATH=/opt/ros/humble CONDA_PROMPT_MODIFIER=(base) /usr/bin/cmake --build /home/cl/CLionProjects/ws02_tools/build/cpp06_urdf -- -j8 -l8
[0.258s] Invoking command in '/home/cl/CLionProjects/ws02_tools/build/cpp06_urdf': CMAKE_PREFIX_PATH=/opt/ros/humble CONDA_PROMPT_MODIFIER=(base) /usr/bin/cmake --install /home/cl/CLionProjects/ws02_tools/build/cpp06_urdf
[0.263s] -- Install configuration: ""
[0.264s] -- Up-to-date: /home/cl/CLionProjects/ws02_tools/install/cpp06_urdf/share/cpp06_urdf/launch
[0.264s] -- Installing: /home/cl/CLionProjects/ws02_tools/install/cpp06_urdf/share/cpp06_urdf/launch/display.launch.py
[0.264s] -- Up-to-date: /home/cl/CLionProjects/ws02_tools/install/cpp06_urdf/share/cpp06_urdf/rviz
[0.264s] -- Up-to-date: /home/cl/CLionProjects/ws02_tools/install/cpp06_urdf/share/cpp06_urdf/urdf
[0.264s] -- Up-to-date: /home/cl/CLionProjects/ws02_tools/install/cpp06_urdf/share/cpp06_urdf/urdf/urdf
[0.264s] -- Installing: /home/cl/CLionProjects/ws02_tools/install/cpp06_urdf/share/cpp06_urdf/urdf/urdf/demo01_helloworld.urdf
[0.264s] -- Up-to-date: /home/cl/CLionProjects/ws02_tools/install/cpp06_urdf/share/cpp06_urdf/urdf/xacro
[0.264s] -- Up-to-date: /home/cl/CLionProjects/ws02_tools/install/cpp06_urdf/share/cpp06_urdf/meshes
[0.264s] -- Up-to-date: /home/cl/CLionProjects/ws02_tools/install/cpp06_urdf/share/ament_index/resource_index/package_run_dependencies/cpp06_urdf
[0.265s] -- Up-to-date: /home/cl/CLionProjects/ws02_tools/install/cpp06_urdf/share/ament_index/resource_index/parent_prefix_path/cpp06_urdf
[0.265s] -- Up-to-date: /home/cl/CLionProjects/ws02_tools/install/cpp06_urdf/share/cpp06_urdf/environment/ament_prefix_path.sh
[0.265s] -- Installing: /home/cl/CLionProjects/ws02_tools/install/cpp06_urdf/share/cpp06_urdf/environment/ament_prefix_path.dsv
[0.265s] -- Up-to-date: /home/cl/CLionProjects/ws02_tools/install/cpp06_urdf/share/cpp06_urdf/environment/path.sh
[0.265s] -- Installing: /home/cl/CLionProjects/ws02_tools/install/cpp06_urdf/share/cpp06_urdf/environment/path.dsv
[0.265s] -- Up-to-date: /home/cl/CLionProjects/ws02_tools/install/cpp06_urdf/share/cpp06_urdf/local_setup.bash
[0.265s] -- Up-to-date: /home/cl/CLionProjects/ws02_tools/install/cpp06_urdf/share/cpp06_urdf/local_setup.sh
[0.265s] -- Up-to-date: /home/cl/CLionProjects/ws02_tools/install/cpp06_urdf/share/cpp06_urdf/local_setup.zsh
[0.265s] -- Installing: /home/cl/CLionProjects/ws02_tools/install/cpp06_urdf/share/cpp06_urdf/local_setup.dsv
[0.265s] -- Installing: /home/cl/CLionProjects/ws02_tools/install/cpp06_urdf/share/cpp06_urdf/package.dsv
[0.265s] -- Up-to-date: /home/cl/CLionProjects/ws02_tools/install/cpp06_urdf/share/ament_index/resource_index/packages/cpp06_urdf
[0.265s] -- Up-to-date: /home/cl/CLionProjects/ws02_tools/install/cpp06_urdf/share/cpp06_urdf/cmake/cpp06_urdfConfig.cmake
[0.266s] -- Up-to-date: /home/cl/CLionProjects/ws02_tools/install/cpp06_urdf/share/cpp06_urdf/cmake/cpp06_urdfConfig-version.cmake
[0.266s] -- Up-to-date: /home/cl/CLionProjects/ws02_tools/install/cpp06_urdf/share/cpp06_urdf/package.xml
[0.267s] Invoked command in '/home/cl/CLionProjects/ws02_tools/build/cpp06_urdf' returned '0': CMAKE_PREFIX_PATH=/opt/ros/humble CONDA_PROMPT_MODIFIER=(base) /usr/bin/cmake --install /home/cl/CLionProjects/ws02_tools/build/cpp06_urdf
