[0.015s] Invoking command in '/home/cl/CLionProjects/ws02_tools/build/cpp01_launch': CMAKE_PREFIX_PATH=${CMAKE_PREFIX_PATH}:/home/cl/CLionProjects/ws02_tools/install/py01_launch:/opt/ros/humble CONDA_PROMPT_MODIFIER=(base) /usr/bin/cmake --build /home/cl/CLionProjects/ws02_tools/build/cpp01_launch -- -j8 -l8
[0.040s] -- Found ament_cmake: 1.3.11 (/opt/ros/humble/share/ament_cmake/cmake)
[0.197s] -- Found rclcpp: 16.0.11 (/opt/ros/humble/share/rclcpp/cmake)
[0.236s] -- Found rosidl_generator_c: 3.1.6 (/opt/ros/humble/share/rosidl_generator_c/cmake)
[0.240s] -- Found rosidl_adapter: 3.1.6 (/opt/ros/humble/share/rosidl_adapter/cmake)
[0.248s] -- Found rosidl_generator_cpp: 3.1.6 (/opt/ros/humble/share/rosidl_generator_cpp/cmake)
[0.263s] -- Using all available rosidl_typesupport_c: rosidl_typesupport_fastrtps_c;rosidl_typesupport_introspection_c
[0.280s] -- Using all available rosidl_typesupport_cpp: rosidl_typesupport_fastrtps_cpp;rosidl_typesupport_introspection_cpp
[0.323s] -- Found rmw_implementation_cmake: 6.1.2 (/opt/ros/humble/share/rmw_implementation_cmake/cmake)
[0.325s] -- Found rmw_fastrtps_cpp: 6.2.7 (/opt/ros/humble/share/rmw_fastrtps_cpp/cmake)
[0.428s] -- Using RMW implementation 'rmw_fastrtps_cpp' as default
[0.485s] -- Found ament_lint_auto: 0.12.11 (/opt/ros/humble/share/ament_lint_auto/cmake)
[0.573s] -- Added test 'flake8' to check Python code syntax and style conventions
[0.574s] -- Added test 'lint_cmake' to check CMake code style
[0.574s] -- Added test 'pep257' to check Python code against some of the docstring style conventions in PEP 257
[0.576s] -- Added test 'xmllint' to check XML markup files
[0.578s] -- Configuring done
[0.582s] -- Generating done
[0.584s] -- Build files have been written to: /home/cl/CLionProjects/ws02_tools/build/cpp01_launch
[0.610s] Invoked command in '/home/cl/CLionProjects/ws02_tools/build/cpp01_launch' returned '0': CMAKE_PREFIX_PATH=${CMAKE_PREFIX_PATH}:/home/cl/CLionProjects/ws02_tools/install/py01_launch:/opt/ros/humble CONDA_PROMPT_MODIFIER=(base) /usr/bin/cmake --build /home/cl/CLionProjects/ws02_tools/build/cpp01_launch -- -j8 -l8
[0.621s] Invoking command in '/home/cl/CLionProjects/ws02_tools/build/cpp01_launch': CMAKE_PREFIX_PATH=${CMAKE_PREFIX_PATH}:/home/cl/CLionProjects/ws02_tools/install/py01_launch:/opt/ros/humble CONDA_PROMPT_MODIFIER=(base) /usr/bin/cmake --install /home/cl/CLionProjects/ws02_tools/build/cpp01_launch
[0.630s] -- Install configuration: ""
[0.630s] -- Up-to-date: /home/cl/CLionProjects/ws02_tools/install/cpp01_launch/share/cpp01_launch/launch
[0.630s] -- Up-to-date: /home/cl/CLionProjects/ws02_tools/install/cpp01_launch/share/cpp01_launch/launch/py
[0.630s] -- Up-to-date: /home/cl/CLionProjects/ws02_tools/install/cpp01_launch/share/cpp01_launch/launch/py/py01_helloworld_launch.py
[0.630s] -- Up-to-date: /home/cl/CLionProjects/ws02_tools/install/cpp01_launch/share/cpp01_launch/launch/py/py02_node_launch.py
[0.630s] -- Up-to-date: /home/cl/CLionProjects/ws02_tools/install/cpp01_launch/share/cpp01_launch/launch/yaml
[0.630s] -- Up-to-date: /home/cl/CLionProjects/ws02_tools/install/cpp01_launch/share/cpp01_launch/launch/yaml/yaml01_helloworld_launch.yaml
[0.630s] -- Up-to-date: /home/cl/CLionProjects/ws02_tools/install/cpp01_launch/share/cpp01_launch/launch/xml
[0.631s] -- Up-to-date: /home/cl/CLionProjects/ws02_tools/install/cpp01_launch/share/cpp01_launch/launch/xml/xml01_helloworld_launch.xml
[0.631s] -- Installing: /home/cl/CLionProjects/ws02_tools/install/cpp01_launch/share/cpp01_launch/config
[0.631s] -- Installing: /home/cl/CLionProjects/ws02_tools/install/cpp01_launch/share/cpp01_launch/config/haha.yaml
[0.631s] -- Up-to-date: /home/cl/CLionProjects/ws02_tools/install/cpp01_launch/share/ament_index/resource_index/package_run_dependencies/cpp01_launch
[0.631s] -- Installing: /home/cl/CLionProjects/ws02_tools/install/cpp01_launch/share/ament_index/resource_index/parent_prefix_path/cpp01_launch
[0.631s] -- Up-to-date: /home/cl/CLionProjects/ws02_tools/install/cpp01_launch/share/cpp01_launch/environment/ament_prefix_path.sh
[0.631s] -- Installing: /home/cl/CLionProjects/ws02_tools/install/cpp01_launch/share/cpp01_launch/environment/ament_prefix_path.dsv
[0.631s] -- Up-to-date: /home/cl/CLionProjects/ws02_tools/install/cpp01_launch/share/cpp01_launch/environment/path.sh
[0.631s] -- Installing: /home/cl/CLionProjects/ws02_tools/install/cpp01_launch/share/cpp01_launch/environment/path.dsv
[0.631s] -- Up-to-date: /home/cl/CLionProjects/ws02_tools/install/cpp01_launch/share/cpp01_launch/local_setup.bash
[0.631s] -- Up-to-date: /home/cl/CLionProjects/ws02_tools/install/cpp01_launch/share/cpp01_launch/local_setup.sh
[0.632s] -- Up-to-date: /home/cl/CLionProjects/ws02_tools/install/cpp01_launch/share/cpp01_launch/local_setup.zsh
[0.632s] -- Installing: /home/cl/CLionProjects/ws02_tools/install/cpp01_launch/share/cpp01_launch/local_setup.dsv
[0.632s] -- Installing: /home/cl/CLionProjects/ws02_tools/install/cpp01_launch/share/cpp01_launch/package.dsv
[0.632s] -- Up-to-date: /home/cl/CLionProjects/ws02_tools/install/cpp01_launch/share/ament_index/resource_index/packages/cpp01_launch
[0.632s] -- Up-to-date: /home/cl/CLionProjects/ws02_tools/install/cpp01_launch/share/cpp01_launch/cmake/cpp01_launchConfig.cmake
[0.632s] -- Up-to-date: /home/cl/CLionProjects/ws02_tools/install/cpp01_launch/share/cpp01_launch/cmake/cpp01_launchConfig-version.cmake
[0.632s] -- Up-to-date: /home/cl/CLionProjects/ws02_tools/install/cpp01_launch/share/cpp01_launch/package.xml
[0.634s] Invoked command in '/home/cl/CLionProjects/ws02_tools/build/cpp01_launch' returned '0': CMAKE_PREFIX_PATH=${CMAKE_PREFIX_PATH}:/home/cl/CLionProjects/ws02_tools/install/py01_launch:/opt/ros/humble CONDA_PROMPT_MODIFIER=(base) /usr/bin/cmake --install /home/cl/CLionProjects/ws02_tools/build/cpp01_launch
