[0.028s] Invoking command in '/home/cl/CLionProjects/ws02_tools/build/cpp05_exercise': CMAKE_PREFIX_PATH=${CMAKE_PREFIX_PATH}:/home/cl/CLionProjects/ws02_tools/install/py02_rosbag:/home/cl/CLionProjects/ws02_tools/install/py01_launch:/opt/ros/humble CONDA_PROMPT_MODIFIER=(base) /usr/bin/cmake --build /home/cl/CLionProjects/ws02_tools/build/cpp05_exercise -- -j8 -l8
[0.363s] -- Found ament_cmake: 1.3.11 (/opt/ros/humble/share/ament_cmake/cmake)
[0.363s] -- Found rclcpp: 16.0.11 (/opt/ros/humble/share/rclcpp/cmake)
[0.363s] -- Found rosidl_generator_c: 3.1.6 (/opt/ros/humble/share/rosidl_generator_c/cmake)
[0.363s] -- Found rosidl_adapter: 3.1.6 (/opt/ros/humble/share/rosidl_adapter/cmake)
[0.363s] -- Found rosidl_generator_cpp: 3.1.6 (/opt/ros/humble/share/rosidl_generator_cpp/cmake)
[0.363s] -- Using all available rosidl_typesupport_c: rosidl_typesupport_fastrtps_c;rosidl_typesupport_introspection_c
[0.363s] -- Using all available rosidl_typesupport_cpp: rosidl_typesupport_fastrtps_cpp;rosidl_typesupport_introspection_cpp
[0.363s] -- Found rmw_implementation_cmake: 6.1.2 (/opt/ros/humble/share/rmw_implementation_cmake/cmake)
[0.363s] -- Found rmw_fastrtps_cpp: 6.2.7 (/opt/ros/humble/share/rmw_fastrtps_cpp/cmake)
[0.461s] -- Using RMW implementation 'rmw_fastrtps_cpp' as default
[0.518s] -- Found tf2: 0.25.12 (/opt/ros/humble/share/tf2/cmake)
[0.535s] -- Found tf2_ros: 0.25.12 (/opt/ros/humble/share/tf2_ros/cmake)
[0.639s] -- Found turtlesim: 1.4.2 (/opt/ros/humble/share/turtlesim/cmake)
[0.682s] -- Found ament_lint_auto: 0.12.11 (/opt/ros/humble/share/ament_lint_auto/cmake)
[1.015s] -- Added test 'cppcheck' to perform static code analysis on C / C++ code
[1.015s] -- Configured cppcheck include dirs: 
[1.016s] -- Configured cppcheck exclude dirs and/or files: 
[1.016s] -- Added test 'flake8' to check Python code syntax and style conventions
[1.017s] -- Added test 'lint_cmake' to check CMake code style
[1.020s] -- Added test 'pep257' to check Python code against some of the docstring style conventions in PEP 257
[1.021s] -- Added test 'uncrustify' to check C / C++ code style
[1.021s] -- Configured uncrustify additional arguments: 
[1.022s] -- Added test 'xmllint' to check XML markup files
[1.024s] -- Configuring done
[1.080s] -- Generating done
[1.112s] -- Build files have been written to: /home/cl/CLionProjects/ws02_tools/build/cpp05_exercise
[1.190s] [35m[1mConsolidate compiler generated dependencies of target exer02_tf_broadcaster[0m
[1.206s] [35m[1mConsolidate compiler generated dependencies of target exer01_spawn[0m
[1.221s] [35m[1mConsolidate compiler generated dependencies of target exer03_tf_listener[0m
[1.247s] [ 16%] [32mBuilding CXX object CMakeFiles/exer02_tf_broadcaster.dir/src/exer02_tf_broadcaster.cpp.o[0m
[1.262s] [ 50%] Built target exer01_spawn
[1.268s] [ 83%] Built target exer03_tf_listener
[11.064s] [100%] [32m[1mLinking CXX executable exer02_tf_broadcaster[0m
[11.509s] [100%] Built target exer02_tf_broadcaster
[11.521s] Invoked command in '/home/cl/CLionProjects/ws02_tools/build/cpp05_exercise' returned '0': CMAKE_PREFIX_PATH=${CMAKE_PREFIX_PATH}:/home/cl/CLionProjects/ws02_tools/install/py02_rosbag:/home/cl/CLionProjects/ws02_tools/install/py01_launch:/opt/ros/humble CONDA_PROMPT_MODIFIER=(base) /usr/bin/cmake --build /home/cl/CLionProjects/ws02_tools/build/cpp05_exercise -- -j8 -l8
[11.522s] Invoking command in '/home/cl/CLionProjects/ws02_tools/build/cpp05_exercise': CMAKE_PREFIX_PATH=${CMAKE_PREFIX_PATH}:/home/cl/CLionProjects/ws02_tools/install/py02_rosbag:/home/cl/CLionProjects/ws02_tools/install/py01_launch:/opt/ros/humble CONDA_PROMPT_MODIFIER=(base) /usr/bin/cmake --install /home/cl/CLionProjects/ws02_tools/build/cpp05_exercise
[11.530s] -- Install configuration: ""
[11.530s] -- Up-to-date: /home/cl/CLionProjects/ws02_tools/install/cpp05_exercise/lib/cpp05_exercise/exer01_spawn
[11.530s] -- Installing: /home/cl/CLionProjects/ws02_tools/install/cpp05_exercise/lib/cpp05_exercise/exer02_tf_broadcaster
[11.533s] -- Set runtime path of "/home/cl/CLionProjects/ws02_tools/install/cpp05_exercise/lib/cpp05_exercise/exer02_tf_broadcaster" to ""
[11.533s] -- Up-to-date: /home/cl/CLionProjects/ws02_tools/install/cpp05_exercise/lib/cpp05_exercise/exer03_tf_listener
[11.533s] -- Up-to-date: /home/cl/CLionProjects/ws02_tools/install/cpp05_exercise/share/cpp05_exercise/launch
[11.533s] -- Installing: /home/cl/CLionProjects/ws02_tools/install/cpp05_exercise/share/cpp05_exercise/launch/follow.launch.py
[11.533s] -- Up-to-date: /home/cl/CLionProjects/ws02_tools/install/cpp05_exercise/share/ament_index/resource_index/package_run_dependencies/cpp05_exercise
[11.533s] -- Installing: /home/cl/CLionProjects/ws02_tools/install/cpp05_exercise/share/ament_index/resource_index/parent_prefix_path/cpp05_exercise
[11.534s] -- Up-to-date: /home/cl/CLionProjects/ws02_tools/install/cpp05_exercise/share/cpp05_exercise/environment/ament_prefix_path.sh
[11.534s] -- Installing: /home/cl/CLionProjects/ws02_tools/install/cpp05_exercise/share/cpp05_exercise/environment/ament_prefix_path.dsv
[11.534s] -- Up-to-date: /home/cl/CLionProjects/ws02_tools/install/cpp05_exercise/share/cpp05_exercise/environment/path.sh
[11.534s] -- Installing: /home/cl/CLionProjects/ws02_tools/install/cpp05_exercise/share/cpp05_exercise/environment/path.dsv
[11.534s] -- Up-to-date: /home/cl/CLionProjects/ws02_tools/install/cpp05_exercise/share/cpp05_exercise/local_setup.bash
[11.534s] -- Up-to-date: /home/cl/CLionProjects/ws02_tools/install/cpp05_exercise/share/cpp05_exercise/local_setup.sh
[11.534s] -- Up-to-date: /home/cl/CLionProjects/ws02_tools/install/cpp05_exercise/share/cpp05_exercise/local_setup.zsh
[11.534s] -- Installing: /home/cl/CLionProjects/ws02_tools/install/cpp05_exercise/share/cpp05_exercise/local_setup.dsv
[11.534s] -- Installing: /home/cl/CLionProjects/ws02_tools/install/cpp05_exercise/share/cpp05_exercise/package.dsv
[11.534s] -- Up-to-date: /home/cl/CLionProjects/ws02_tools/install/cpp05_exercise/share/ament_index/resource_index/packages/cpp05_exercise
[11.534s] -- Up-to-date: /home/cl/CLionProjects/ws02_tools/install/cpp05_exercise/share/cpp05_exercise/cmake/cpp05_exerciseConfig.cmake
[11.534s] -- Up-to-date: /home/cl/CLionProjects/ws02_tools/install/cpp05_exercise/share/cpp05_exercise/cmake/cpp05_exerciseConfig-version.cmake
[11.534s] -- Up-to-date: /home/cl/CLionProjects/ws02_tools/install/cpp05_exercise/share/cpp05_exercise/package.xml
[11.536s] Invoked command in '/home/cl/CLionProjects/ws02_tools/build/cpp05_exercise' returned '0': CMAKE_PREFIX_PATH=${CMAKE_PREFIX_PATH}:/home/cl/CLionProjects/ws02_tools/install/py02_rosbag:/home/cl/CLionProjects/ws02_tools/install/py01_launch:/opt/ros/humble CONDA_PROMPT_MODIFIER=(base) /usr/bin/cmake --install /home/cl/CLionProjects/ws02_tools/build/cpp05_exercise
