[0.034s] Invoking command in '/home/cl/CLionProjects/ws02_tools/build/cpp02_rosbag': CMAKE_PREFIX_PATH=${CMAKE_PREFIX_PATH}:/home/cl/CLionProjects/ws02_tools/install/py02_rosbag:/home/cl/CLionProjects/ws02_tools/install/py01_launch:/opt/ros/humble CONDA_PROMPT_MODIFIER=(base) /usr/bin/cmake --build /home/cl/CLionProjects/ws02_tools/build/cpp02_rosbag -- -j8 -l8
[0.525s] [ 50%] Built target demo01_writer
[0.525s] [100%] Built target demo02_reader
[0.545s] Invoked command in '/home/cl/CLionProjects/ws02_tools/build/cpp02_rosbag' returned '0': CMAKE_PREFIX_PATH=${CMAKE_PREFIX_PATH}:/home/cl/CLionProjects/ws02_tools/install/py02_rosbag:/home/cl/CLionProjects/ws02_tools/install/py01_launch:/opt/ros/humble CONDA_PROMPT_MODIFIER=(base) /usr/bin/cmake --build /home/cl/CLionProjects/ws02_tools/build/cpp02_rosbag -- -j8 -l8
[0.547s] Invoking command in '/home/cl/CLionProjects/ws02_tools/build/cpp02_rosbag': CMAKE_PREFIX_PATH=${CMAKE_PREFIX_PATH}:/home/cl/CLionProjects/ws02_tools/install/py02_rosbag:/home/cl/CLionProjects/ws02_tools/install/py01_launch:/opt/ros/humble CONDA_PROMPT_MODIFIER=(base) /usr/bin/cmake --install /home/cl/CLionProjects/ws02_tools/build/cpp02_rosbag
[0.562s] -- Install configuration: ""
[0.563s] -- Up-to-date: /home/cl/CLionProjects/ws02_tools/install/cpp02_rosbag/lib/cpp02_rosbag/demo01_writer
[0.563s] -- Up-to-date: /home/cl/CLionProjects/ws02_tools/install/cpp02_rosbag/lib/cpp02_rosbag/demo02_reader
[0.564s] -- Up-to-date: /home/cl/CLionProjects/ws02_tools/install/cpp02_rosbag/share/ament_index/resource_index/package_run_dependencies/cpp02_rosbag
[0.564s] -- Up-to-date: /home/cl/CLionProjects/ws02_tools/install/cpp02_rosbag/share/ament_index/resource_index/parent_prefix_path/cpp02_rosbag
[0.564s] -- Up-to-date: /home/cl/CLionProjects/ws02_tools/install/cpp02_rosbag/share/cpp02_rosbag/environment/ament_prefix_path.sh
[0.564s] -- Up-to-date: /home/cl/CLionProjects/ws02_tools/install/cpp02_rosbag/share/cpp02_rosbag/environment/ament_prefix_path.dsv
[0.564s] -- Up-to-date: /home/cl/CLionProjects/ws02_tools/install/cpp02_rosbag/share/cpp02_rosbag/environment/path.sh
[0.564s] -- Up-to-date: /home/cl/CLionProjects/ws02_tools/install/cpp02_rosbag/share/cpp02_rosbag/environment/path.dsv
[0.564s] -- Up-to-date: /home/cl/CLionProjects/ws02_tools/install/cpp02_rosbag/share/cpp02_rosbag/local_setup.bash
[0.564s] -- Up-to-date: /home/cl/CLionProjects/ws02_tools/install/cpp02_rosbag/share/cpp02_rosbag/local_setup.sh
[0.564s] -- Up-to-date: /home/cl/CLionProjects/ws02_tools/install/cpp02_rosbag/share/cpp02_rosbag/local_setup.zsh
[0.564s] -- Up-to-date: /home/cl/CLionProjects/ws02_tools/install/cpp02_rosbag/share/cpp02_rosbag/local_setup.dsv
[0.564s] -- Installing: /home/cl/CLionProjects/ws02_tools/install/cpp02_rosbag/share/cpp02_rosbag/package.dsv
[0.564s] -- Up-to-date: /home/cl/CLionProjects/ws02_tools/install/cpp02_rosbag/share/ament_index/resource_index/packages/cpp02_rosbag
[0.564s] -- Up-to-date: /home/cl/CLionProjects/ws02_tools/install/cpp02_rosbag/share/cpp02_rosbag/cmake/cpp02_rosbagConfig.cmake
[0.564s] -- Up-to-date: /home/cl/CLionProjects/ws02_tools/install/cpp02_rosbag/share/cpp02_rosbag/cmake/cpp02_rosbagConfig-version.cmake
[0.564s] -- Up-to-date: /home/cl/CLionProjects/ws02_tools/install/cpp02_rosbag/share/cpp02_rosbag/package.xml
[0.638s] Invoked command in '/home/cl/CLionProjects/ws02_tools/build/cpp02_rosbag' returned '0': CMAKE_PREFIX_PATH=${CMAKE_PREFIX_PATH}:/home/cl/CLionProjects/ws02_tools/install/py02_rosbag:/home/cl/CLionProjects/ws02_tools/install/py01_launch:/opt/ros/humble CONDA_PROMPT_MODIFIER=(base) /usr/bin/cmake --install /home/cl/CLionProjects/ws02_tools/build/cpp02_rosbag
