[0.098s] DEBUG:colcon:Command line arguments: ['/usr/bin/colcon', 'build']
[0.099s] DEBUG:colcon:Parsed command line arguments: Namespace(log_base=None, log_level=None, verb_name='build', build_base='build', install_base='install', merge_install=False, symlink_install=False, test_result_base=None, continue_on_error=False, executor='parallel', parallel_workers=8, event_handlers=None, ignore_user_meta=False, metas=['./colcon.meta'], base_paths=['.'], packages_ignore=None, packages_ignore_regex=None, paths=None, packages_up_to=None, packages_up_to_regex=None, packages_above=None, packages_above_and_dependencies=None, packages_above_depth=None, packages_select_by_dep=None, packages_skip_by_dep=None, packages_skip_up_to=None, packages_select_build_failed=False, packages_skip_build_finished=False, packages_select_test_failures=False, packages_skip_test_passed=False, packages_select=None, packages_skip=None, packages_select_regex=None, packages_skip_regex=None, packages_start=None, packages_end=None, allow_overriding=[], cmake_args=None, cmake_target=None, cmake_target_skip_unavailable=False, cmake_clean_cache=False, cmake_clean_first=False, cmake_force_configure=False, ament_cmake_args=None, catkin_cmake_args=None, catkin_skip_building_tests=False, verb_parser=<colcon_defaults.argument_parser.defaults.DefaultArgumentsDecorator object at 0x7a737b4c3b20>, verb_extension=<colcon_core.verb.build.BuildVerb object at 0x7a737b66c8b0>, main=<bound method BuildVerb.main of <colcon_core.verb.build.BuildVerb object at 0x7a737b66c8b0>>)
[0.243s] Level 1:colcon.colcon_core.package_discovery:discover_packages(colcon_meta) check parameters
[0.243s] Level 1:colcon.colcon_core.package_discovery:discover_packages(recursive) check parameters
[0.243s] Level 1:colcon.colcon_core.package_discovery:discover_packages(ignore) check parameters
[0.243s] Level 1:colcon.colcon_core.package_discovery:discover_packages(path) check parameters
[0.244s] Level 1:colcon.colcon_core.package_discovery:discover_packages(colcon_meta) discover
[0.244s] Level 1:colcon.colcon_core.package_discovery:discover_packages(recursive) discover
[0.244s] INFO:colcon.colcon_core.package_discovery:Crawling recursively for packages in '/home/cl/CLionProjects/ws02_tools'
[0.244s] Level 1:colcon.colcon_core.package_identification:_identify(.) by extensions ['ignore', 'ignore_ament_install']
[0.244s] Level 1:colcon.colcon_core.package_identification:_identify(.) by extension 'ignore'
[0.244s] Level 1:colcon.colcon_core.package_identification:_identify(.) by extension 'ignore_ament_install'
[0.244s] Level 1:colcon.colcon_core.package_identification:_identify(.) by extensions ['colcon_pkg']
[0.244s] Level 1:colcon.colcon_core.package_identification:_identify(.) by extension 'colcon_pkg'
[0.244s] Level 1:colcon.colcon_core.package_identification:_identify(.) by extensions ['colcon_meta']
[0.244s] Level 1:colcon.colcon_core.package_identification:_identify(.) by extension 'colcon_meta'
[0.244s] Level 1:colcon.colcon_core.package_identification:_identify(.) by extensions ['ros']
[0.244s] Level 1:colcon.colcon_core.package_identification:_identify(.) by extension 'ros'
[0.254s] Level 1:colcon.colcon_core.package_identification:_identify(.) by extensions ['cmake', 'python']
[0.254s] Level 1:colcon.colcon_core.package_identification:_identify(.) by extension 'cmake'
[0.254s] Level 1:colcon.colcon_core.package_identification:_identify(.) by extension 'python'
[0.254s] Level 1:colcon.colcon_core.package_identification:_identify(.) by extensions ['python_setup_py']
[0.254s] Level 1:colcon.colcon_core.package_identification:_identify(.) by extension 'python_setup_py'
[0.254s] Level 1:colcon.colcon_core.package_identification:_identify(build) by extensions ['ignore', 'ignore_ament_install']
[0.254s] Level 1:colcon.colcon_core.package_identification:_identify(build) by extension 'ignore'
[0.254s] Level 1:colcon.colcon_core.package_identification:_identify(build) ignored
[0.255s] Level 1:colcon.colcon_core.package_identification:_identify(install) by extensions ['ignore', 'ignore_ament_install']
[0.255s] Level 1:colcon.colcon_core.package_identification:_identify(install) by extension 'ignore'
[0.255s] Level 1:colcon.colcon_core.package_identification:_identify(install) ignored
[0.255s] Level 1:colcon.colcon_core.package_identification:_identify(log) by extensions ['ignore', 'ignore_ament_install']
[0.255s] Level 1:colcon.colcon_core.package_identification:_identify(log) by extension 'ignore'
[0.255s] Level 1:colcon.colcon_core.package_identification:_identify(log) ignored
[0.255s] Level 1:colcon.colcon_core.package_identification:_identify(my_bag) by extensions ['ignore', 'ignore_ament_install']
[0.255s] Level 1:colcon.colcon_core.package_identification:_identify(my_bag) by extension 'ignore'
[0.255s] Level 1:colcon.colcon_core.package_identification:_identify(my_bag) by extension 'ignore_ament_install'
[0.255s] Level 1:colcon.colcon_core.package_identification:_identify(my_bag) by extensions ['colcon_pkg']
[0.255s] Level 1:colcon.colcon_core.package_identification:_identify(my_bag) by extension 'colcon_pkg'
[0.255s] Level 1:colcon.colcon_core.package_identification:_identify(my_bag) by extensions ['colcon_meta']
[0.255s] Level 1:colcon.colcon_core.package_identification:_identify(my_bag) by extension 'colcon_meta'
[0.255s] Level 1:colcon.colcon_core.package_identification:_identify(my_bag) by extensions ['ros']
[0.255s] Level 1:colcon.colcon_core.package_identification:_identify(my_bag) by extension 'ros'
[0.255s] Level 1:colcon.colcon_core.package_identification:_identify(my_bag) by extensions ['cmake', 'python']
[0.255s] Level 1:colcon.colcon_core.package_identification:_identify(my_bag) by extension 'cmake'
[0.255s] Level 1:colcon.colcon_core.package_identification:_identify(my_bag) by extension 'python'
[0.255s] Level 1:colcon.colcon_core.package_identification:_identify(my_bag) by extensions ['python_setup_py']
[0.256s] Level 1:colcon.colcon_core.package_identification:_identify(my_bag) by extension 'python_setup_py'
[0.256s] Level 1:colcon.colcon_core.package_identification:_identify(src) by extensions ['ignore', 'ignore_ament_install']
[0.256s] Level 1:colcon.colcon_core.package_identification:_identify(src) by extension 'ignore'
[0.256s] Level 1:colcon.colcon_core.package_identification:_identify(src) by extension 'ignore_ament_install'
[0.256s] Level 1:colcon.colcon_core.package_identification:_identify(src) by extensions ['colcon_pkg']
[0.256s] Level 1:colcon.colcon_core.package_identification:_identify(src) by extension 'colcon_pkg'
[0.256s] Level 1:colcon.colcon_core.package_identification:_identify(src) by extensions ['colcon_meta']
[0.256s] Level 1:colcon.colcon_core.package_identification:_identify(src) by extension 'colcon_meta'
[0.256s] Level 1:colcon.colcon_core.package_identification:_identify(src) by extensions ['ros']
[0.256s] Level 1:colcon.colcon_core.package_identification:_identify(src) by extension 'ros'
[0.256s] Level 1:colcon.colcon_core.package_identification:_identify(src) by extensions ['cmake', 'python']
[0.256s] Level 1:colcon.colcon_core.package_identification:_identify(src) by extension 'cmake'
[0.256s] Level 1:colcon.colcon_core.package_identification:_identify(src) by extension 'python'
[0.256s] Level 1:colcon.colcon_core.package_identification:_identify(src) by extensions ['python_setup_py']
[0.256s] Level 1:colcon.colcon_core.package_identification:_identify(src) by extension 'python_setup_py'
[0.256s] Level 1:colcon.colcon_core.package_identification:_identify(src/cpp01_launch) by extensions ['ignore', 'ignore_ament_install']
[0.256s] Level 1:colcon.colcon_core.package_identification:_identify(src/cpp01_launch) by extension 'ignore'
[0.256s] Level 1:colcon.colcon_core.package_identification:_identify(src/cpp01_launch) by extension 'ignore_ament_install'
[0.256s] Level 1:colcon.colcon_core.package_identification:_identify(src/cpp01_launch) by extensions ['colcon_pkg']
[0.256s] Level 1:colcon.colcon_core.package_identification:_identify(src/cpp01_launch) by extension 'colcon_pkg'
[0.256s] Level 1:colcon.colcon_core.package_identification:_identify(src/cpp01_launch) by extensions ['colcon_meta']
[0.256s] Level 1:colcon.colcon_core.package_identification:_identify(src/cpp01_launch) by extension 'colcon_meta'
[0.256s] Level 1:colcon.colcon_core.package_identification:_identify(src/cpp01_launch) by extensions ['ros']
[0.257s] Level 1:colcon.colcon_core.package_identification:_identify(src/cpp01_launch) by extension 'ros'
[0.259s] DEBUG:colcon.colcon_core.package_identification:Package 'src/cpp01_launch' with type 'ros.ament_cmake' and name 'cpp01_launch'
[0.259s] Level 1:colcon.colcon_core.package_identification:_identify(src/cpp02_rosbag) by extensions ['ignore', 'ignore_ament_install']
[0.259s] Level 1:colcon.colcon_core.package_identification:_identify(src/cpp02_rosbag) by extension 'ignore'
[0.260s] Level 1:colcon.colcon_core.package_identification:_identify(src/cpp02_rosbag) by extension 'ignore_ament_install'
[0.260s] Level 1:colcon.colcon_core.package_identification:_identify(src/cpp02_rosbag) by extensions ['colcon_pkg']
[0.260s] Level 1:colcon.colcon_core.package_identification:_identify(src/cpp02_rosbag) by extension 'colcon_pkg'
[0.260s] Level 1:colcon.colcon_core.package_identification:_identify(src/cpp02_rosbag) by extensions ['colcon_meta']
[0.260s] Level 1:colcon.colcon_core.package_identification:_identify(src/cpp02_rosbag) by extension 'colcon_meta'
[0.260s] Level 1:colcon.colcon_core.package_identification:_identify(src/cpp02_rosbag) by extensions ['ros']
[0.260s] Level 1:colcon.colcon_core.package_identification:_identify(src/cpp02_rosbag) by extension 'ros'
[0.260s] DEBUG:colcon.colcon_core.package_identification:Package 'src/cpp02_rosbag' with type 'ros.ament_cmake' and name 'cpp02_rosbag'
[0.261s] Level 1:colcon.colcon_core.package_identification:_identify(src/py01_launch) by extensions ['ignore', 'ignore_ament_install']
[0.261s] Level 1:colcon.colcon_core.package_identification:_identify(src/py01_launch) by extension 'ignore'
[0.261s] Level 1:colcon.colcon_core.package_identification:_identify(src/py01_launch) by extension 'ignore_ament_install'
[0.261s] Level 1:colcon.colcon_core.package_identification:_identify(src/py01_launch) by extensions ['colcon_pkg']
[0.261s] Level 1:colcon.colcon_core.package_identification:_identify(src/py01_launch) by extension 'colcon_pkg'
[0.261s] Level 1:colcon.colcon_core.package_identification:_identify(src/py01_launch) by extensions ['colcon_meta']
[0.261s] Level 1:colcon.colcon_core.package_identification:_identify(src/py01_launch) by extension 'colcon_meta'
[0.261s] Level 1:colcon.colcon_core.package_identification:_identify(src/py01_launch) by extensions ['ros']
[0.261s] Level 1:colcon.colcon_core.package_identification:_identify(src/py01_launch) by extension 'ros'
[0.262s] DEBUG:colcon.colcon_core.package_identification:Package 'src/py01_launch' with type 'ros.ament_python' and name 'py01_launch'
[0.262s] Level 1:colcon.colcon_core.package_identification:_identify(src/py02_rosbag) by extensions ['ignore', 'ignore_ament_install']
[0.262s] Level 1:colcon.colcon_core.package_identification:_identify(src/py02_rosbag) by extension 'ignore'
[0.262s] Level 1:colcon.colcon_core.package_identification:_identify(src/py02_rosbag) by extension 'ignore_ament_install'
[0.262s] Level 1:colcon.colcon_core.package_identification:_identify(src/py02_rosbag) by extensions ['colcon_pkg']
[0.262s] Level 1:colcon.colcon_core.package_identification:_identify(src/py02_rosbag) by extension 'colcon_pkg'
[0.262s] Level 1:colcon.colcon_core.package_identification:_identify(src/py02_rosbag) by extensions ['colcon_meta']
[0.262s] Level 1:colcon.colcon_core.package_identification:_identify(src/py02_rosbag) by extension 'colcon_meta'
[0.262s] Level 1:colcon.colcon_core.package_identification:_identify(src/py02_rosbag) by extensions ['ros']
[0.262s] Level 1:colcon.colcon_core.package_identification:_identify(src/py02_rosbag) by extension 'ros'
[0.263s] DEBUG:colcon.colcon_core.package_identification:Package 'src/py02_rosbag' with type 'ros.ament_python' and name 'py02_rosbag'
[0.263s] Level 1:colcon.colcon_core.package_discovery:discover_packages(recursive) using defaults
[0.263s] Level 1:colcon.colcon_core.package_discovery:discover_packages(ignore) discover
[0.263s] Level 1:colcon.colcon_core.package_discovery:discover_packages(ignore) using defaults
[0.263s] Level 1:colcon.colcon_core.package_discovery:discover_packages(path) discover
[0.263s] Level 1:colcon.colcon_core.package_discovery:discover_packages(path) using defaults
[0.280s] Level 1:colcon.colcon_core.package_discovery:discover_packages(prefix_path) check parameters
[0.280s] Level 1:colcon.colcon_core.package_discovery:discover_packages(prefix_path) discover
[0.282s] DEBUG:colcon.colcon_installed_package_information.package_discovery:Found 281 installed packages in /opt/ros/humble
[0.295s] Level 1:colcon.colcon_core.package_discovery:discover_packages(prefix_path) using defaults
[0.328s] Level 5:colcon.colcon_core.verb:set package 'cpp01_launch' build argument 'cmake_args' from command line to 'None'
[0.328s] Level 5:colcon.colcon_core.verb:set package 'cpp01_launch' build argument 'cmake_target' from command line to 'None'
[0.328s] Level 5:colcon.colcon_core.verb:set package 'cpp01_launch' build argument 'cmake_target_skip_unavailable' from command line to 'False'
[0.328s] Level 5:colcon.colcon_core.verb:set package 'cpp01_launch' build argument 'cmake_clean_cache' from command line to 'False'
[0.328s] Level 5:colcon.colcon_core.verb:set package 'cpp01_launch' build argument 'cmake_clean_first' from command line to 'False'
[0.328s] Level 5:colcon.colcon_core.verb:set package 'cpp01_launch' build argument 'cmake_force_configure' from command line to 'False'
[0.328s] Level 5:colcon.colcon_core.verb:set package 'cpp01_launch' build argument 'ament_cmake_args' from command line to 'None'
[0.328s] Level 5:colcon.colcon_core.verb:set package 'cpp01_launch' build argument 'catkin_cmake_args' from command line to 'None'
[0.328s] Level 5:colcon.colcon_core.verb:set package 'cpp01_launch' build argument 'catkin_skip_building_tests' from command line to 'False'
[0.328s] DEBUG:colcon.colcon_core.verb:Building package 'cpp01_launch' with the following arguments: {'ament_cmake_args': None, 'build_base': '/home/cl/CLionProjects/ws02_tools/build/cpp01_launch', 'catkin_cmake_args': None, 'catkin_skip_building_tests': False, 'cmake_args': None, 'cmake_clean_cache': False, 'cmake_clean_first': False, 'cmake_force_configure': False, 'cmake_target': None, 'cmake_target_skip_unavailable': False, 'install_base': '/home/cl/CLionProjects/ws02_tools/install/cpp01_launch', 'merge_install': False, 'path': '/home/cl/CLionProjects/ws02_tools/src/cpp01_launch', 'symlink_install': False, 'test_result_base': None}
[0.328s] Level 5:colcon.colcon_core.verb:set package 'cpp02_rosbag' build argument 'cmake_args' from command line to 'None'
[0.328s] Level 5:colcon.colcon_core.verb:set package 'cpp02_rosbag' build argument 'cmake_target' from command line to 'None'
[0.328s] Level 5:colcon.colcon_core.verb:set package 'cpp02_rosbag' build argument 'cmake_target_skip_unavailable' from command line to 'False'
[0.328s] Level 5:colcon.colcon_core.verb:set package 'cpp02_rosbag' build argument 'cmake_clean_cache' from command line to 'False'
[0.328s] Level 5:colcon.colcon_core.verb:set package 'cpp02_rosbag' build argument 'cmake_clean_first' from command line to 'False'
[0.328s] Level 5:colcon.colcon_core.verb:set package 'cpp02_rosbag' build argument 'cmake_force_configure' from command line to 'False'
[0.328s] Level 5:colcon.colcon_core.verb:set package 'cpp02_rosbag' build argument 'ament_cmake_args' from command line to 'None'
[0.329s] Level 5:colcon.colcon_core.verb:set package 'cpp02_rosbag' build argument 'catkin_cmake_args' from command line to 'None'
[0.329s] Level 5:colcon.colcon_core.verb:set package 'cpp02_rosbag' build argument 'catkin_skip_building_tests' from command line to 'False'
[0.329s] DEBUG:colcon.colcon_core.verb:Building package 'cpp02_rosbag' with the following arguments: {'ament_cmake_args': None, 'build_base': '/home/cl/CLionProjects/ws02_tools/build/cpp02_rosbag', 'catkin_cmake_args': None, 'catkin_skip_building_tests': False, 'cmake_args': None, 'cmake_clean_cache': False, 'cmake_clean_first': False, 'cmake_force_configure': False, 'cmake_target': None, 'cmake_target_skip_unavailable': False, 'install_base': '/home/cl/CLionProjects/ws02_tools/install/cpp02_rosbag', 'merge_install': False, 'path': '/home/cl/CLionProjects/ws02_tools/src/cpp02_rosbag', 'symlink_install': False, 'test_result_base': None}
[0.329s] Level 5:colcon.colcon_core.verb:set package 'py01_launch' build argument 'cmake_args' from command line to 'None'
[0.329s] Level 5:colcon.colcon_core.verb:set package 'py01_launch' build argument 'cmake_target' from command line to 'None'
[0.329s] Level 5:colcon.colcon_core.verb:set package 'py01_launch' build argument 'cmake_target_skip_unavailable' from command line to 'False'
[0.329s] Level 5:colcon.colcon_core.verb:set package 'py01_launch' build argument 'cmake_clean_cache' from command line to 'False'
[0.329s] Level 5:colcon.colcon_core.verb:set package 'py01_launch' build argument 'cmake_clean_first' from command line to 'False'
[0.329s] Level 5:colcon.colcon_core.verb:set package 'py01_launch' build argument 'cmake_force_configure' from command line to 'False'
[0.329s] Level 5:colcon.colcon_core.verb:set package 'py01_launch' build argument 'ament_cmake_args' from command line to 'None'
[0.329s] Level 5:colcon.colcon_core.verb:set package 'py01_launch' build argument 'catkin_cmake_args' from command line to 'None'
[0.329s] Level 5:colcon.colcon_core.verb:set package 'py01_launch' build argument 'catkin_skip_building_tests' from command line to 'False'
[0.329s] DEBUG:colcon.colcon_core.verb:Building package 'py01_launch' with the following arguments: {'ament_cmake_args': None, 'build_base': '/home/cl/CLionProjects/ws02_tools/build/py01_launch', 'catkin_cmake_args': None, 'catkin_skip_building_tests': False, 'cmake_args': None, 'cmake_clean_cache': False, 'cmake_clean_first': False, 'cmake_force_configure': False, 'cmake_target': None, 'cmake_target_skip_unavailable': False, 'install_base': '/home/cl/CLionProjects/ws02_tools/install/py01_launch', 'merge_install': False, 'path': '/home/cl/CLionProjects/ws02_tools/src/py01_launch', 'symlink_install': False, 'test_result_base': None}
[0.329s] Level 5:colcon.colcon_core.verb:set package 'py02_rosbag' build argument 'cmake_args' from command line to 'None'
[0.329s] Level 5:colcon.colcon_core.verb:set package 'py02_rosbag' build argument 'cmake_target' from command line to 'None'
[0.329s] Level 5:colcon.colcon_core.verb:set package 'py02_rosbag' build argument 'cmake_target_skip_unavailable' from command line to 'False'
[0.329s] Level 5:colcon.colcon_core.verb:set package 'py02_rosbag' build argument 'cmake_clean_cache' from command line to 'False'
[0.329s] Level 5:colcon.colcon_core.verb:set package 'py02_rosbag' build argument 'cmake_clean_first' from command line to 'False'
[0.330s] Level 5:colcon.colcon_core.verb:set package 'py02_rosbag' build argument 'cmake_force_configure' from command line to 'False'
[0.330s] Level 5:colcon.colcon_core.verb:set package 'py02_rosbag' build argument 'ament_cmake_args' from command line to 'None'
[0.330s] Level 5:colcon.colcon_core.verb:set package 'py02_rosbag' build argument 'catkin_cmake_args' from command line to 'None'
[0.330s] Level 5:colcon.colcon_core.verb:set package 'py02_rosbag' build argument 'catkin_skip_building_tests' from command line to 'False'
[0.330s] DEBUG:colcon.colcon_core.verb:Building package 'py02_rosbag' with the following arguments: {'ament_cmake_args': None, 'build_base': '/home/cl/CLionProjects/ws02_tools/build/py02_rosbag', 'catkin_cmake_args': None, 'catkin_skip_building_tests': False, 'cmake_args': None, 'cmake_clean_cache': False, 'cmake_clean_first': False, 'cmake_force_configure': False, 'cmake_target': None, 'cmake_target_skip_unavailable': False, 'install_base': '/home/cl/CLionProjects/ws02_tools/install/py02_rosbag', 'merge_install': False, 'path': '/home/cl/CLionProjects/ws02_tools/src/py02_rosbag', 'symlink_install': False, 'test_result_base': None}
[0.330s] INFO:colcon.colcon_core.executor:Executing jobs using 'parallel' executor
[0.331s] DEBUG:colcon.colcon_parallel_executor.executor.parallel:run_until_complete
[0.331s] INFO:colcon.colcon_ros.task.ament_cmake.build:Building ROS package in '/home/cl/CLionProjects/ws02_tools/src/cpp01_launch' with build type 'ament_cmake'
[0.331s] INFO:colcon.colcon_cmake.task.cmake.build:Building CMake package in '/home/cl/CLionProjects/ws02_tools/src/cpp01_launch'
[0.333s] INFO:colcon.colcon_core.plugin_system:Skipping extension 'colcon_core.shell.bat': Not used on non-Windows systems
[0.333s] INFO:colcon.colcon_core.shell:Skip shell extension 'powershell' for command environment: Not usable outside of PowerShell
[0.333s] DEBUG:colcon.colcon_core.shell:Skip shell extension 'dsv' for command environment
[0.335s] INFO:colcon.colcon_ros.task.ament_cmake.build:Building ROS package in '/home/cl/CLionProjects/ws02_tools/src/cpp02_rosbag' with build type 'ament_cmake'
[0.335s] INFO:colcon.colcon_cmake.task.cmake.build:Building CMake package in '/home/cl/CLionProjects/ws02_tools/src/cpp02_rosbag'
[0.335s] INFO:colcon.colcon_core.shell:Skip shell extension 'powershell' for command environment: Not usable outside of PowerShell
[0.336s] DEBUG:colcon.colcon_core.shell:Skip shell extension 'dsv' for command environment
[0.337s] INFO:colcon.colcon_ros.task.ament_python.build:Building ROS package in '/home/cl/CLionProjects/ws02_tools/src/py01_launch' with build type 'ament_python'
[0.337s] Level 1:colcon.colcon_core.shell:create_environment_hook('py01_launch', 'ament_prefix_path')
[0.338s] INFO:colcon.colcon_core.shell:Creating environment hook '/home/cl/CLionProjects/ws02_tools/install/py01_launch/share/py01_launch/hook/ament_prefix_path.ps1'
[0.338s] INFO:colcon.colcon_core.shell:Creating environment descriptor '/home/cl/CLionProjects/ws02_tools/install/py01_launch/share/py01_launch/hook/ament_prefix_path.dsv'
[0.339s] INFO:colcon.colcon_core.shell:Creating environment hook '/home/cl/CLionProjects/ws02_tools/install/py01_launch/share/py01_launch/hook/ament_prefix_path.sh'
[0.339s] INFO:colcon.colcon_core.shell:Skip shell extension 'powershell' for command environment: Not usable outside of PowerShell
[0.339s] DEBUG:colcon.colcon_core.shell:Skip shell extension 'dsv' for command environment
[0.342s] INFO:colcon.colcon_ros.task.ament_python.build:Building ROS package in '/home/cl/CLionProjects/ws02_tools/src/py02_rosbag' with build type 'ament_python'
[0.342s] Level 1:colcon.colcon_core.shell:create_environment_hook('py02_rosbag', 'ament_prefix_path')
[0.343s] INFO:colcon.colcon_core.shell:Creating environment hook '/home/cl/CLionProjects/ws02_tools/install/py02_rosbag/share/py02_rosbag/hook/ament_prefix_path.ps1'
[0.343s] INFO:colcon.colcon_core.shell:Creating environment descriptor '/home/cl/CLionProjects/ws02_tools/install/py02_rosbag/share/py02_rosbag/hook/ament_prefix_path.dsv'
[0.344s] INFO:colcon.colcon_core.shell:Creating environment hook '/home/cl/CLionProjects/ws02_tools/install/py02_rosbag/share/py02_rosbag/hook/ament_prefix_path.sh'
[0.344s] INFO:colcon.colcon_core.shell:Skip shell extension 'powershell' for command environment: Not usable outside of PowerShell
[0.344s] DEBUG:colcon.colcon_core.shell:Skip shell extension 'dsv' for command environment
[0.349s] DEBUG:colcon.colcon_core.event_handler.log_command:Invoking command in '/home/cl/CLionProjects/ws02_tools/build/cpp01_launch': CMAKE_PREFIX_PATH=/opt/ros/humble CONDA_PROMPT_MODIFIER=(base) /usr/bin/cmake /home/cl/CLionProjects/ws02_tools/src/cpp01_launch -DCMAKE_INSTALL_PREFIX=/home/cl/CLionProjects/ws02_tools/install/cpp01_launch
[0.352s] DEBUG:colcon.colcon_core.event_handler.log_command:Invoking command in '/home/cl/CLionProjects/ws02_tools/build/cpp02_rosbag': CMAKE_PREFIX_PATH=/opt/ros/humble CONDA_PROMPT_MODIFIER=(base) /usr/bin/cmake /home/cl/CLionProjects/ws02_tools/src/cpp02_rosbag -DCMAKE_INSTALL_PREFIX=/home/cl/CLionProjects/ws02_tools/install/cpp02_rosbag
[0.611s] INFO:colcon.colcon_core.task.python.build:Building Python package in '/home/cl/CLionProjects/ws02_tools/src/py01_launch'
[0.611s] INFO:colcon.colcon_core.shell:Skip shell extension 'powershell' for command environment: Not usable outside of PowerShell
[0.611s] DEBUG:colcon.colcon_core.shell:Skip shell extension 'dsv' for command environment
[0.893s] INFO:colcon.colcon_core.task.python.build:Building Python package in '/home/cl/CLionProjects/ws02_tools/src/py02_rosbag'
[0.893s] INFO:colcon.colcon_core.shell:Skip shell extension 'powershell' for command environment: Not usable outside of PowerShell
[0.893s] DEBUG:colcon.colcon_core.shell:Skip shell extension 'dsv' for command environment
[1.267s] DEBUG:colcon.colcon_core.event_handler.log_command:Invoking command in '/home/cl/CLionProjects/ws02_tools/src/py01_launch': CONDA_PROMPT_MODIFIER=(base) PYTHONPATH=/home/cl/CLionProjects/ws02_tools/build/py01_launch/prefix_override:/usr/lib/python3/dist-packages/colcon_core/task/python/colcon_distutils_commands:/home/cl/CLionProjects/ws02_tools/install/py01_launch/lib/python3.10/site-packages:${PYTHONPATH} /usr/bin/python3 -W ignore:setup.py install is deprecated -W ignore:easy_install command is deprecated setup.py egg_info --egg-base ../../build/py01_launch build --build-base /home/cl/CLionProjects/ws02_tools/build/py01_launch/build install --record /home/cl/CLionProjects/ws02_tools/build/py01_launch/install.log --single-version-externally-managed install_data
[1.293s] DEBUG:colcon.colcon_core.event_handler.log_command:Invoking command in '/home/cl/CLionProjects/ws02_tools/src/py02_rosbag': CONDA_PROMPT_MODIFIER=(base) PYTHONPATH=/home/cl/CLionProjects/ws02_tools/build/py02_rosbag/prefix_override:/usr/lib/python3/dist-packages/colcon_core/task/python/colcon_distutils_commands:/home/cl/CLionProjects/ws02_tools/install/py02_rosbag/lib/python3.10/site-packages:${PYTHONPATH} /usr/bin/python3 -W ignore:setup.py install is deprecated -W ignore:easy_install command is deprecated setup.py egg_info --egg-base ../../build/py02_rosbag build --build-base /home/cl/CLionProjects/ws02_tools/build/py02_rosbag/build install --record /home/cl/CLionProjects/ws02_tools/build/py02_rosbag/install.log --single-version-externally-managed install_data
[1.620s] DEBUG:colcon.colcon_core.event_handler.log_command:Invoked command in '/home/cl/CLionProjects/ws02_tools/src/py01_launch' returned '0': CONDA_PROMPT_MODIFIER=(base) PYTHONPATH=/home/cl/CLionProjects/ws02_tools/build/py01_launch/prefix_override:/usr/lib/python3/dist-packages/colcon_core/task/python/colcon_distutils_commands:/home/cl/CLionProjects/ws02_tools/install/py01_launch/lib/python3.10/site-packages:${PYTHONPATH} /usr/bin/python3 -W ignore:setup.py install is deprecated -W ignore:easy_install command is deprecated setup.py egg_info --egg-base ../../build/py01_launch build --build-base /home/cl/CLionProjects/ws02_tools/build/py01_launch/build install --record /home/cl/CLionProjects/ws02_tools/build/py01_launch/install.log --single-version-externally-managed install_data
[1.623s] Level 1:colcon.colcon_core.environment:checking '/home/cl/CLionProjects/ws02_tools/install/py01_launch' for CMake module files
[1.624s] Level 1:colcon.colcon_core.environment:checking '/home/cl/CLionProjects/ws02_tools/install/py01_launch' for CMake config files
[1.625s] Level 1:colcon.colcon_core.environment:checking '/home/cl/CLionProjects/ws02_tools/install/py01_launch/lib'
[1.625s] Level 1:colcon.colcon_core.environment:checking '/home/cl/CLionProjects/ws02_tools/install/py01_launch/bin'
[1.625s] Level 1:colcon.colcon_core.environment:checking '/home/cl/CLionProjects/ws02_tools/install/py01_launch/lib/pkgconfig/py01_launch.pc'
[1.625s] Level 1:colcon.colcon_core.environment:checking '/home/cl/CLionProjects/ws02_tools/install/py01_launch/lib/python3.10/site-packages'
[1.625s] Level 1:colcon.colcon_core.shell:create_environment_hook('py01_launch', 'pythonpath')
[1.625s] INFO:colcon.colcon_core.shell:Creating environment hook '/home/cl/CLionProjects/ws02_tools/install/py01_launch/share/py01_launch/hook/pythonpath.ps1'
[1.626s] INFO:colcon.colcon_core.shell:Creating environment descriptor '/home/cl/CLionProjects/ws02_tools/install/py01_launch/share/py01_launch/hook/pythonpath.dsv'
[1.626s] INFO:colcon.colcon_core.shell:Creating environment hook '/home/cl/CLionProjects/ws02_tools/install/py01_launch/share/py01_launch/hook/pythonpath.sh'
[1.627s] Level 1:colcon.colcon_core.environment:checking '/home/cl/CLionProjects/ws02_tools/install/py01_launch/bin'
[1.627s] Level 1:colcon.colcon_core.environment:create_environment_scripts_only(py01_launch)
[1.627s] INFO:colcon.colcon_core.shell:Creating package script '/home/cl/CLionProjects/ws02_tools/install/py01_launch/share/py01_launch/package.ps1'
[1.628s] INFO:colcon.colcon_core.shell:Creating package descriptor '/home/cl/CLionProjects/ws02_tools/install/py01_launch/share/py01_launch/package.dsv'
[1.628s] INFO:colcon.colcon_core.shell:Creating package script '/home/cl/CLionProjects/ws02_tools/install/py01_launch/share/py01_launch/package.sh'
[1.629s] INFO:colcon.colcon_core.shell:Creating package script '/home/cl/CLionProjects/ws02_tools/install/py01_launch/share/py01_launch/package.bash'
[1.630s] INFO:colcon.colcon_core.shell:Creating package script '/home/cl/CLionProjects/ws02_tools/install/py01_launch/share/py01_launch/package.zsh'
[1.631s] Level 1:colcon.colcon_core.environment:create_file_with_runtime_dependencies(/home/cl/CLionProjects/ws02_tools/install/py01_launch/share/colcon-core/packages/py01_launch)
[1.639s] Level 1:colcon.colcon_core.environment:checking '/home/cl/CLionProjects/ws02_tools/install/py02_rosbag' for CMake module files
[1.640s] DEBUG:colcon.colcon_core.event_handler.log_command:Invoked command in '/home/cl/CLionProjects/ws02_tools/src/py02_rosbag' returned '0': CONDA_PROMPT_MODIFIER=(base) PYTHONPATH=/home/cl/CLionProjects/ws02_tools/build/py02_rosbag/prefix_override:/usr/lib/python3/dist-packages/colcon_core/task/python/colcon_distutils_commands:/home/cl/CLionProjects/ws02_tools/install/py02_rosbag/lib/python3.10/site-packages:${PYTHONPATH} /usr/bin/python3 -W ignore:setup.py install is deprecated -W ignore:easy_install command is deprecated setup.py egg_info --egg-base ../../build/py02_rosbag build --build-base /home/cl/CLionProjects/ws02_tools/build/py02_rosbag/build install --record /home/cl/CLionProjects/ws02_tools/build/py02_rosbag/install.log --single-version-externally-managed install_data
[1.640s] Level 1:colcon.colcon_core.environment:checking '/home/cl/CLionProjects/ws02_tools/install/py02_rosbag' for CMake config files
[1.640s] Level 1:colcon.colcon_core.environment:checking '/home/cl/CLionProjects/ws02_tools/install/py02_rosbag/lib'
[1.640s] Level 1:colcon.colcon_core.environment:checking '/home/cl/CLionProjects/ws02_tools/install/py02_rosbag/bin'
[1.640s] Level 1:colcon.colcon_core.environment:checking '/home/cl/CLionProjects/ws02_tools/install/py02_rosbag/lib/pkgconfig/py02_rosbag.pc'
[1.641s] Level 1:colcon.colcon_core.environment:checking '/home/cl/CLionProjects/ws02_tools/install/py02_rosbag/lib/python3.10/site-packages'
[1.641s] Level 1:colcon.colcon_core.shell:create_environment_hook('py02_rosbag', 'pythonpath')
[1.641s] INFO:colcon.colcon_core.shell:Creating environment hook '/home/cl/CLionProjects/ws02_tools/install/py02_rosbag/share/py02_rosbag/hook/pythonpath.ps1'
[1.641s] INFO:colcon.colcon_core.shell:Creating environment descriptor '/home/cl/CLionProjects/ws02_tools/install/py02_rosbag/share/py02_rosbag/hook/pythonpath.dsv'
[1.642s] INFO:colcon.colcon_core.shell:Creating environment hook '/home/cl/CLionProjects/ws02_tools/install/py02_rosbag/share/py02_rosbag/hook/pythonpath.sh'
[1.642s] Level 1:colcon.colcon_core.environment:checking '/home/cl/CLionProjects/ws02_tools/install/py02_rosbag/bin'
[1.642s] Level 1:colcon.colcon_core.environment:create_environment_scripts_only(py02_rosbag)
[1.643s] INFO:colcon.colcon_core.shell:Creating package script '/home/cl/CLionProjects/ws02_tools/install/py02_rosbag/share/py02_rosbag/package.ps1'
[1.643s] INFO:colcon.colcon_core.shell:Creating package descriptor '/home/cl/CLionProjects/ws02_tools/install/py02_rosbag/share/py02_rosbag/package.dsv'
[1.644s] INFO:colcon.colcon_core.shell:Creating package script '/home/cl/CLionProjects/ws02_tools/install/py02_rosbag/share/py02_rosbag/package.sh'
[1.644s] INFO:colcon.colcon_core.shell:Creating package script '/home/cl/CLionProjects/ws02_tools/install/py02_rosbag/share/py02_rosbag/package.bash'
[1.644s] INFO:colcon.colcon_core.shell:Creating package script '/home/cl/CLionProjects/ws02_tools/install/py02_rosbag/share/py02_rosbag/package.zsh'
[1.645s] Level 1:colcon.colcon_core.environment:create_file_with_runtime_dependencies(/home/cl/CLionProjects/ws02_tools/install/py02_rosbag/share/colcon-core/packages/py02_rosbag)
[1.823s] DEBUG:colcon.colcon_core.event_handler.log_command:Invoked command in '/home/cl/CLionProjects/ws02_tools/build/cpp01_launch' returned '0': CMAKE_PREFIX_PATH=/opt/ros/humble CONDA_PROMPT_MODIFIER=(base) /usr/bin/cmake /home/cl/CLionProjects/ws02_tools/src/cpp01_launch -DCMAKE_INSTALL_PREFIX=/home/cl/CLionProjects/ws02_tools/install/cpp01_launch
[1.825s] DEBUG:colcon.colcon_core.event_handler.log_command:Invoking command in '/home/cl/CLionProjects/ws02_tools/build/cpp01_launch': CMAKE_PREFIX_PATH=/opt/ros/humble CONDA_PROMPT_MODIFIER=(base) /usr/bin/cmake --build /home/cl/CLionProjects/ws02_tools/build/cpp01_launch -- -j8 -l8
[1.860s] DEBUG:colcon.colcon_core.event_handler.log_command:Invoked command in '/home/cl/CLionProjects/ws02_tools/build/cpp01_launch' returned '0': CMAKE_PREFIX_PATH=/opt/ros/humble CONDA_PROMPT_MODIFIER=(base) /usr/bin/cmake --build /home/cl/CLionProjects/ws02_tools/build/cpp01_launch -- -j8 -l8
[1.870s] DEBUG:colcon.colcon_core.event_handler.log_command:Invoking command in '/home/cl/CLionProjects/ws02_tools/build/cpp01_launch': CMAKE_PREFIX_PATH=/opt/ros/humble CONDA_PROMPT_MODIFIER=(base) /usr/bin/cmake --install /home/cl/CLionProjects/ws02_tools/build/cpp01_launch
[1.871s] DEBUG:colcon.colcon_core.event_handler.log_command:Invoked command in '/home/cl/CLionProjects/ws02_tools/build/cpp02_rosbag' returned '0': CMAKE_PREFIX_PATH=/opt/ros/humble CONDA_PROMPT_MODIFIER=(base) /usr/bin/cmake /home/cl/CLionProjects/ws02_tools/src/cpp02_rosbag -DCMAKE_INSTALL_PREFIX=/home/cl/CLionProjects/ws02_tools/install/cpp02_rosbag
[1.872s] DEBUG:colcon.colcon_core.event_handler.log_command:Invoking command in '/home/cl/CLionProjects/ws02_tools/build/cpp02_rosbag': CMAKE_PREFIX_PATH=/opt/ros/humble CONDA_PROMPT_MODIFIER=(base) /usr/bin/cmake --build /home/cl/CLionProjects/ws02_tools/build/cpp02_rosbag -- -j8 -l8
[1.880s] Level 1:colcon.colcon_core.environment:create_environment_scripts_only(cpp01_launch)
[1.880s] Level 1:colcon.colcon_core.environment:checking '/home/cl/CLionProjects/ws02_tools/install/cpp01_launch' for CMake module files
[1.881s] DEBUG:colcon.colcon_core.event_handler.log_command:Invoked command in '/home/cl/CLionProjects/ws02_tools/build/cpp01_launch' returned '0': CMAKE_PREFIX_PATH=/opt/ros/humble CONDA_PROMPT_MODIFIER=(base) /usr/bin/cmake --install /home/cl/CLionProjects/ws02_tools/build/cpp01_launch
[1.881s] Level 1:colcon.colcon_core.environment:checking '/home/cl/CLionProjects/ws02_tools/install/cpp01_launch' for CMake config files
[1.881s] Level 1:colcon.colcon_core.shell:create_environment_hook('cpp01_launch', 'cmake_prefix_path')
[1.881s] INFO:colcon.colcon_core.shell:Creating environment hook '/home/cl/CLionProjects/ws02_tools/install/cpp01_launch/share/cpp01_launch/hook/cmake_prefix_path.ps1'
[1.882s] INFO:colcon.colcon_core.shell:Creating environment descriptor '/home/cl/CLionProjects/ws02_tools/install/cpp01_launch/share/cpp01_launch/hook/cmake_prefix_path.dsv'
[1.882s] INFO:colcon.colcon_core.shell:Creating environment hook '/home/cl/CLionProjects/ws02_tools/install/cpp01_launch/share/cpp01_launch/hook/cmake_prefix_path.sh'
[1.883s] Level 1:colcon.colcon_core.environment:checking '/home/cl/CLionProjects/ws02_tools/install/cpp01_launch/bin'
[1.883s] Level 1:colcon.colcon_core.environment:checking '/home/cl/CLionProjects/ws02_tools/install/cpp01_launch/lib/pkgconfig/cpp01_launch.pc'
[1.883s] Level 1:colcon.colcon_core.environment:checking '/home/cl/CLionProjects/ws02_tools/install/cpp01_launch/lib/python3.10/site-packages'
[1.883s] Level 1:colcon.colcon_core.environment:checking '/home/cl/CLionProjects/ws02_tools/install/cpp01_launch/bin'
[1.884s] INFO:colcon.colcon_core.shell:Creating package script '/home/cl/CLionProjects/ws02_tools/install/cpp01_launch/share/cpp01_launch/package.ps1'
[1.884s] INFO:colcon.colcon_core.shell:Creating package descriptor '/home/cl/CLionProjects/ws02_tools/install/cpp01_launch/share/cpp01_launch/package.dsv'
[1.884s] INFO:colcon.colcon_core.shell:Creating package script '/home/cl/CLionProjects/ws02_tools/install/cpp01_launch/share/cpp01_launch/package.sh'
[1.885s] INFO:colcon.colcon_core.shell:Creating package script '/home/cl/CLionProjects/ws02_tools/install/cpp01_launch/share/cpp01_launch/package.bash'
[1.885s] INFO:colcon.colcon_core.shell:Creating package script '/home/cl/CLionProjects/ws02_tools/install/cpp01_launch/share/cpp01_launch/package.zsh'
[1.885s] Level 1:colcon.colcon_core.environment:create_file_with_runtime_dependencies(/home/cl/CLionProjects/ws02_tools/install/cpp01_launch/share/colcon-core/packages/cpp01_launch)
[1.886s] Level 1:colcon.colcon_core.environment:create_environment_scripts_only(cpp01_launch)
[1.886s] Level 1:colcon.colcon_core.environment:checking '/home/cl/CLionProjects/ws02_tools/install/cpp01_launch' for CMake module files
[1.886s] Level 1:colcon.colcon_core.environment:checking '/home/cl/CLionProjects/ws02_tools/install/cpp01_launch' for CMake config files
[1.886s] Level 1:colcon.colcon_core.shell:create_environment_hook('cpp01_launch', 'cmake_prefix_path')
[1.887s] INFO:colcon.colcon_core.shell:Creating environment hook '/home/cl/CLionProjects/ws02_tools/install/cpp01_launch/share/cpp01_launch/hook/cmake_prefix_path.ps1'
[1.887s] INFO:colcon.colcon_core.shell:Creating environment descriptor '/home/cl/CLionProjects/ws02_tools/install/cpp01_launch/share/cpp01_launch/hook/cmake_prefix_path.dsv'
[1.887s] INFO:colcon.colcon_core.shell:Creating environment hook '/home/cl/CLionProjects/ws02_tools/install/cpp01_launch/share/cpp01_launch/hook/cmake_prefix_path.sh'
[1.888s] Level 1:colcon.colcon_core.environment:checking '/home/cl/CLionProjects/ws02_tools/install/cpp01_launch/bin'
[1.888s] Level 1:colcon.colcon_core.environment:checking '/home/cl/CLionProjects/ws02_tools/install/cpp01_launch/lib/pkgconfig/cpp01_launch.pc'
[1.888s] Level 1:colcon.colcon_core.environment:checking '/home/cl/CLionProjects/ws02_tools/install/cpp01_launch/lib/python3.10/site-packages'
[1.888s] Level 1:colcon.colcon_core.environment:checking '/home/cl/CLionProjects/ws02_tools/install/cpp01_launch/bin'
[1.888s] INFO:colcon.colcon_core.shell:Creating package script '/home/cl/CLionProjects/ws02_tools/install/cpp01_launch/share/cpp01_launch/package.ps1'
[1.889s] INFO:colcon.colcon_core.shell:Creating package descriptor '/home/cl/CLionProjects/ws02_tools/install/cpp01_launch/share/cpp01_launch/package.dsv'
[1.889s] INFO:colcon.colcon_core.shell:Creating package script '/home/cl/CLionProjects/ws02_tools/install/cpp01_launch/share/cpp01_launch/package.sh'
[1.889s] INFO:colcon.colcon_core.shell:Creating package script '/home/cl/CLionProjects/ws02_tools/install/cpp01_launch/share/cpp01_launch/package.bash'
[1.890s] INFO:colcon.colcon_core.shell:Creating package script '/home/cl/CLionProjects/ws02_tools/install/cpp01_launch/share/cpp01_launch/package.zsh'
[1.890s] Level 1:colcon.colcon_core.environment:create_file_with_runtime_dependencies(/home/cl/CLionProjects/ws02_tools/install/cpp01_launch/share/colcon-core/packages/cpp01_launch)
[10.891s] DEBUG:colcon.colcon_core.event_handler.log_command:Invoked command in '/home/cl/CLionProjects/ws02_tools/build/cpp02_rosbag' returned '0': CMAKE_PREFIX_PATH=/opt/ros/humble CONDA_PROMPT_MODIFIER=(base) /usr/bin/cmake --build /home/cl/CLionProjects/ws02_tools/build/cpp02_rosbag -- -j8 -l8
[10.892s] DEBUG:colcon.colcon_core.event_handler.log_command:Invoking command in '/home/cl/CLionProjects/ws02_tools/build/cpp02_rosbag': CMAKE_PREFIX_PATH=/opt/ros/humble CONDA_PROMPT_MODIFIER=(base) /usr/bin/cmake --install /home/cl/CLionProjects/ws02_tools/build/cpp02_rosbag
[10.904s] Level 1:colcon.colcon_core.environment:create_environment_scripts_only(cpp02_rosbag)
[10.904s] Level 1:colcon.colcon_core.environment:checking '/home/cl/CLionProjects/ws02_tools/install/cpp02_rosbag' for CMake module files
[10.905s] DEBUG:colcon.colcon_core.event_handler.log_command:Invoked command in '/home/cl/CLionProjects/ws02_tools/build/cpp02_rosbag' returned '0': CMAKE_PREFIX_PATH=/opt/ros/humble CONDA_PROMPT_MODIFIER=(base) /usr/bin/cmake --install /home/cl/CLionProjects/ws02_tools/build/cpp02_rosbag
[10.905s] Level 1:colcon.colcon_core.environment:checking '/home/cl/CLionProjects/ws02_tools/install/cpp02_rosbag' for CMake config files
[10.905s] Level 1:colcon.colcon_core.shell:create_environment_hook('cpp02_rosbag', 'cmake_prefix_path')
[10.906s] INFO:colcon.colcon_core.shell:Creating environment hook '/home/cl/CLionProjects/ws02_tools/install/cpp02_rosbag/share/cpp02_rosbag/hook/cmake_prefix_path.ps1'
[10.906s] INFO:colcon.colcon_core.shell:Creating environment descriptor '/home/cl/CLionProjects/ws02_tools/install/cpp02_rosbag/share/cpp02_rosbag/hook/cmake_prefix_path.dsv'
[10.906s] INFO:colcon.colcon_core.shell:Creating environment hook '/home/cl/CLionProjects/ws02_tools/install/cpp02_rosbag/share/cpp02_rosbag/hook/cmake_prefix_path.sh'
[10.907s] Level 1:colcon.colcon_core.environment:checking '/home/cl/CLionProjects/ws02_tools/install/cpp02_rosbag/lib'
[10.907s] Level 1:colcon.colcon_core.environment:checking '/home/cl/CLionProjects/ws02_tools/install/cpp02_rosbag/bin'
[10.907s] Level 1:colcon.colcon_core.environment:checking '/home/cl/CLionProjects/ws02_tools/install/cpp02_rosbag/lib/pkgconfig/cpp02_rosbag.pc'
[10.907s] Level 1:colcon.colcon_core.environment:checking '/home/cl/CLionProjects/ws02_tools/install/cpp02_rosbag/lib/python3.10/site-packages'
[10.907s] Level 1:colcon.colcon_core.environment:checking '/home/cl/CLionProjects/ws02_tools/install/cpp02_rosbag/bin'
[10.907s] INFO:colcon.colcon_core.shell:Creating package script '/home/cl/CLionProjects/ws02_tools/install/cpp02_rosbag/share/cpp02_rosbag/package.ps1'
[10.908s] INFO:colcon.colcon_core.shell:Creating package descriptor '/home/cl/CLionProjects/ws02_tools/install/cpp02_rosbag/share/cpp02_rosbag/package.dsv'
[10.908s] INFO:colcon.colcon_core.shell:Creating package script '/home/cl/CLionProjects/ws02_tools/install/cpp02_rosbag/share/cpp02_rosbag/package.sh'
[10.908s] INFO:colcon.colcon_core.shell:Creating package script '/home/cl/CLionProjects/ws02_tools/install/cpp02_rosbag/share/cpp02_rosbag/package.bash'
[10.909s] INFO:colcon.colcon_core.shell:Creating package script '/home/cl/CLionProjects/ws02_tools/install/cpp02_rosbag/share/cpp02_rosbag/package.zsh'
[10.909s] Level 1:colcon.colcon_core.environment:create_file_with_runtime_dependencies(/home/cl/CLionProjects/ws02_tools/install/cpp02_rosbag/share/colcon-core/packages/cpp02_rosbag)
[10.909s] Level 1:colcon.colcon_core.environment:create_environment_scripts_only(cpp02_rosbag)
[10.910s] Level 1:colcon.colcon_core.environment:checking '/home/cl/CLionProjects/ws02_tools/install/cpp02_rosbag' for CMake module files
[10.910s] Level 1:colcon.colcon_core.environment:checking '/home/cl/CLionProjects/ws02_tools/install/cpp02_rosbag' for CMake config files
[10.910s] Level 1:colcon.colcon_core.shell:create_environment_hook('cpp02_rosbag', 'cmake_prefix_path')
[10.910s] INFO:colcon.colcon_core.shell:Creating environment hook '/home/cl/CLionProjects/ws02_tools/install/cpp02_rosbag/share/cpp02_rosbag/hook/cmake_prefix_path.ps1'
[10.911s] INFO:colcon.colcon_core.shell:Creating environment descriptor '/home/cl/CLionProjects/ws02_tools/install/cpp02_rosbag/share/cpp02_rosbag/hook/cmake_prefix_path.dsv'
[10.911s] INFO:colcon.colcon_core.shell:Creating environment hook '/home/cl/CLionProjects/ws02_tools/install/cpp02_rosbag/share/cpp02_rosbag/hook/cmake_prefix_path.sh'
[10.911s] Level 1:colcon.colcon_core.environment:checking '/home/cl/CLionProjects/ws02_tools/install/cpp02_rosbag/lib'
[10.912s] Level 1:colcon.colcon_core.environment:checking '/home/cl/CLionProjects/ws02_tools/install/cpp02_rosbag/bin'
[10.912s] Level 1:colcon.colcon_core.environment:checking '/home/cl/CLionProjects/ws02_tools/install/cpp02_rosbag/lib/pkgconfig/cpp02_rosbag.pc'
[10.912s] Level 1:colcon.colcon_core.environment:checking '/home/cl/CLionProjects/ws02_tools/install/cpp02_rosbag/lib/python3.10/site-packages'
[10.912s] Level 1:colcon.colcon_core.environment:checking '/home/cl/CLionProjects/ws02_tools/install/cpp02_rosbag/bin'
[10.912s] INFO:colcon.colcon_core.shell:Creating package script '/home/cl/CLionProjects/ws02_tools/install/cpp02_rosbag/share/cpp02_rosbag/package.ps1'
[10.913s] INFO:colcon.colcon_core.shell:Creating package descriptor '/home/cl/CLionProjects/ws02_tools/install/cpp02_rosbag/share/cpp02_rosbag/package.dsv'
[10.913s] INFO:colcon.colcon_core.shell:Creating package script '/home/cl/CLionProjects/ws02_tools/install/cpp02_rosbag/share/cpp02_rosbag/package.sh'
[10.913s] INFO:colcon.colcon_core.shell:Creating package script '/home/cl/CLionProjects/ws02_tools/install/cpp02_rosbag/share/cpp02_rosbag/package.bash'
[10.914s] INFO:colcon.colcon_core.shell:Creating package script '/home/cl/CLionProjects/ws02_tools/install/cpp02_rosbag/share/cpp02_rosbag/package.zsh'
[10.914s] Level 1:colcon.colcon_core.environment:create_file_with_runtime_dependencies(/home/cl/CLionProjects/ws02_tools/install/cpp02_rosbag/share/colcon-core/packages/cpp02_rosbag)
[10.914s] DEBUG:colcon.colcon_parallel_executor.executor.parallel:closing loop
[10.914s] DEBUG:colcon.colcon_parallel_executor.executor.parallel:loop closed
[10.914s] DEBUG:colcon.colcon_parallel_executor.executor.parallel:run_until_complete finished with '0'
[10.914s] DEBUG:colcon.colcon_core.event_reactor:joining thread
[10.920s] INFO:colcon.colcon_core.plugin_system:Skipping extension 'colcon_notification.desktop_notification.terminal_notifier': Not used on non-Darwin systems
[10.920s] INFO:colcon.colcon_core.plugin_system:Skipping extension 'colcon_notification.desktop_notification.win32': Not used on non-Windows systems
[10.920s] INFO:colcon.colcon_notification.desktop_notification:Sending desktop notification using 'notify2'
[10.929s] DEBUG:colcon.colcon_core.event_reactor:joined thread
[10.930s] INFO:colcon.colcon_core.shell:Creating prefix script '/home/cl/CLionProjects/ws02_tools/install/local_setup.ps1'
[10.931s] INFO:colcon.colcon_core.shell:Creating prefix util module '/home/cl/CLionProjects/ws02_tools/install/_local_setup_util_ps1.py'
[10.933s] INFO:colcon.colcon_core.shell:Creating prefix chain script '/home/cl/CLionProjects/ws02_tools/install/setup.ps1'
[10.933s] INFO:colcon.colcon_core.shell:Creating prefix script '/home/cl/CLionProjects/ws02_tools/install/local_setup.sh'
[10.934s] INFO:colcon.colcon_core.shell:Creating prefix util module '/home/cl/CLionProjects/ws02_tools/install/_local_setup_util_sh.py'
[10.934s] INFO:colcon.colcon_core.shell:Creating prefix chain script '/home/cl/CLionProjects/ws02_tools/install/setup.sh'
[10.935s] INFO:colcon.colcon_core.shell:Creating prefix script '/home/cl/CLionProjects/ws02_tools/install/local_setup.bash'
[10.935s] INFO:colcon.colcon_core.shell:Creating prefix chain script '/home/cl/CLionProjects/ws02_tools/install/setup.bash'
[10.936s] INFO:colcon.colcon_core.shell:Creating prefix script '/home/cl/CLionProjects/ws02_tools/install/local_setup.zsh'
[10.937s] INFO:colcon.colcon_core.shell:Creating prefix chain script '/home/cl/CLionProjects/ws02_tools/install/setup.zsh'
