[0.520s] Invoking command in '/home/cl/CLionProjects/ws02_tools/src/py01_launch': CONDA_PROMPT_MODIFIER=(base) PYTHONPATH=/home/cl/CLionProjects/ws02_tools/build/py01_launch/prefix_override:/usr/lib/python3/dist-packages/colcon_core/task/python/colcon_distutils_commands:/home/cl/CLionProjects/ws02_tools/install/py01_launch/lib/python3.10/site-packages:${PYTHONPATH} /usr/bin/python3 -W ignore:setup.py install is deprecated -W ignore:easy_install command is deprecated setup.py egg_info --egg-base ../../build/py01_launch build --build-base /home/cl/CLionProjects/ws02_tools/build/py01_launch/build install --record /home/cl/CLionProjects/ws02_tools/build/py01_launch/install.log --single-version-externally-managed install_data
[0.718s] running egg_info
[0.719s] writing ../../build/py01_launch/py01_launch.egg-info/PKG-INFO
[0.719s] writing dependency_links to ../../build/py01_launch/py01_launch.egg-info/dependency_links.txt
[0.719s] writing entry points to ../../build/py01_launch/py01_launch.egg-info/entry_points.txt
[0.719s] writing requirements to ../../build/py01_launch/py01_launch.egg-info/requires.txt
[0.720s] writing top-level names to ../../build/py01_launch/py01_launch.egg-info/top_level.txt
[0.721s] reading manifest file '../../build/py01_launch/py01_launch.egg-info/SOURCES.txt'
[0.722s] writing manifest file '../../build/py01_launch/py01_launch.egg-info/SOURCES.txt'
[0.722s] running build
[0.722s] running build_py
[0.722s] running install
[0.722s] running install_lib
[0.723s] running install_data
[0.723s] running install_egg_info
[0.725s] removing '/home/cl/CLionProjects/ws02_tools/install/py01_launch/lib/python3.10/site-packages/py01_launch-0.0.0-py3.10.egg-info' (and everything under it)
[0.725s] Copying ../../build/py01_launch/py01_launch.egg-info to /home/cl/CLionProjects/ws02_tools/install/py01_launch/lib/python3.10/site-packages/py01_launch-0.0.0-py3.10.egg-info
[0.726s] running install_scripts
[0.744s] writing list of installed files to '/home/cl/CLionProjects/ws02_tools/build/py01_launch/install.log'
[0.766s] Invoked command in '/home/cl/CLionProjects/ws02_tools/src/py01_launch' returned '0': CONDA_PROMPT_MODIFIER=(base) PYTHONPATH=/home/cl/CLionProjects/ws02_tools/build/py01_launch/prefix_override:/usr/lib/python3/dist-packages/colcon_core/task/python/colcon_distutils_commands:/home/cl/CLionProjects/ws02_tools/install/py01_launch/lib/python3.10/site-packages:${PYTHONPATH} /usr/bin/python3 -W ignore:setup.py install is deprecated -W ignore:easy_install command is deprecated setup.py egg_info --egg-base ../../build/py01_launch build --build-base /home/cl/CLionProjects/ws02_tools/build/py01_launch/build install --record /home/cl/CLionProjects/ws02_tools/build/py01_launch/install.log --single-version-externally-managed install_data
