[0.092s] DEBUG:colcon:Command line arguments: ['/usr/bin/colcon', 'build']
[0.092s] DEBUG:colcon:Parsed command line arguments: Namespace(log_base=None, log_level=None, verb_name='build', build_base='build', install_base='install', merge_install=False, symlink_install=False, test_result_base=None, continue_on_error=False, executor='parallel', parallel_workers=8, event_handlers=None, ignore_user_meta=False, metas=['./colcon.meta'], base_paths=['.'], packages_ignore=None, packages_ignore_regex=None, paths=None, packages_up_to=None, packages_up_to_regex=None, packages_above=None, packages_above_and_dependencies=None, packages_above_depth=None, packages_select_by_dep=None, packages_skip_by_dep=None, packages_skip_up_to=None, packages_select_build_failed=False, packages_skip_build_finished=False, packages_select_test_failures=False, packages_skip_test_passed=False, packages_select=None, packages_skip=None, packages_select_regex=None, packages_skip_regex=None, packages_start=None, packages_end=None, allow_overriding=[], cmake_args=None, cmake_target=None, cmake_target_skip_unavailable=False, cmake_clean_cache=False, cmake_clean_first=False, cmake_force_configure=False, ament_cmake_args=None, catkin_cmake_args=None, catkin_skip_building_tests=False, verb_parser=<colcon_defaults.argument_parser.defaults.DefaultArgumentsDecorator object at 0x7af8c938fb20>, verb_extension=<colcon_core.verb.build.BuildVerb object at 0x7af8c953c8b0>, main=<bound method BuildVerb.main of <colcon_core.verb.build.BuildVerb object at 0x7af8c953c8b0>>)
[0.236s] Level 1:colcon.colcon_core.package_discovery:discover_packages(colcon_meta) check parameters
[0.236s] Level 1:colcon.colcon_core.package_discovery:discover_packages(recursive) check parameters
[0.236s] Level 1:colcon.colcon_core.package_discovery:discover_packages(ignore) check parameters
[0.236s] Level 1:colcon.colcon_core.package_discovery:discover_packages(path) check parameters
[0.236s] Level 1:colcon.colcon_core.package_discovery:discover_packages(colcon_meta) discover
[0.236s] Level 1:colcon.colcon_core.package_discovery:discover_packages(recursive) discover
[0.236s] INFO:colcon.colcon_core.package_discovery:Crawling recursively for packages in '/home/cl/CLionProjects/ws02_tools'
[0.236s] Level 1:colcon.colcon_core.package_identification:_identify(.) by extensions ['ignore', 'ignore_ament_install']
[0.236s] Level 1:colcon.colcon_core.package_identification:_identify(.) by extension 'ignore'
[0.236s] Level 1:colcon.colcon_core.package_identification:_identify(.) by extension 'ignore_ament_install'
[0.236s] Level 1:colcon.colcon_core.package_identification:_identify(.) by extensions ['colcon_pkg']
[0.236s] Level 1:colcon.colcon_core.package_identification:_identify(.) by extension 'colcon_pkg'
[0.236s] Level 1:colcon.colcon_core.package_identification:_identify(.) by extensions ['colcon_meta']
[0.236s] Level 1:colcon.colcon_core.package_identification:_identify(.) by extension 'colcon_meta'
[0.236s] Level 1:colcon.colcon_core.package_identification:_identify(.) by extensions ['ros']
[0.237s] Level 1:colcon.colcon_core.package_identification:_identify(.) by extension 'ros'
[0.246s] Level 1:colcon.colcon_core.package_identification:_identify(.) by extensions ['cmake', 'python']
[0.247s] Level 1:colcon.colcon_core.package_identification:_identify(.) by extension 'cmake'
[0.247s] Level 1:colcon.colcon_core.package_identification:_identify(.) by extension 'python'
[0.247s] Level 1:colcon.colcon_core.package_identification:_identify(.) by extensions ['python_setup_py']
[0.247s] Level 1:colcon.colcon_core.package_identification:_identify(.) by extension 'python_setup_py'
[0.247s] Level 1:colcon.colcon_core.package_identification:_identify(build) by extensions ['ignore', 'ignore_ament_install']
[0.247s] Level 1:colcon.colcon_core.package_identification:_identify(build) by extension 'ignore'
[0.247s] Level 1:colcon.colcon_core.package_identification:_identify(build) ignored
[0.247s] Level 1:colcon.colcon_core.package_identification:_identify(install) by extensions ['ignore', 'ignore_ament_install']
[0.247s] Level 1:colcon.colcon_core.package_identification:_identify(install) by extension 'ignore'
[0.247s] Level 1:colcon.colcon_core.package_identification:_identify(install) ignored
[0.247s] Level 1:colcon.colcon_core.package_identification:_identify(log) by extensions ['ignore', 'ignore_ament_install']
[0.247s] Level 1:colcon.colcon_core.package_identification:_identify(log) by extension 'ignore'
[0.247s] Level 1:colcon.colcon_core.package_identification:_identify(log) ignored
[0.247s] Level 1:colcon.colcon_core.package_identification:_identify(my_bag) by extensions ['ignore', 'ignore_ament_install']
[0.247s] Level 1:colcon.colcon_core.package_identification:_identify(my_bag) by extension 'ignore'
[0.247s] Level 1:colcon.colcon_core.package_identification:_identify(my_bag) by extension 'ignore_ament_install'
[0.248s] Level 1:colcon.colcon_core.package_identification:_identify(my_bag) by extensions ['colcon_pkg']
[0.248s] Level 1:colcon.colcon_core.package_identification:_identify(my_bag) by extension 'colcon_pkg'
[0.248s] Level 1:colcon.colcon_core.package_identification:_identify(my_bag) by extensions ['colcon_meta']
[0.248s] Level 1:colcon.colcon_core.package_identification:_identify(my_bag) by extension 'colcon_meta'
[0.248s] Level 1:colcon.colcon_core.package_identification:_identify(my_bag) by extensions ['ros']
[0.248s] Level 1:colcon.colcon_core.package_identification:_identify(my_bag) by extension 'ros'
[0.248s] Level 1:colcon.colcon_core.package_identification:_identify(my_bag) by extensions ['cmake', 'python']
[0.248s] Level 1:colcon.colcon_core.package_identification:_identify(my_bag) by extension 'cmake'
[0.248s] Level 1:colcon.colcon_core.package_identification:_identify(my_bag) by extension 'python'
[0.248s] Level 1:colcon.colcon_core.package_identification:_identify(my_bag) by extensions ['python_setup_py']
[0.248s] Level 1:colcon.colcon_core.package_identification:_identify(my_bag) by extension 'python_setup_py'
[0.248s] Level 1:colcon.colcon_core.package_identification:_identify(src) by extensions ['ignore', 'ignore_ament_install']
[0.248s] Level 1:colcon.colcon_core.package_identification:_identify(src) by extension 'ignore'
[0.248s] Level 1:colcon.colcon_core.package_identification:_identify(src) by extension 'ignore_ament_install'
[0.248s] Level 1:colcon.colcon_core.package_identification:_identify(src) by extensions ['colcon_pkg']
[0.248s] Level 1:colcon.colcon_core.package_identification:_identify(src) by extension 'colcon_pkg'
[0.248s] Level 1:colcon.colcon_core.package_identification:_identify(src) by extensions ['colcon_meta']
[0.248s] Level 1:colcon.colcon_core.package_identification:_identify(src) by extension 'colcon_meta'
[0.248s] Level 1:colcon.colcon_core.package_identification:_identify(src) by extensions ['ros']
[0.248s] Level 1:colcon.colcon_core.package_identification:_identify(src) by extension 'ros'
[0.248s] Level 1:colcon.colcon_core.package_identification:_identify(src) by extensions ['cmake', 'python']
[0.248s] Level 1:colcon.colcon_core.package_identification:_identify(src) by extension 'cmake'
[0.248s] Level 1:colcon.colcon_core.package_identification:_identify(src) by extension 'python'
[0.249s] Level 1:colcon.colcon_core.package_identification:_identify(src) by extensions ['python_setup_py']
[0.249s] Level 1:colcon.colcon_core.package_identification:_identify(src) by extension 'python_setup_py'
[0.249s] Level 1:colcon.colcon_core.package_identification:_identify(src/cpp01_launch) by extensions ['ignore', 'ignore_ament_install']
[0.249s] Level 1:colcon.colcon_core.package_identification:_identify(src/cpp01_launch) by extension 'ignore'
[0.249s] Level 1:colcon.colcon_core.package_identification:_identify(src/cpp01_launch) by extension 'ignore_ament_install'
[0.249s] Level 1:colcon.colcon_core.package_identification:_identify(src/cpp01_launch) by extensions ['colcon_pkg']
[0.249s] Level 1:colcon.colcon_core.package_identification:_identify(src/cpp01_launch) by extension 'colcon_pkg'
[0.249s] Level 1:colcon.colcon_core.package_identification:_identify(src/cpp01_launch) by extensions ['colcon_meta']
[0.249s] Level 1:colcon.colcon_core.package_identification:_identify(src/cpp01_launch) by extension 'colcon_meta'
[0.249s] Level 1:colcon.colcon_core.package_identification:_identify(src/cpp01_launch) by extensions ['ros']
[0.249s] Level 1:colcon.colcon_core.package_identification:_identify(src/cpp01_launch) by extension 'ros'
[0.251s] DEBUG:colcon.colcon_core.package_identification:Package 'src/cpp01_launch' with type 'ros.ament_cmake' and name 'cpp01_launch'
[0.251s] Level 1:colcon.colcon_core.package_identification:_identify(src/cpp02_rosbag) by extensions ['ignore', 'ignore_ament_install']
[0.251s] Level 1:colcon.colcon_core.package_identification:_identify(src/cpp02_rosbag) by extension 'ignore'
[0.252s] Level 1:colcon.colcon_core.package_identification:_identify(src/cpp02_rosbag) by extension 'ignore_ament_install'
[0.252s] Level 1:colcon.colcon_core.package_identification:_identify(src/cpp02_rosbag) by extensions ['colcon_pkg']
[0.252s] Level 1:colcon.colcon_core.package_identification:_identify(src/cpp02_rosbag) by extension 'colcon_pkg'
[0.252s] Level 1:colcon.colcon_core.package_identification:_identify(src/cpp02_rosbag) by extensions ['colcon_meta']
[0.252s] Level 1:colcon.colcon_core.package_identification:_identify(src/cpp02_rosbag) by extension 'colcon_meta'
[0.252s] Level 1:colcon.colcon_core.package_identification:_identify(src/cpp02_rosbag) by extensions ['ros']
[0.252s] Level 1:colcon.colcon_core.package_identification:_identify(src/cpp02_rosbag) by extension 'ros'
[0.252s] DEBUG:colcon.colcon_core.package_identification:Package 'src/cpp02_rosbag' with type 'ros.ament_cmake' and name 'cpp02_rosbag'
[0.252s] Level 1:colcon.colcon_core.package_identification:_identify(src/py01_launch) by extensions ['ignore', 'ignore_ament_install']
[0.253s] Level 1:colcon.colcon_core.package_identification:_identify(src/py01_launch) by extension 'ignore'
[0.253s] Level 1:colcon.colcon_core.package_identification:_identify(src/py01_launch) by extension 'ignore_ament_install'
[0.253s] Level 1:colcon.colcon_core.package_identification:_identify(src/py01_launch) by extensions ['colcon_pkg']
[0.253s] Level 1:colcon.colcon_core.package_identification:_identify(src/py01_launch) by extension 'colcon_pkg'
[0.253s] Level 1:colcon.colcon_core.package_identification:_identify(src/py01_launch) by extensions ['colcon_meta']
[0.253s] Level 1:colcon.colcon_core.package_identification:_identify(src/py01_launch) by extension 'colcon_meta'
[0.253s] Level 1:colcon.colcon_core.package_identification:_identify(src/py01_launch) by extensions ['ros']
[0.253s] Level 1:colcon.colcon_core.package_identification:_identify(src/py01_launch) by extension 'ros'
[0.253s] DEBUG:colcon.colcon_core.package_identification:Package 'src/py01_launch' with type 'ros.ament_python' and name 'py01_launch'
[0.254s] Level 1:colcon.colcon_core.package_identification:_identify(src/py02_rosbag) by extensions ['ignore', 'ignore_ament_install']
[0.254s] Level 1:colcon.colcon_core.package_identification:_identify(src/py02_rosbag) by extension 'ignore'
[0.254s] Level 1:colcon.colcon_core.package_identification:_identify(src/py02_rosbag) by extension 'ignore_ament_install'
[0.254s] Level 1:colcon.colcon_core.package_identification:_identify(src/py02_rosbag) by extensions ['colcon_pkg']
[0.254s] Level 1:colcon.colcon_core.package_identification:_identify(src/py02_rosbag) by extension 'colcon_pkg'
[0.254s] Level 1:colcon.colcon_core.package_identification:_identify(src/py02_rosbag) by extensions ['colcon_meta']
[0.254s] Level 1:colcon.colcon_core.package_identification:_identify(src/py02_rosbag) by extension 'colcon_meta'
[0.254s] Level 1:colcon.colcon_core.package_identification:_identify(src/py02_rosbag) by extensions ['ros']
[0.254s] Level 1:colcon.colcon_core.package_identification:_identify(src/py02_rosbag) by extension 'ros'
[0.254s] DEBUG:colcon.colcon_core.package_identification:Package 'src/py02_rosbag' with type 'ros.ament_python' and name 'py02_rosbag'
[0.254s] Level 1:colcon.colcon_core.package_discovery:discover_packages(recursive) using defaults
[0.255s] Level 1:colcon.colcon_core.package_discovery:discover_packages(ignore) discover
[0.255s] Level 1:colcon.colcon_core.package_discovery:discover_packages(ignore) using defaults
[0.255s] Level 1:colcon.colcon_core.package_discovery:discover_packages(path) discover
[0.255s] Level 1:colcon.colcon_core.package_discovery:discover_packages(path) using defaults
[0.272s] Level 1:colcon.colcon_core.package_discovery:discover_packages(prefix_path) check parameters
[0.272s] Level 1:colcon.colcon_core.package_discovery:discover_packages(prefix_path) discover
[0.274s] DEBUG:colcon.colcon_installed_package_information.package_discovery:Found 281 installed packages in /opt/ros/humble
[0.286s] Level 1:colcon.colcon_core.package_discovery:discover_packages(prefix_path) using defaults
[0.318s] Level 5:colcon.colcon_core.verb:set package 'cpp01_launch' build argument 'cmake_args' from command line to 'None'
[0.318s] Level 5:colcon.colcon_core.verb:set package 'cpp01_launch' build argument 'cmake_target' from command line to 'None'
[0.318s] Level 5:colcon.colcon_core.verb:set package 'cpp01_launch' build argument 'cmake_target_skip_unavailable' from command line to 'False'
[0.318s] Level 5:colcon.colcon_core.verb:set package 'cpp01_launch' build argument 'cmake_clean_cache' from command line to 'False'
[0.318s] Level 5:colcon.colcon_core.verb:set package 'cpp01_launch' build argument 'cmake_clean_first' from command line to 'False'
[0.318s] Level 5:colcon.colcon_core.verb:set package 'cpp01_launch' build argument 'cmake_force_configure' from command line to 'False'
[0.318s] Level 5:colcon.colcon_core.verb:set package 'cpp01_launch' build argument 'ament_cmake_args' from command line to 'None'
[0.318s] Level 5:colcon.colcon_core.verb:set package 'cpp01_launch' build argument 'catkin_cmake_args' from command line to 'None'
[0.318s] Level 5:colcon.colcon_core.verb:set package 'cpp01_launch' build argument 'catkin_skip_building_tests' from command line to 'False'
[0.319s] DEBUG:colcon.colcon_core.verb:Building package 'cpp01_launch' with the following arguments: {'ament_cmake_args': None, 'build_base': '/home/cl/CLionProjects/ws02_tools/build/cpp01_launch', 'catkin_cmake_args': None, 'catkin_skip_building_tests': False, 'cmake_args': None, 'cmake_clean_cache': False, 'cmake_clean_first': False, 'cmake_force_configure': False, 'cmake_target': None, 'cmake_target_skip_unavailable': False, 'install_base': '/home/cl/CLionProjects/ws02_tools/install/cpp01_launch', 'merge_install': False, 'path': '/home/cl/CLionProjects/ws02_tools/src/cpp01_launch', 'symlink_install': False, 'test_result_base': None}
[0.319s] Level 5:colcon.colcon_core.verb:set package 'cpp02_rosbag' build argument 'cmake_args' from command line to 'None'
[0.319s] Level 5:colcon.colcon_core.verb:set package 'cpp02_rosbag' build argument 'cmake_target' from command line to 'None'
[0.319s] Level 5:colcon.colcon_core.verb:set package 'cpp02_rosbag' build argument 'cmake_target_skip_unavailable' from command line to 'False'
[0.319s] Level 5:colcon.colcon_core.verb:set package 'cpp02_rosbag' build argument 'cmake_clean_cache' from command line to 'False'
[0.319s] Level 5:colcon.colcon_core.verb:set package 'cpp02_rosbag' build argument 'cmake_clean_first' from command line to 'False'
[0.319s] Level 5:colcon.colcon_core.verb:set package 'cpp02_rosbag' build argument 'cmake_force_configure' from command line to 'False'
[0.319s] Level 5:colcon.colcon_core.verb:set package 'cpp02_rosbag' build argument 'ament_cmake_args' from command line to 'None'
[0.319s] Level 5:colcon.colcon_core.verb:set package 'cpp02_rosbag' build argument 'catkin_cmake_args' from command line to 'None'
[0.319s] Level 5:colcon.colcon_core.verb:set package 'cpp02_rosbag' build argument 'catkin_skip_building_tests' from command line to 'False'
[0.319s] DEBUG:colcon.colcon_core.verb:Building package 'cpp02_rosbag' with the following arguments: {'ament_cmake_args': None, 'build_base': '/home/cl/CLionProjects/ws02_tools/build/cpp02_rosbag', 'catkin_cmake_args': None, 'catkin_skip_building_tests': False, 'cmake_args': None, 'cmake_clean_cache': False, 'cmake_clean_first': False, 'cmake_force_configure': False, 'cmake_target': None, 'cmake_target_skip_unavailable': False, 'install_base': '/home/cl/CLionProjects/ws02_tools/install/cpp02_rosbag', 'merge_install': False, 'path': '/home/cl/CLionProjects/ws02_tools/src/cpp02_rosbag', 'symlink_install': False, 'test_result_base': None}
[0.319s] Level 5:colcon.colcon_core.verb:set package 'py01_launch' build argument 'cmake_args' from command line to 'None'
[0.319s] Level 5:colcon.colcon_core.verb:set package 'py01_launch' build argument 'cmake_target' from command line to 'None'
[0.319s] Level 5:colcon.colcon_core.verb:set package 'py01_launch' build argument 'cmake_target_skip_unavailable' from command line to 'False'
[0.319s] Level 5:colcon.colcon_core.verb:set package 'py01_launch' build argument 'cmake_clean_cache' from command line to 'False'
[0.320s] Level 5:colcon.colcon_core.verb:set package 'py01_launch' build argument 'cmake_clean_first' from command line to 'False'
[0.320s] Level 5:colcon.colcon_core.verb:set package 'py01_launch' build argument 'cmake_force_configure' from command line to 'False'
[0.320s] Level 5:colcon.colcon_core.verb:set package 'py01_launch' build argument 'ament_cmake_args' from command line to 'None'
[0.320s] Level 5:colcon.colcon_core.verb:set package 'py01_launch' build argument 'catkin_cmake_args' from command line to 'None'
[0.320s] Level 5:colcon.colcon_core.verb:set package 'py01_launch' build argument 'catkin_skip_building_tests' from command line to 'False'
[0.320s] DEBUG:colcon.colcon_core.verb:Building package 'py01_launch' with the following arguments: {'ament_cmake_args': None, 'build_base': '/home/cl/CLionProjects/ws02_tools/build/py01_launch', 'catkin_cmake_args': None, 'catkin_skip_building_tests': False, 'cmake_args': None, 'cmake_clean_cache': False, 'cmake_clean_first': False, 'cmake_force_configure': False, 'cmake_target': None, 'cmake_target_skip_unavailable': False, 'install_base': '/home/cl/CLionProjects/ws02_tools/install/py01_launch', 'merge_install': False, 'path': '/home/cl/CLionProjects/ws02_tools/src/py01_launch', 'symlink_install': False, 'test_result_base': None}
[0.320s] Level 5:colcon.colcon_core.verb:set package 'py02_rosbag' build argument 'cmake_args' from command line to 'None'
[0.320s] Level 5:colcon.colcon_core.verb:set package 'py02_rosbag' build argument 'cmake_target' from command line to 'None'
[0.320s] Level 5:colcon.colcon_core.verb:set package 'py02_rosbag' build argument 'cmake_target_skip_unavailable' from command line to 'False'
[0.320s] Level 5:colcon.colcon_core.verb:set package 'py02_rosbag' build argument 'cmake_clean_cache' from command line to 'False'
[0.320s] Level 5:colcon.colcon_core.verb:set package 'py02_rosbag' build argument 'cmake_clean_first' from command line to 'False'
[0.320s] Level 5:colcon.colcon_core.verb:set package 'py02_rosbag' build argument 'cmake_force_configure' from command line to 'False'
[0.320s] Level 5:colcon.colcon_core.verb:set package 'py02_rosbag' build argument 'ament_cmake_args' from command line to 'None'
[0.320s] Level 5:colcon.colcon_core.verb:set package 'py02_rosbag' build argument 'catkin_cmake_args' from command line to 'None'
[0.320s] Level 5:colcon.colcon_core.verb:set package 'py02_rosbag' build argument 'catkin_skip_building_tests' from command line to 'False'
[0.320s] DEBUG:colcon.colcon_core.verb:Building package 'py02_rosbag' with the following arguments: {'ament_cmake_args': None, 'build_base': '/home/cl/CLionProjects/ws02_tools/build/py02_rosbag', 'catkin_cmake_args': None, 'catkin_skip_building_tests': False, 'cmake_args': None, 'cmake_clean_cache': False, 'cmake_clean_first': False, 'cmake_force_configure': False, 'cmake_target': None, 'cmake_target_skip_unavailable': False, 'install_base': '/home/cl/CLionProjects/ws02_tools/install/py02_rosbag', 'merge_install': False, 'path': '/home/cl/CLionProjects/ws02_tools/src/py02_rosbag', 'symlink_install': False, 'test_result_base': None}
[0.320s] INFO:colcon.colcon_core.executor:Executing jobs using 'parallel' executor
[0.321s] DEBUG:colcon.colcon_parallel_executor.executor.parallel:run_until_complete
[0.321s] INFO:colcon.colcon_ros.task.ament_cmake.build:Building ROS package in '/home/cl/CLionProjects/ws02_tools/src/cpp01_launch' with build type 'ament_cmake'
[0.322s] INFO:colcon.colcon_cmake.task.cmake.build:Building CMake package in '/home/cl/CLionProjects/ws02_tools/src/cpp01_launch'
[0.323s] INFO:colcon.colcon_core.plugin_system:Skipping extension 'colcon_core.shell.bat': Not used on non-Windows systems
[0.323s] INFO:colcon.colcon_core.shell:Skip shell extension 'powershell' for command environment: Not usable outside of PowerShell
[0.323s] DEBUG:colcon.colcon_core.shell:Skip shell extension 'dsv' for command environment
[0.326s] INFO:colcon.colcon_ros.task.ament_cmake.build:Building ROS package in '/home/cl/CLionProjects/ws02_tools/src/cpp02_rosbag' with build type 'ament_cmake'
[0.326s] INFO:colcon.colcon_cmake.task.cmake.build:Building CMake package in '/home/cl/CLionProjects/ws02_tools/src/cpp02_rosbag'
[0.326s] INFO:colcon.colcon_core.shell:Skip shell extension 'powershell' for command environment: Not usable outside of PowerShell
[0.326s] DEBUG:colcon.colcon_core.shell:Skip shell extension 'dsv' for command environment
[0.329s] INFO:colcon.colcon_ros.task.ament_python.build:Building ROS package in '/home/cl/CLionProjects/ws02_tools/src/py01_launch' with build type 'ament_python'
[0.329s] Level 1:colcon.colcon_core.shell:create_environment_hook('py01_launch', 'ament_prefix_path')
[0.329s] INFO:colcon.colcon_core.shell:Creating environment hook '/home/cl/CLionProjects/ws02_tools/install/py01_launch/share/py01_launch/hook/ament_prefix_path.ps1'
[0.330s] INFO:colcon.colcon_core.shell:Creating environment descriptor '/home/cl/CLionProjects/ws02_tools/install/py01_launch/share/py01_launch/hook/ament_prefix_path.dsv'
[0.331s] INFO:colcon.colcon_core.shell:Creating environment hook '/home/cl/CLionProjects/ws02_tools/install/py01_launch/share/py01_launch/hook/ament_prefix_path.sh'
[0.332s] INFO:colcon.colcon_core.shell:Skip shell extension 'powershell' for command environment: Not usable outside of PowerShell
[0.332s] DEBUG:colcon.colcon_core.shell:Skip shell extension 'dsv' for command environment
[0.334s] INFO:colcon.colcon_ros.task.ament_python.build:Building ROS package in '/home/cl/CLionProjects/ws02_tools/src/py02_rosbag' with build type 'ament_python'
[0.334s] Level 1:colcon.colcon_core.shell:create_environment_hook('py02_rosbag', 'ament_prefix_path')
[0.334s] INFO:colcon.colcon_core.shell:Creating environment hook '/home/cl/CLionProjects/ws02_tools/install/py02_rosbag/share/py02_rosbag/hook/ament_prefix_path.ps1'
[0.335s] INFO:colcon.colcon_core.shell:Creating environment descriptor '/home/cl/CLionProjects/ws02_tools/install/py02_rosbag/share/py02_rosbag/hook/ament_prefix_path.dsv'
[0.335s] INFO:colcon.colcon_core.shell:Creating environment hook '/home/cl/CLionProjects/ws02_tools/install/py02_rosbag/share/py02_rosbag/hook/ament_prefix_path.sh'
[0.336s] INFO:colcon.colcon_core.shell:Skip shell extension 'powershell' for command environment: Not usable outside of PowerShell
[0.336s] DEBUG:colcon.colcon_core.shell:Skip shell extension 'dsv' for command environment
[0.342s] DEBUG:colcon.colcon_core.event_handler.log_command:Invoking command in '/home/cl/CLionProjects/ws02_tools/build/cpp01_launch': CMAKE_PREFIX_PATH=/opt/ros/humble CONDA_PROMPT_MODIFIER=(base) /usr/bin/cmake --build /home/cl/CLionProjects/ws02_tools/build/cpp01_launch -- -j8 -l8
[0.344s] DEBUG:colcon.colcon_core.event_handler.log_command:Invoking command in '/home/cl/CLionProjects/ws02_tools/build/cpp02_rosbag': CMAKE_PREFIX_PATH=/opt/ros/humble CONDA_PROMPT_MODIFIER=(base) /usr/bin/cmake --build /home/cl/CLionProjects/ws02_tools/build/cpp02_rosbag -- -j8 -l8
[0.581s] INFO:colcon.colcon_core.task.python.build:Building Python package in '/home/cl/CLionProjects/ws02_tools/src/py01_launch'
[0.581s] INFO:colcon.colcon_core.shell:Skip shell extension 'powershell' for command environment: Not usable outside of PowerShell
[0.581s] DEBUG:colcon.colcon_core.shell:Skip shell extension 'dsv' for command environment
[0.828s] INFO:colcon.colcon_core.task.python.build:Building Python package in '/home/cl/CLionProjects/ws02_tools/src/py02_rosbag'
[0.828s] INFO:colcon.colcon_core.shell:Skip shell extension 'powershell' for command environment: Not usable outside of PowerShell
[0.828s] DEBUG:colcon.colcon_core.shell:Skip shell extension 'dsv' for command environment
[0.832s] DEBUG:colcon.colcon_core.event_handler.log_command:Invoked command in '/home/cl/CLionProjects/ws02_tools/build/cpp01_launch' returned '0': CMAKE_PREFIX_PATH=/opt/ros/humble CONDA_PROMPT_MODIFIER=(base) /usr/bin/cmake --build /home/cl/CLionProjects/ws02_tools/build/cpp01_launch -- -j8 -l8
[0.840s] DEBUG:colcon.colcon_core.event_handler.log_command:Invoking command in '/home/cl/CLionProjects/ws02_tools/build/cpp01_launch': CMAKE_PREFIX_PATH=/opt/ros/humble CONDA_PROMPT_MODIFIER=(base) /usr/bin/cmake --install /home/cl/CLionProjects/ws02_tools/build/cpp01_launch
[0.850s] Level 1:colcon.colcon_core.environment:create_environment_scripts_only(cpp01_launch)
[0.853s] DEBUG:colcon.colcon_core.event_handler.log_command:Invoked command in '/home/cl/CLionProjects/ws02_tools/build/cpp01_launch' returned '0': CMAKE_PREFIX_PATH=/opt/ros/humble CONDA_PROMPT_MODIFIER=(base) /usr/bin/cmake --install /home/cl/CLionProjects/ws02_tools/build/cpp01_launch
[0.855s] Level 1:colcon.colcon_core.environment:checking '/home/cl/CLionProjects/ws02_tools/install/cpp01_launch' for CMake module files
[0.855s] Level 1:colcon.colcon_core.environment:checking '/home/cl/CLionProjects/ws02_tools/install/cpp01_launch' for CMake config files
[0.855s] Level 1:colcon.colcon_core.shell:create_environment_hook('cpp01_launch', 'cmake_prefix_path')
[0.856s] INFO:colcon.colcon_core.shell:Creating environment hook '/home/cl/CLionProjects/ws02_tools/install/cpp01_launch/share/cpp01_launch/hook/cmake_prefix_path.ps1'
[0.856s] INFO:colcon.colcon_core.shell:Creating environment descriptor '/home/cl/CLionProjects/ws02_tools/install/cpp01_launch/share/cpp01_launch/hook/cmake_prefix_path.dsv'
[0.857s] INFO:colcon.colcon_core.shell:Creating environment hook '/home/cl/CLionProjects/ws02_tools/install/cpp01_launch/share/cpp01_launch/hook/cmake_prefix_path.sh'
[0.857s] Level 1:colcon.colcon_core.environment:checking '/home/cl/CLionProjects/ws02_tools/install/cpp01_launch/bin'
[0.857s] Level 1:colcon.colcon_core.environment:checking '/home/cl/CLionProjects/ws02_tools/install/cpp01_launch/lib/pkgconfig/cpp01_launch.pc'
[0.858s] Level 1:colcon.colcon_core.environment:checking '/home/cl/CLionProjects/ws02_tools/install/cpp01_launch/lib/python3.10/site-packages'
[0.858s] Level 1:colcon.colcon_core.environment:checking '/home/cl/CLionProjects/ws02_tools/install/cpp01_launch/bin'
[0.858s] INFO:colcon.colcon_core.shell:Creating package script '/home/cl/CLionProjects/ws02_tools/install/cpp01_launch/share/cpp01_launch/package.ps1'
[0.859s] INFO:colcon.colcon_core.shell:Creating package descriptor '/home/cl/CLionProjects/ws02_tools/install/cpp01_launch/share/cpp01_launch/package.dsv'
[0.860s] INFO:colcon.colcon_core.shell:Creating package script '/home/cl/CLionProjects/ws02_tools/install/cpp01_launch/share/cpp01_launch/package.sh'
[0.860s] INFO:colcon.colcon_core.shell:Creating package script '/home/cl/CLionProjects/ws02_tools/install/cpp01_launch/share/cpp01_launch/package.bash'
[0.861s] INFO:colcon.colcon_core.shell:Creating package script '/home/cl/CLionProjects/ws02_tools/install/cpp01_launch/share/cpp01_launch/package.zsh'
[0.862s] Level 1:colcon.colcon_core.environment:create_file_with_runtime_dependencies(/home/cl/CLionProjects/ws02_tools/install/cpp01_launch/share/colcon-core/packages/cpp01_launch)
[0.862s] Level 1:colcon.colcon_core.environment:create_environment_scripts_only(cpp01_launch)
[0.862s] Level 1:colcon.colcon_core.environment:checking '/home/cl/CLionProjects/ws02_tools/install/cpp01_launch' for CMake module files
[0.863s] Level 1:colcon.colcon_core.environment:checking '/home/cl/CLionProjects/ws02_tools/install/cpp01_launch' for CMake config files
[0.863s] Level 1:colcon.colcon_core.shell:create_environment_hook('cpp01_launch', 'cmake_prefix_path')
[0.863s] INFO:colcon.colcon_core.shell:Creating environment hook '/home/cl/CLionProjects/ws02_tools/install/cpp01_launch/share/cpp01_launch/hook/cmake_prefix_path.ps1'
[0.864s] INFO:colcon.colcon_core.shell:Creating environment descriptor '/home/cl/CLionProjects/ws02_tools/install/cpp01_launch/share/cpp01_launch/hook/cmake_prefix_path.dsv'
[0.864s] INFO:colcon.colcon_core.shell:Creating environment hook '/home/cl/CLionProjects/ws02_tools/install/cpp01_launch/share/cpp01_launch/hook/cmake_prefix_path.sh'
[0.865s] Level 1:colcon.colcon_core.environment:checking '/home/cl/CLionProjects/ws02_tools/install/cpp01_launch/bin'
[0.865s] Level 1:colcon.colcon_core.environment:checking '/home/cl/CLionProjects/ws02_tools/install/cpp01_launch/lib/pkgconfig/cpp01_launch.pc'
[0.865s] Level 1:colcon.colcon_core.environment:checking '/home/cl/CLionProjects/ws02_tools/install/cpp01_launch/lib/python3.10/site-packages'
[0.865s] Level 1:colcon.colcon_core.environment:checking '/home/cl/CLionProjects/ws02_tools/install/cpp01_launch/bin'
[0.866s] INFO:colcon.colcon_core.shell:Creating package script '/home/cl/CLionProjects/ws02_tools/install/cpp01_launch/share/cpp01_launch/package.ps1'
[0.866s] INFO:colcon.colcon_core.shell:Creating package descriptor '/home/cl/CLionProjects/ws02_tools/install/cpp01_launch/share/cpp01_launch/package.dsv'
[0.867s] INFO:colcon.colcon_core.shell:Creating package script '/home/cl/CLionProjects/ws02_tools/install/cpp01_launch/share/cpp01_launch/package.sh'
[0.867s] INFO:colcon.colcon_core.shell:Creating package script '/home/cl/CLionProjects/ws02_tools/install/cpp01_launch/share/cpp01_launch/package.bash'
[0.867s] INFO:colcon.colcon_core.shell:Creating package script '/home/cl/CLionProjects/ws02_tools/install/cpp01_launch/share/cpp01_launch/package.zsh'
[0.868s] Level 1:colcon.colcon_core.environment:create_file_with_runtime_dependencies(/home/cl/CLionProjects/ws02_tools/install/cpp01_launch/share/colcon-core/packages/cpp01_launch)
[1.194s] DEBUG:colcon.colcon_core.event_handler.log_command:Invoking command in '/home/cl/CLionProjects/ws02_tools/src/py01_launch': CONDA_PROMPT_MODIFIER=(base) PYTHONPATH=/home/cl/CLionProjects/ws02_tools/build/py01_launch/prefix_override:/usr/lib/python3/dist-packages/colcon_core/task/python/colcon_distutils_commands:/home/cl/CLionProjects/ws02_tools/install/py01_launch/lib/python3.10/site-packages:${PYTHONPATH} /usr/bin/python3 -W ignore:setup.py install is deprecated -W ignore:easy_install command is deprecated setup.py egg_info --egg-base ../../build/py01_launch build --build-base /home/cl/CLionProjects/ws02_tools/build/py01_launch/build install --record /home/cl/CLionProjects/ws02_tools/build/py01_launch/install.log --single-version-externally-managed install_data
[1.199s] DEBUG:colcon.colcon_core.event_handler.log_command:Invoking command in '/home/cl/CLionProjects/ws02_tools/src/py02_rosbag': CONDA_PROMPT_MODIFIER=(base) PYTHONPATH=/home/cl/CLionProjects/ws02_tools/build/py02_rosbag/prefix_override:/usr/lib/python3/dist-packages/colcon_core/task/python/colcon_distutils_commands:/home/cl/CLionProjects/ws02_tools/install/py02_rosbag/lib/python3.10/site-packages:${PYTHONPATH} /usr/bin/python3 -W ignore:setup.py install is deprecated -W ignore:easy_install command is deprecated setup.py egg_info --egg-base ../../build/py02_rosbag build --build-base /home/cl/CLionProjects/ws02_tools/build/py02_rosbag/build install --record /home/cl/CLionProjects/ws02_tools/build/py02_rosbag/install.log --single-version-externally-managed install_data
[1.487s] Level 1:colcon.colcon_core.environment:checking '/home/cl/CLionProjects/ws02_tools/install/py01_launch' for CMake module files
[1.487s] DEBUG:colcon.colcon_core.event_handler.log_command:Invoked command in '/home/cl/CLionProjects/ws02_tools/src/py01_launch' returned '0': CONDA_PROMPT_MODIFIER=(base) PYTHONPATH=/home/cl/CLionProjects/ws02_tools/build/py01_launch/prefix_override:/usr/lib/python3/dist-packages/colcon_core/task/python/colcon_distutils_commands:/home/cl/CLionProjects/ws02_tools/install/py01_launch/lib/python3.10/site-packages:${PYTHONPATH} /usr/bin/python3 -W ignore:setup.py install is deprecated -W ignore:easy_install command is deprecated setup.py egg_info --egg-base ../../build/py01_launch build --build-base /home/cl/CLionProjects/ws02_tools/build/py01_launch/build install --record /home/cl/CLionProjects/ws02_tools/build/py01_launch/install.log --single-version-externally-managed install_data
[1.488s] Level 1:colcon.colcon_core.environment:checking '/home/cl/CLionProjects/ws02_tools/install/py01_launch' for CMake config files
[1.488s] Level 1:colcon.colcon_core.environment:checking '/home/cl/CLionProjects/ws02_tools/install/py01_launch/lib'
[1.488s] Level 1:colcon.colcon_core.environment:checking '/home/cl/CLionProjects/ws02_tools/install/py01_launch/bin'
[1.488s] Level 1:colcon.colcon_core.environment:checking '/home/cl/CLionProjects/ws02_tools/install/py01_launch/lib/pkgconfig/py01_launch.pc'
[1.488s] Level 1:colcon.colcon_core.environment:checking '/home/cl/CLionProjects/ws02_tools/install/py01_launch/lib/python3.10/site-packages'
[1.489s] Level 1:colcon.colcon_core.shell:create_environment_hook('py01_launch', 'pythonpath')
[1.489s] INFO:colcon.colcon_core.shell:Creating environment hook '/home/cl/CLionProjects/ws02_tools/install/py01_launch/share/py01_launch/hook/pythonpath.ps1'
[1.489s] INFO:colcon.colcon_core.shell:Creating environment descriptor '/home/cl/CLionProjects/ws02_tools/install/py01_launch/share/py01_launch/hook/pythonpath.dsv'
[1.489s] INFO:colcon.colcon_core.shell:Creating environment hook '/home/cl/CLionProjects/ws02_tools/install/py01_launch/share/py01_launch/hook/pythonpath.sh'
[1.490s] Level 1:colcon.colcon_core.environment:checking '/home/cl/CLionProjects/ws02_tools/install/py01_launch/bin'
[1.490s] Level 1:colcon.colcon_core.environment:create_environment_scripts_only(py01_launch)
[1.490s] INFO:colcon.colcon_core.shell:Creating package script '/home/cl/CLionProjects/ws02_tools/install/py01_launch/share/py01_launch/package.ps1'
[1.491s] INFO:colcon.colcon_core.shell:Creating package descriptor '/home/cl/CLionProjects/ws02_tools/install/py01_launch/share/py01_launch/package.dsv'
[1.491s] INFO:colcon.colcon_core.shell:Creating package script '/home/cl/CLionProjects/ws02_tools/install/py01_launch/share/py01_launch/package.sh'
[1.492s] INFO:colcon.colcon_core.shell:Creating package script '/home/cl/CLionProjects/ws02_tools/install/py01_launch/share/py01_launch/package.bash'
[1.492s] INFO:colcon.colcon_core.shell:Creating package script '/home/cl/CLionProjects/ws02_tools/install/py01_launch/share/py01_launch/package.zsh'
[1.492s] Level 1:colcon.colcon_core.environment:create_file_with_runtime_dependencies(/home/cl/CLionProjects/ws02_tools/install/py01_launch/share/colcon-core/packages/py01_launch)
[1.497s] Level 1:colcon.colcon_core.environment:checking '/home/cl/CLionProjects/ws02_tools/install/py02_rosbag' for CMake module files
[1.498s] DEBUG:colcon.colcon_core.event_handler.log_command:Invoked command in '/home/cl/CLionProjects/ws02_tools/src/py02_rosbag' returned '0': CONDA_PROMPT_MODIFIER=(base) PYTHONPATH=/home/cl/CLionProjects/ws02_tools/build/py02_rosbag/prefix_override:/usr/lib/python3/dist-packages/colcon_core/task/python/colcon_distutils_commands:/home/cl/CLionProjects/ws02_tools/install/py02_rosbag/lib/python3.10/site-packages:${PYTHONPATH} /usr/bin/python3 -W ignore:setup.py install is deprecated -W ignore:easy_install command is deprecated setup.py egg_info --egg-base ../../build/py02_rosbag build --build-base /home/cl/CLionProjects/ws02_tools/build/py02_rosbag/build install --record /home/cl/CLionProjects/ws02_tools/build/py02_rosbag/install.log --single-version-externally-managed install_data
[1.498s] Level 1:colcon.colcon_core.environment:checking '/home/cl/CLionProjects/ws02_tools/install/py02_rosbag' for CMake config files
[1.499s] Level 1:colcon.colcon_core.environment:checking '/home/cl/CLionProjects/ws02_tools/install/py02_rosbag/lib'
[1.499s] Level 1:colcon.colcon_core.environment:checking '/home/cl/CLionProjects/ws02_tools/install/py02_rosbag/bin'
[1.499s] Level 1:colcon.colcon_core.environment:checking '/home/cl/CLionProjects/ws02_tools/install/py02_rosbag/lib/pkgconfig/py02_rosbag.pc'
[1.499s] Level 1:colcon.colcon_core.environment:checking '/home/cl/CLionProjects/ws02_tools/install/py02_rosbag/lib/python3.10/site-packages'
[1.499s] Level 1:colcon.colcon_core.shell:create_environment_hook('py02_rosbag', 'pythonpath')
[1.499s] INFO:colcon.colcon_core.shell:Creating environment hook '/home/cl/CLionProjects/ws02_tools/install/py02_rosbag/share/py02_rosbag/hook/pythonpath.ps1'
[1.500s] INFO:colcon.colcon_core.shell:Creating environment descriptor '/home/cl/CLionProjects/ws02_tools/install/py02_rosbag/share/py02_rosbag/hook/pythonpath.dsv'
[1.500s] INFO:colcon.colcon_core.shell:Creating environment hook '/home/cl/CLionProjects/ws02_tools/install/py02_rosbag/share/py02_rosbag/hook/pythonpath.sh'
[1.501s] Level 1:colcon.colcon_core.environment:checking '/home/cl/CLionProjects/ws02_tools/install/py02_rosbag/bin'
[1.501s] Level 1:colcon.colcon_core.environment:create_environment_scripts_only(py02_rosbag)
[1.501s] INFO:colcon.colcon_core.shell:Creating package script '/home/cl/CLionProjects/ws02_tools/install/py02_rosbag/share/py02_rosbag/package.ps1'
[1.501s] INFO:colcon.colcon_core.shell:Creating package descriptor '/home/cl/CLionProjects/ws02_tools/install/py02_rosbag/share/py02_rosbag/package.dsv'
[1.502s] INFO:colcon.colcon_core.shell:Creating package script '/home/cl/CLionProjects/ws02_tools/install/py02_rosbag/share/py02_rosbag/package.sh'
[1.502s] INFO:colcon.colcon_core.shell:Creating package script '/home/cl/CLionProjects/ws02_tools/install/py02_rosbag/share/py02_rosbag/package.bash'
[1.502s] INFO:colcon.colcon_core.shell:Creating package script '/home/cl/CLionProjects/ws02_tools/install/py02_rosbag/share/py02_rosbag/package.zsh'
[1.503s] Level 1:colcon.colcon_core.environment:create_file_with_runtime_dependencies(/home/cl/CLionProjects/ws02_tools/install/py02_rosbag/share/colcon-core/packages/py02_rosbag)
[3.599s] DEBUG:colcon.colcon_core.event_handler.log_command:Invoked command in '/home/cl/CLionProjects/ws02_tools/build/cpp02_rosbag' returned '0': CMAKE_PREFIX_PATH=/opt/ros/humble CONDA_PROMPT_MODIFIER=(base) /usr/bin/cmake --build /home/cl/CLionProjects/ws02_tools/build/cpp02_rosbag -- -j8 -l8
[3.601s] DEBUG:colcon.colcon_core.event_handler.log_command:Invoking command in '/home/cl/CLionProjects/ws02_tools/build/cpp02_rosbag': CMAKE_PREFIX_PATH=/opt/ros/humble CONDA_PROMPT_MODIFIER=(base) /usr/bin/cmake --install /home/cl/CLionProjects/ws02_tools/build/cpp02_rosbag
[3.610s] Level 1:colcon.colcon_core.environment:create_environment_scripts_only(cpp02_rosbag)
[3.611s] Level 1:colcon.colcon_core.environment:checking '/home/cl/CLionProjects/ws02_tools/install/cpp02_rosbag' for CMake module files
[3.611s] DEBUG:colcon.colcon_core.event_handler.log_command:Invoked command in '/home/cl/CLionProjects/ws02_tools/build/cpp02_rosbag' returned '0': CMAKE_PREFIX_PATH=/opt/ros/humble CONDA_PROMPT_MODIFIER=(base) /usr/bin/cmake --install /home/cl/CLionProjects/ws02_tools/build/cpp02_rosbag
[3.612s] Level 1:colcon.colcon_core.environment:checking '/home/cl/CLionProjects/ws02_tools/install/cpp02_rosbag' for CMake config files
[3.612s] Level 1:colcon.colcon_core.shell:create_environment_hook('cpp02_rosbag', 'cmake_prefix_path')
[3.612s] INFO:colcon.colcon_core.shell:Creating environment hook '/home/cl/CLionProjects/ws02_tools/install/cpp02_rosbag/share/cpp02_rosbag/hook/cmake_prefix_path.ps1'
[3.613s] INFO:colcon.colcon_core.shell:Creating environment descriptor '/home/cl/CLionProjects/ws02_tools/install/cpp02_rosbag/share/cpp02_rosbag/hook/cmake_prefix_path.dsv'
[3.613s] INFO:colcon.colcon_core.shell:Creating environment hook '/home/cl/CLionProjects/ws02_tools/install/cpp02_rosbag/share/cpp02_rosbag/hook/cmake_prefix_path.sh'
[3.614s] Level 1:colcon.colcon_core.environment:checking '/home/cl/CLionProjects/ws02_tools/install/cpp02_rosbag/lib'
[3.614s] Level 1:colcon.colcon_core.environment:checking '/home/cl/CLionProjects/ws02_tools/install/cpp02_rosbag/bin'
[3.614s] Level 1:colcon.colcon_core.environment:checking '/home/cl/CLionProjects/ws02_tools/install/cpp02_rosbag/lib/pkgconfig/cpp02_rosbag.pc'
[3.614s] Level 1:colcon.colcon_core.environment:checking '/home/cl/CLionProjects/ws02_tools/install/cpp02_rosbag/lib/python3.10/site-packages'
[3.615s] Level 1:colcon.colcon_core.environment:checking '/home/cl/CLionProjects/ws02_tools/install/cpp02_rosbag/bin'
[3.615s] INFO:colcon.colcon_core.shell:Creating package script '/home/cl/CLionProjects/ws02_tools/install/cpp02_rosbag/share/cpp02_rosbag/package.ps1'
[3.616s] INFO:colcon.colcon_core.shell:Creating package descriptor '/home/cl/CLionProjects/ws02_tools/install/cpp02_rosbag/share/cpp02_rosbag/package.dsv'
[3.616s] INFO:colcon.colcon_core.shell:Creating package script '/home/cl/CLionProjects/ws02_tools/install/cpp02_rosbag/share/cpp02_rosbag/package.sh'
[3.617s] INFO:colcon.colcon_core.shell:Creating package script '/home/cl/CLionProjects/ws02_tools/install/cpp02_rosbag/share/cpp02_rosbag/package.bash'
[3.617s] INFO:colcon.colcon_core.shell:Creating package script '/home/cl/CLionProjects/ws02_tools/install/cpp02_rosbag/share/cpp02_rosbag/package.zsh'
[3.617s] Level 1:colcon.colcon_core.environment:create_file_with_runtime_dependencies(/home/cl/CLionProjects/ws02_tools/install/cpp02_rosbag/share/colcon-core/packages/cpp02_rosbag)
[3.618s] Level 1:colcon.colcon_core.environment:create_environment_scripts_only(cpp02_rosbag)
[3.618s] Level 1:colcon.colcon_core.environment:checking '/home/cl/CLionProjects/ws02_tools/install/cpp02_rosbag' for CMake module files
[3.619s] Level 1:colcon.colcon_core.environment:checking '/home/cl/CLionProjects/ws02_tools/install/cpp02_rosbag' for CMake config files
[3.619s] Level 1:colcon.colcon_core.shell:create_environment_hook('cpp02_rosbag', 'cmake_prefix_path')
[3.619s] INFO:colcon.colcon_core.shell:Creating environment hook '/home/cl/CLionProjects/ws02_tools/install/cpp02_rosbag/share/cpp02_rosbag/hook/cmake_prefix_path.ps1'
[3.620s] INFO:colcon.colcon_core.shell:Creating environment descriptor '/home/cl/CLionProjects/ws02_tools/install/cpp02_rosbag/share/cpp02_rosbag/hook/cmake_prefix_path.dsv'
[3.620s] INFO:colcon.colcon_core.shell:Creating environment hook '/home/cl/CLionProjects/ws02_tools/install/cpp02_rosbag/share/cpp02_rosbag/hook/cmake_prefix_path.sh'
[3.620s] Level 1:colcon.colcon_core.environment:checking '/home/cl/CLionProjects/ws02_tools/install/cpp02_rosbag/lib'
[3.620s] Level 1:colcon.colcon_core.environment:checking '/home/cl/CLionProjects/ws02_tools/install/cpp02_rosbag/bin'
[3.620s] Level 1:colcon.colcon_core.environment:checking '/home/cl/CLionProjects/ws02_tools/install/cpp02_rosbag/lib/pkgconfig/cpp02_rosbag.pc'
[3.621s] Level 1:colcon.colcon_core.environment:checking '/home/cl/CLionProjects/ws02_tools/install/cpp02_rosbag/lib/python3.10/site-packages'
[3.621s] Level 1:colcon.colcon_core.environment:checking '/home/cl/CLionProjects/ws02_tools/install/cpp02_rosbag/bin'
[3.621s] INFO:colcon.colcon_core.shell:Creating package script '/home/cl/CLionProjects/ws02_tools/install/cpp02_rosbag/share/cpp02_rosbag/package.ps1'
[3.621s] INFO:colcon.colcon_core.shell:Creating package descriptor '/home/cl/CLionProjects/ws02_tools/install/cpp02_rosbag/share/cpp02_rosbag/package.dsv'
[3.622s] INFO:colcon.colcon_core.shell:Creating package script '/home/cl/CLionProjects/ws02_tools/install/cpp02_rosbag/share/cpp02_rosbag/package.sh'
[3.622s] INFO:colcon.colcon_core.shell:Creating package script '/home/cl/CLionProjects/ws02_tools/install/cpp02_rosbag/share/cpp02_rosbag/package.bash'
[3.622s] INFO:colcon.colcon_core.shell:Creating package script '/home/cl/CLionProjects/ws02_tools/install/cpp02_rosbag/share/cpp02_rosbag/package.zsh'
[3.623s] Level 1:colcon.colcon_core.environment:create_file_with_runtime_dependencies(/home/cl/CLionProjects/ws02_tools/install/cpp02_rosbag/share/colcon-core/packages/cpp02_rosbag)
[3.623s] DEBUG:colcon.colcon_parallel_executor.executor.parallel:closing loop
[3.623s] DEBUG:colcon.colcon_parallel_executor.executor.parallel:loop closed
[3.623s] DEBUG:colcon.colcon_parallel_executor.executor.parallel:run_until_complete finished with '0'
[3.623s] DEBUG:colcon.colcon_core.event_reactor:joining thread
[3.628s] INFO:colcon.colcon_core.plugin_system:Skipping extension 'colcon_notification.desktop_notification.terminal_notifier': Not used on non-Darwin systems
[3.628s] INFO:colcon.colcon_core.plugin_system:Skipping extension 'colcon_notification.desktop_notification.win32': Not used on non-Windows systems
[3.628s] INFO:colcon.colcon_notification.desktop_notification:Sending desktop notification using 'notify2'
[3.635s] DEBUG:colcon.colcon_core.event_reactor:joined thread
[3.635s] INFO:colcon.colcon_core.shell:Creating prefix script '/home/cl/CLionProjects/ws02_tools/install/local_setup.ps1'
[3.636s] INFO:colcon.colcon_core.shell:Creating prefix util module '/home/cl/CLionProjects/ws02_tools/install/_local_setup_util_ps1.py'
[3.637s] INFO:colcon.colcon_core.shell:Creating prefix chain script '/home/cl/CLionProjects/ws02_tools/install/setup.ps1'
[3.638s] INFO:colcon.colcon_core.shell:Creating prefix script '/home/cl/CLionProjects/ws02_tools/install/local_setup.sh'
[3.638s] INFO:colcon.colcon_core.shell:Creating prefix util module '/home/cl/CLionProjects/ws02_tools/install/_local_setup_util_sh.py'
[3.639s] INFO:colcon.colcon_core.shell:Creating prefix chain script '/home/cl/CLionProjects/ws02_tools/install/setup.sh'
[3.640s] INFO:colcon.colcon_core.shell:Creating prefix script '/home/cl/CLionProjects/ws02_tools/install/local_setup.bash'
[3.640s] INFO:colcon.colcon_core.shell:Creating prefix chain script '/home/cl/CLionProjects/ws02_tools/install/setup.bash'
[3.641s] INFO:colcon.colcon_core.shell:Creating prefix script '/home/cl/CLionProjects/ws02_tools/install/local_setup.zsh'
[3.641s] INFO:colcon.colcon_core.shell:Creating prefix chain script '/home/cl/CLionProjects/ws02_tools/install/setup.zsh'
