-- Install configuration: ""
-- Up-to-date: /home/cl/CLionProjects/ws02_tools/install/cpp06_urdf/share/cpp06_urdf/launch
-- Up-to-date: /home/cl/CLionProjects/ws02_tools/install/cpp06_urdf/share/cpp06_urdf/launch/display.launch.py
-- Up-to-date: /home/cl/CLionProjects/ws02_tools/install/cpp06_urdf/share/cpp06_urdf/rviz
-- Up-to-date: /home/cl/CLionProjects/ws02_tools/install/cpp06_urdf/share/cpp06_urdf/rviz/urdf.rviz
-- Up-to-date: /home/cl/CLionProjects/ws02_tools/install/cpp06_urdf/share/cpp06_urdf/urdf
-- Up-to-date: /home/cl/CLionProjects/ws02_tools/install/cpp06_urdf/share/cpp06_urdf/urdf/urdf
-- Up-to-date: /home/cl/CLionProjects/ws02_tools/install/cpp06_urdf/share/cpp06_urdf/urdf/urdf/demo01_helloworld.urdf
-- Up-to-date: /home/cl/CLionProjects/ws02_tools/install/cpp06_urdf/share/cpp06_urdf/urdf/urdf/hahaha.urdf
-- Up-to-date: /home/cl/CLionProjects/ws02_tools/install/cpp06_urdf/share/cpp06_urdf/urdf/urdf/demo05_exercise.urdf
-- Up-to-date: /home/cl/CLionProjects/ws02_tools/install/cpp06_urdf/share/cpp06_urdf/urdf/urdf/demo02_link.urdf
-- Up-to-date: /home/cl/CLionProjects/ws02_tools/install/cpp06_urdf/share/cpp06_urdf/urdf/xacro
-- Installing: /home/cl/CLionProjects/ws02_tools/install/cpp06_urdf/share/cpp06_urdf/urdf/xacro/demo03_base_func.urdf.xacro
-- Installing: /home/cl/CLionProjects/ws02_tools/install/cpp06_urdf/share/cpp06_urdf/urdf/xacro/demo02_base_pro.urdf.xacro
-- Installing: /home/cl/CLionProjects/ws02_tools/install/cpp06_urdf/share/cpp06_urdf/urdf/xacro/car_base.urdf.xacro
-- Installing: /home/cl/CLionProjects/ws02_tools/install/cpp06_urdf/share/cpp06_urdf/urdf/xacro/demo01_helloworld.urdf.xacro
-- Installing: /home/cl/CLionProjects/ws02_tools/install/cpp06_urdf/share/cpp06_urdf/urdf/xacro/car.urdf.xacro
-- Installing: /home/cl/CLionProjects/ws02_tools/install/cpp06_urdf/share/cpp06_urdf/urdf/xacro/car_camera.urdf.xacro
-- Installing: /home/cl/CLionProjects/ws02_tools/install/cpp06_urdf/share/cpp06_urdf/urdf/xacro/demo04_base_include.urdf.xacro
-- Installing: /home/cl/CLionProjects/ws02_tools/install/cpp06_urdf/share/cpp06_urdf/urdf/xacro/car_laser.urdf.xacro
-- Up-to-date: /home/cl/CLionProjects/ws02_tools/install/cpp06_urdf/share/cpp06_urdf/meshes
-- Up-to-date: /home/cl/CLionProjects/ws02_tools/install/cpp06_urdf/share/cpp06_urdf/meshes/burger_base.stl
-- Up-to-date: /home/cl/CLionProjects/ws02_tools/install/cpp06_urdf/share/ament_index/resource_index/package_run_dependencies/cpp06_urdf
-- Up-to-date: /home/cl/CLionProjects/ws02_tools/install/cpp06_urdf/share/ament_index/resource_index/parent_prefix_path/cpp06_urdf
-- Up-to-date: /home/cl/CLionProjects/ws02_tools/install/cpp06_urdf/share/cpp06_urdf/environment/ament_prefix_path.sh
-- Up-to-date: /home/cl/CLionProjects/ws02_tools/install/cpp06_urdf/share/cpp06_urdf/environment/ament_prefix_path.dsv
-- Up-to-date: /home/cl/CLionProjects/ws02_tools/install/cpp06_urdf/share/cpp06_urdf/environment/path.sh
-- Up-to-date: /home/cl/CLionProjects/ws02_tools/install/cpp06_urdf/share/cpp06_urdf/environment/path.dsv
-- Up-to-date: /home/cl/CLionProjects/ws02_tools/install/cpp06_urdf/share/cpp06_urdf/local_setup.bash
-- Up-to-date: /home/cl/CLionProjects/ws02_tools/install/cpp06_urdf/share/cpp06_urdf/local_setup.sh
-- Up-to-date: /home/cl/CLionProjects/ws02_tools/install/cpp06_urdf/share/cpp06_urdf/local_setup.zsh
-- Up-to-date: /home/cl/CLionProjects/ws02_tools/install/cpp06_urdf/share/cpp06_urdf/local_setup.dsv
-- Installing: /home/cl/CLionProjects/ws02_tools/install/cpp06_urdf/share/cpp06_urdf/package.dsv
-- Up-to-date: /home/cl/CLionProjects/ws02_tools/install/cpp06_urdf/share/ament_index/resource_index/packages/cpp06_urdf
-- Up-to-date: /home/cl/CLionProjects/ws02_tools/install/cpp06_urdf/share/cpp06_urdf/cmake/cpp06_urdfConfig.cmake
-- Up-to-date: /home/cl/CLionProjects/ws02_tools/install/cpp06_urdf/share/cpp06_urdf/cmake/cpp06_urdfConfig-version.cmake
-- Up-to-date: /home/cl/CLionProjects/ws02_tools/install/cpp06_urdf/share/cpp06_urdf/package.xml
