[0.049s] Invoking command in '/home/cl/CLionProjects/ws02_tools/build/cpp06_urdf': CMAKE_PREFIX_PATH=${CMAKE_PREFIX_PATH}:/home/cl/CLionProjects/ws02_tools/install/py02_rosbag:/home/cl/CLionProjects/ws02_tools/install/py01_launch:/opt/ros/humble CONDA_PROMPT_MODIFIER=(base) /usr/bin/cmake --build /home/cl/CLionProjects/ws02_tools/build/cpp06_urdf -- -j8 -l8
[0.528s] Invoked command in '/home/cl/CLionProjects/ws02_tools/build/cpp06_urdf' returned '0': CMAKE_PREFIX_PATH=${CMAKE_PREFIX_PATH}:/home/cl/CLionProjects/ws02_tools/install/py02_rosbag:/home/cl/CLionProjects/ws02_tools/install/py01_launch:/opt/ros/humble CONDA_PROMPT_MODIFIER=(base) /usr/bin/cmake --build /home/cl/CLionProjects/ws02_tools/build/cpp06_urdf -- -j8 -l8
[0.529s] Invoking command in '/home/cl/CLionProjects/ws02_tools/build/cpp06_urdf': CMAKE_PREFIX_PATH=${CMAKE_PREFIX_PATH}:/home/cl/CLionProjects/ws02_tools/install/py02_rosbag:/home/cl/CLionProjects/ws02_tools/install/py01_launch:/opt/ros/humble CONDA_PROMPT_MODIFIER=(base) /usr/bin/cmake --install /home/cl/CLionProjects/ws02_tools/build/cpp06_urdf
[0.542s] -- Install configuration: ""
[0.542s] -- Up-to-date: /home/cl/CLionProjects/ws02_tools/install/cpp06_urdf/share/cpp06_urdf/launch
[0.542s] -- Up-to-date: /home/cl/CLionProjects/ws02_tools/install/cpp06_urdf/share/cpp06_urdf/launch/display.launch.py
[0.542s] -- Up-to-date: /home/cl/CLionProjects/ws02_tools/install/cpp06_urdf/share/cpp06_urdf/rviz
[0.542s] -- Up-to-date: /home/cl/CLionProjects/ws02_tools/install/cpp06_urdf/share/cpp06_urdf/rviz/urdf.rviz
[0.542s] -- Up-to-date: /home/cl/CLionProjects/ws02_tools/install/cpp06_urdf/share/cpp06_urdf/urdf
[0.542s] -- Up-to-date: /home/cl/CLionProjects/ws02_tools/install/cpp06_urdf/share/cpp06_urdf/urdf/urdf
[0.542s] -- Up-to-date: /home/cl/CLionProjects/ws02_tools/install/cpp06_urdf/share/cpp06_urdf/urdf/urdf/demo01_helloworld.urdf
[0.543s] -- Up-to-date: /home/cl/CLionProjects/ws02_tools/install/cpp06_urdf/share/cpp06_urdf/urdf/urdf/hahaha.urdf
[0.543s] -- Up-to-date: /home/cl/CLionProjects/ws02_tools/install/cpp06_urdf/share/cpp06_urdf/urdf/urdf/demo05_exercise.urdf
[0.543s] -- Up-to-date: /home/cl/CLionProjects/ws02_tools/install/cpp06_urdf/share/cpp06_urdf/urdf/urdf/demo02_link.urdf
[0.543s] -- Up-to-date: /home/cl/CLionProjects/ws02_tools/install/cpp06_urdf/share/cpp06_urdf/urdf/xacro
[0.543s] -- Up-to-date: /home/cl/CLionProjects/ws02_tools/install/cpp06_urdf/share/cpp06_urdf/urdf/xacro/demo03_base_func.urdf.xacro
[0.543s] -- Up-to-date: /home/cl/CLionProjects/ws02_tools/install/cpp06_urdf/share/cpp06_urdf/urdf/xacro/demo02_base_pro.urdf.xacro
[0.543s] -- Installing: /home/cl/CLionProjects/ws02_tools/install/cpp06_urdf/share/cpp06_urdf/urdf/xacro/car_base.urdf.xacro
[0.543s] -- Up-to-date: /home/cl/CLionProjects/ws02_tools/install/cpp06_urdf/share/cpp06_urdf/urdf/xacro/demo01_helloworld.urdf.xacro
[0.543s] -- Up-to-date: /home/cl/CLionProjects/ws02_tools/install/cpp06_urdf/share/cpp06_urdf/urdf/xacro/car.urdf.xacro
[0.543s] -- Up-to-date: /home/cl/CLionProjects/ws02_tools/install/cpp06_urdf/share/cpp06_urdf/urdf/xacro/car_camera.urdf.xacro
[0.543s] -- Up-to-date: /home/cl/CLionProjects/ws02_tools/install/cpp06_urdf/share/cpp06_urdf/urdf/xacro/demo04_base_include.urdf.xacro
[0.543s] -- Up-to-date: /home/cl/CLionProjects/ws02_tools/install/cpp06_urdf/share/cpp06_urdf/urdf/xacro/car_laser.urdf.xacro
[0.544s] -- Up-to-date: /home/cl/CLionProjects/ws02_tools/install/cpp06_urdf/share/cpp06_urdf/meshes
[0.544s] -- Up-to-date: /home/cl/CLionProjects/ws02_tools/install/cpp06_urdf/share/cpp06_urdf/meshes/burger_base.stl
[0.544s] -- Up-to-date: /home/cl/CLionProjects/ws02_tools/install/cpp06_urdf/share/ament_index/resource_index/package_run_dependencies/cpp06_urdf
[0.544s] -- Up-to-date: /home/cl/CLionProjects/ws02_tools/install/cpp06_urdf/share/ament_index/resource_index/parent_prefix_path/cpp06_urdf
[0.544s] -- Up-to-date: /home/cl/CLionProjects/ws02_tools/install/cpp06_urdf/share/cpp06_urdf/environment/ament_prefix_path.sh
[0.544s] -- Up-to-date: /home/cl/CLionProjects/ws02_tools/install/cpp06_urdf/share/cpp06_urdf/environment/ament_prefix_path.dsv
[0.544s] -- Up-to-date: /home/cl/CLionProjects/ws02_tools/install/cpp06_urdf/share/cpp06_urdf/environment/path.sh
[0.544s] -- Up-to-date: /home/cl/CLionProjects/ws02_tools/install/cpp06_urdf/share/cpp06_urdf/environment/path.dsv
[0.544s] -- Up-to-date: /home/cl/CLionProjects/ws02_tools/install/cpp06_urdf/share/cpp06_urdf/local_setup.bash
[0.544s] -- Up-to-date: /home/cl/CLionProjects/ws02_tools/install/cpp06_urdf/share/cpp06_urdf/local_setup.sh
[0.545s] -- Up-to-date: /home/cl/CLionProjects/ws02_tools/install/cpp06_urdf/share/cpp06_urdf/local_setup.zsh
[0.545s] -- Up-to-date: /home/cl/CLionProjects/ws02_tools/install/cpp06_urdf/share/cpp06_urdf/local_setup.dsv
[0.545s] -- Installing: /home/cl/CLionProjects/ws02_tools/install/cpp06_urdf/share/cpp06_urdf/package.dsv
[0.545s] -- Up-to-date: /home/cl/CLionProjects/ws02_tools/install/cpp06_urdf/share/ament_index/resource_index/packages/cpp06_urdf
[0.545s] -- Up-to-date: /home/cl/CLionProjects/ws02_tools/install/cpp06_urdf/share/cpp06_urdf/cmake/cpp06_urdfConfig.cmake
[0.545s] -- Up-to-date: /home/cl/CLionProjects/ws02_tools/install/cpp06_urdf/share/cpp06_urdf/cmake/cpp06_urdfConfig-version.cmake
[0.545s] -- Up-to-date: /home/cl/CLionProjects/ws02_tools/install/cpp06_urdf/share/cpp06_urdf/package.xml
[0.580s] Invoked command in '/home/cl/CLionProjects/ws02_tools/build/cpp06_urdf' returned '0': CMAKE_PREFIX_PATH=${CMAKE_PREFIX_PATH}:/home/cl/CLionProjects/ws02_tools/install/py02_rosbag:/home/cl/CLionProjects/ws02_tools/install/py01_launch:/opt/ros/humble CONDA_PROMPT_MODIFIER=(base) /usr/bin/cmake --install /home/cl/CLionProjects/ws02_tools/build/cpp06_urdf
