[0.007s] Invoking command in '/home/cl/CLionProjects/ws02_tools/build/cpp06_urdf': CMAKE_PREFIX_PATH=/opt/ros/humble CONDA_PROMPT_MODIFIER=(base) /usr/bin/cmake /home/cl/CLionProjects/ws02_tools/src/cpp06_urdf -DCMAKE_INSTALL_PREFIX=/home/cl/CLionProjects/ws02_tools/install/cpp06_urdf
[0.048s] -- The C compiler identification is GNU 11.4.0
[0.092s] -- The CXX compiler identification is GNU 11.4.0
[0.098s] -- Detecting C compiler ABI info
[0.152s] -- Detecting C compiler ABI info - done
[0.159s] -- Check for working C compiler: /usr/bin/cc - skipped
[0.159s] -- Detecting C compile features
[0.159s] -- Detecting C compile features - done
[0.162s] -- Detecting CXX compiler ABI info
[0.226s] -- Detecting CXX compiler ABI info - done
[0.233s] -- Check for working CXX compiler: /usr/bin/c++ - skipped
[0.233s] -- Detecting CXX compile features
[0.234s] -- Detecting CXX compile features - done
[0.235s] -- Found ament_cmake: 1.3.11 (/opt/ros/humble/share/ament_cmake/cmake)
[0.571s] -- Found Python3: /home/cl/miniconda3/bin/python3 (found version "3.12.4") found components: Interpreter 
[0.660s] -- Found ament_lint_auto: 0.12.11 (/opt/ros/humble/share/ament_lint_auto/cmake)
[0.756s] -- Added test 'lint_cmake' to check CMake code style
[0.757s] -- Added test 'xmllint' to check XML markup files
[0.758s] -- Configuring done
[0.760s] -- Generating done
[0.762s] -- Build files have been written to: /home/cl/CLionProjects/ws02_tools/build/cpp06_urdf
[0.766s] Invoked command in '/home/cl/CLionProjects/ws02_tools/build/cpp06_urdf' returned '0': CMAKE_PREFIX_PATH=/opt/ros/humble CONDA_PROMPT_MODIFIER=(base) /usr/bin/cmake /home/cl/CLionProjects/ws02_tools/src/cpp06_urdf -DCMAKE_INSTALL_PREFIX=/home/cl/CLionProjects/ws02_tools/install/cpp06_urdf
[0.768s] Invoking command in '/home/cl/CLionProjects/ws02_tools/build/cpp06_urdf': CMAKE_PREFIX_PATH=/opt/ros/humble CONDA_PROMPT_MODIFIER=(base) /usr/bin/cmake --build /home/cl/CLionProjects/ws02_tools/build/cpp06_urdf -- -j8 -l8
[0.799s] Invoked command in '/home/cl/CLionProjects/ws02_tools/build/cpp06_urdf' returned '0': CMAKE_PREFIX_PATH=/opt/ros/humble CONDA_PROMPT_MODIFIER=(base) /usr/bin/cmake --build /home/cl/CLionProjects/ws02_tools/build/cpp06_urdf -- -j8 -l8
[0.808s] Invoking command in '/home/cl/CLionProjects/ws02_tools/build/cpp06_urdf': CMAKE_PREFIX_PATH=/opt/ros/humble CONDA_PROMPT_MODIFIER=(base) /usr/bin/cmake --install /home/cl/CLionProjects/ws02_tools/build/cpp06_urdf
[0.815s] -- Install configuration: ""
[0.815s] -- Installing: /home/cl/CLionProjects/ws02_tools/install/cpp06_urdf/share/cpp06_urdf/launch
[0.815s] -- Installing: /home/cl/CLionProjects/ws02_tools/install/cpp06_urdf/share/cpp06_urdf/rviz
[0.815s] -- Installing: /home/cl/CLionProjects/ws02_tools/install/cpp06_urdf/share/cpp06_urdf/urdf
[0.815s] -- Installing: /home/cl/CLionProjects/ws02_tools/install/cpp06_urdf/share/cpp06_urdf/urdf/urdf
[0.815s] -- Installing: /home/cl/CLionProjects/ws02_tools/install/cpp06_urdf/share/cpp06_urdf/urdf/xacro
[0.815s] -- Installing: /home/cl/CLionProjects/ws02_tools/install/cpp06_urdf/share/cpp06_urdf/meshes
[0.815s] -- Installing: /home/cl/CLionProjects/ws02_tools/install/cpp06_urdf/share/ament_index/resource_index/package_run_dependencies/cpp06_urdf
[0.815s] -- Installing: /home/cl/CLionProjects/ws02_tools/install/cpp06_urdf/share/ament_index/resource_index/parent_prefix_path/cpp06_urdf
[0.815s] -- Installing: /home/cl/CLionProjects/ws02_tools/install/cpp06_urdf/share/cpp06_urdf/environment/ament_prefix_path.sh
[0.816s] -- Installing: /home/cl/CLionProjects/ws02_tools/install/cpp06_urdf/share/cpp06_urdf/environment/ament_prefix_path.dsv
[0.816s] -- Installing: /home/cl/CLionProjects/ws02_tools/install/cpp06_urdf/share/cpp06_urdf/environment/path.sh
[0.816s] -- Installing: /home/cl/CLionProjects/ws02_tools/install/cpp06_urdf/share/cpp06_urdf/environment/path.dsv
[0.816s] -- Installing: /home/cl/CLionProjects/ws02_tools/install/cpp06_urdf/share/cpp06_urdf/local_setup.bash
[0.816s] -- Installing: /home/cl/CLionProjects/ws02_tools/install/cpp06_urdf/share/cpp06_urdf/local_setup.sh
[0.816s] -- Installing: /home/cl/CLionProjects/ws02_tools/install/cpp06_urdf/share/cpp06_urdf/local_setup.zsh
[0.816s] -- Installing: /home/cl/CLionProjects/ws02_tools/install/cpp06_urdf/share/cpp06_urdf/local_setup.dsv
[0.816s] -- Installing: /home/cl/CLionProjects/ws02_tools/install/cpp06_urdf/share/cpp06_urdf/package.dsv
[0.817s] -- Installing: /home/cl/CLionProjects/ws02_tools/install/cpp06_urdf/share/ament_index/resource_index/packages/cpp06_urdf
[0.817s] -- Installing: /home/cl/CLionProjects/ws02_tools/install/cpp06_urdf/share/cpp06_urdf/cmake/cpp06_urdfConfig.cmake
[0.817s] -- Installing: /home/cl/CLionProjects/ws02_tools/install/cpp06_urdf/share/cpp06_urdf/cmake/cpp06_urdfConfig-version.cmake
[0.817s] -- Installing: /home/cl/CLionProjects/ws02_tools/install/cpp06_urdf/share/cpp06_urdf/package.xml
[0.819s] Invoked command in '/home/cl/CLionProjects/ws02_tools/build/cpp06_urdf' returned '0': CMAKE_PREFIX_PATH=/opt/ros/humble CONDA_PROMPT_MODIFIER=(base) /usr/bin/cmake --install /home/cl/CLionProjects/ws02_tools/build/cpp06_urdf
