[0.008s] Invoking command in '/home/cl/CLionProjects/ws02_tools/build/PROJECT_NAME': CONDA_PROMPT_MODIFIER=(base) /usr/bin/cmake /home/cl/CLionProjects/ws02_tools -DCMAKE_INSTALL_PREFIX=/home/cl/CLionProjects/ws02_tools/install/PROJECT_NAME
[0.049s] -- The C compiler identification is GNU 11.4.0
[0.094s] -- The CXX compiler identification is GNU 11.4.0
[0.100s] -- Detecting C compiler ABI info
[0.155s] -- Detecting C compiler ABI info - done
[0.162s] -- Check for working C compiler: /usr/bin/cc - skipped
[0.162s] -- Detecting C compile features
[0.162s] -- Detecting C compile features - done
[0.165s] -- Detecting CXX compiler ABI info
[0.227s] -- Detecting CXX compiler ABI info - done
[0.233s] -- Check for working CXX compiler: /usr/bin/c++ - skipped
[0.234s] -- Detecting CXX compile features
[0.234s] -- Detecting CXX compile features - done
[0.234s] [0msearch criteria: BUILD_BASE;/home/cl/CLionProjects/ws02_tools/build;BASE_PATHS;/home/cl/CLionProjects/ws02_tools/src/;--packages-select;cpp03_tf_broadcaster[0m
[0.669s] [0mcolcon shows paths /home/cl/CLionProjects/ws02_tools/src/cpp03_tf_broadcaster[0m
[0.669s] [0m...examining /home/cl/CLionProjects/ws02_tools/src/cpp03_tf_broadcaster[0m
[1.042s] [0m...adding package cpp03_tf_broadcaster from path /home/cl/CLionProjects/ws02_tools/src/cpp03_tf_broadcaster[0m
[1.042s] [0mpackage info: path: /home/cl/CLionProjects/ws02_tools/src/cpp03_tf_broadcaster
[1.042s]   type: ros.ament_cmake
[1.042s]   name: cpp03_tf_broadcaster
[1.042s]   dependencies:
[1.042s]     build: ament_cmake geometry_msgs rclcpp tf2 tf2_ros turtlesim
[1.042s]     run: geometry_msgs rclcpp tf2 tf2_ros turtlesim
[1.042s]     test: ament_lint_auto ament_lint_common
[1.042s]   metadata:
[1.043s]     maintainers: ['cl <chengzhuolong@outlook.com>']
[1.043s]     version: 0.0.0
[1.043s] [0m
[1.044s] -- Found ament_cmake: 1.3.11 (/opt/ros/humble/share/ament_cmake/cmake)
[1.692s] -- Found Python3: /home/cl/miniconda3/bin/python3 (found version "3.12.4") found components: Interpreter 
[1.815s] -- Found rclcpp: 16.0.11 (/opt/ros/humble/share/rclcpp/cmake)
[1.861s] -- Found rosidl_generator_c: 3.1.6 (/opt/ros/humble/share/rosidl_generator_c/cmake)
[1.867s] -- Found rosidl_adapter: 3.1.6 (/opt/ros/humble/share/rosidl_adapter/cmake)
[1.876s] -- Found rosidl_generator_cpp: 3.1.6 (/opt/ros/humble/share/rosidl_generator_cpp/cmake)
[1.891s] -- Using all available rosidl_typesupport_c: rosidl_typesupport_fastrtps_c;rosidl_typesupport_introspection_c
[1.909s] -- Using all available rosidl_typesupport_cpp: rosidl_typesupport_fastrtps_cpp;rosidl_typesupport_introspection_cpp
[1.985s] -- Found rmw_implementation_cmake: 6.1.2 (/opt/ros/humble/share/rmw_implementation_cmake/cmake)
[1.989s] -- Found rmw_fastrtps_cpp: 6.2.7 (/opt/ros/humble/share/rmw_fastrtps_cpp/cmake)
[2.167s] -- Found OpenSSL: /usr/lib/x86_64-linux-gnu/libcrypto.so (found version "3.0.2")  
[2.212s] -- Found FastRTPS: /opt/ros/humble/include  
[2.274s] -- Using RMW implementation 'rmw_fastrtps_cpp' as default
[2.289s] -- Looking for pthread.h
[2.363s] -- Looking for pthread.h - found
[2.363s] -- Performing Test CMAKE_HAVE_LIBC_PTHREAD
[2.439s] -- Performing Test CMAKE_HAVE_LIBC_PTHREAD - Success
[2.440s] -- Found Threads: TRUE  
[2.495s] -- Found tf2: 0.25.12 (/opt/ros/humble/share/tf2/cmake)
[2.522s] -- Found tf2_ros: 0.25.12 (/opt/ros/humble/share/tf2_ros/cmake)
[2.619s] -- Found turtlesim: 1.4.2 (/opt/ros/humble/share/turtlesim/cmake)
[2.637s] -- Found ament_lint_auto: 0.12.11 (/opt/ros/humble/share/ament_lint_auto/cmake)
[2.726s] Invoked command in '/home/cl/CLionProjects/ws02_tools/build/PROJECT_NAME' returned '-2': CONDA_PROMPT_MODIFIER=(base) /usr/bin/cmake /home/cl/CLionProjects/ws02_tools -DCMAKE_INSTALL_PREFIX=/home/cl/CLionProjects/ws02_tools/install/PROJECT_NAME
