[0.019s] Invoking command in '/home/cl/CLionProjects/ws02_tools/build/cpp03_tf_broadcaster': CMAKE_PREFIX_PATH=${CMAKE_PREFIX_PATH}:/home/cl/CLionProjects/ws02_tools/install/py02_rosbag:/home/cl/CLionProjects/ws02_tools/install/py01_launch:/opt/ros/humble CONDA_PROMPT_MODIFIER=(base) /usr/bin/cmake --build /home/cl/CLionProjects/ws02_tools/build/cpp03_tf_broadcaster -- -j8 -l8
[0.275s] -- Found ament_cmake: 1.3.11 (/opt/ros/humble/share/ament_cmake/cmake)
[0.275s] -- Found rclcpp: 16.0.11 (/opt/ros/humble/share/rclcpp/cmake)
[0.275s] -- Found rosidl_generator_c: 3.1.6 (/opt/ros/humble/share/rosidl_generator_c/cmake)
[0.276s] -- Found rosidl_adapter: 3.1.6 (/opt/ros/humble/share/rosidl_adapter/cmake)
[0.276s] -- Found rosidl_generator_cpp: 3.1.6 (/opt/ros/humble/share/rosidl_generator_cpp/cmake)
[0.276s] -- Using all available rosidl_typesupport_c: rosidl_typesupport_fastrtps_c;rosidl_typesupport_introspection_c
[0.276s] -- Using all available rosidl_typesupport_cpp: rosidl_typesupport_fastrtps_cpp;rosidl_typesupport_introspection_cpp
[0.276s] -- Found rmw_implementation_cmake: 6.1.2 (/opt/ros/humble/share/rmw_implementation_cmake/cmake)
[0.276s] -- Found rmw_fastrtps_cpp: 6.2.7 (/opt/ros/humble/share/rmw_fastrtps_cpp/cmake)
[0.351s] -- Using RMW implementation 'rmw_fastrtps_cpp' as default
[0.404s] -- Found tf2: 0.25.12 (/opt/ros/humble/share/tf2/cmake)
[0.419s] -- Found tf2_ros: 0.25.12 (/opt/ros/humble/share/tf2_ros/cmake)
[0.489s] -- Found turtlesim: 1.4.2 (/opt/ros/humble/share/turtlesim/cmake)
[0.506s] -- Found ament_lint_auto: 0.12.11 (/opt/ros/humble/share/ament_lint_auto/cmake)
[0.643s] -- Added test 'cppcheck' to perform static code analysis on C / C++ code
[0.643s] -- Configured cppcheck include dirs: $<BUILD_INTERFACE:/home/cl/CLionProjects/ws02_tools/src/cpp03_tf_broadcaster/include>
[0.643s] -- Configured cppcheck exclude dirs and/or files: 
[0.644s] -- Added test 'lint_cmake' to check CMake code style
[0.645s] -- Added test 'uncrustify' to check C / C++ code style
[0.645s] -- Configured uncrustify additional arguments: 
[0.645s] -- Added test 'xmllint' to check XML markup files
[0.646s] -- Configuring done
[0.666s] -- Generating done
[0.675s] -- Build files have been written to: /home/cl/CLionProjects/ws02_tools/build/cpp03_tf_broadcaster
[0.704s] [35m[1mConsolidate compiler generated dependencies of target demo01_static_tf_broadcaster[0m
[0.705s] [35m[1mConsolidate compiler generated dependencies of target demo02_dynamic_tf_broadcaster[0m
[0.713s] [ 16%] [32mBuilding CXX object CMakeFiles/demo03_point_tf_broadcaster.dir/src/demo03_point_tf_broadcaster.cpp.o[0m
[0.721s] [ 50%] Built target demo01_static_tf_broadcaster
[0.728s] [ 83%] Built target demo02_dynamic_tf_broadcaster
[5.497s] [100%] [32m[1mLinking CXX executable demo03_point_tf_broadcaster[0m
[5.725s] [100%] Built target demo03_point_tf_broadcaster
[5.738s] Invoked command in '/home/cl/CLionProjects/ws02_tools/build/cpp03_tf_broadcaster' returned '0': CMAKE_PREFIX_PATH=${CMAKE_PREFIX_PATH}:/home/cl/CLionProjects/ws02_tools/install/py02_rosbag:/home/cl/CLionProjects/ws02_tools/install/py01_launch:/opt/ros/humble CONDA_PROMPT_MODIFIER=(base) /usr/bin/cmake --build /home/cl/CLionProjects/ws02_tools/build/cpp03_tf_broadcaster -- -j8 -l8
[5.739s] Invoking command in '/home/cl/CLionProjects/ws02_tools/build/cpp03_tf_broadcaster': CMAKE_PREFIX_PATH=${CMAKE_PREFIX_PATH}:/home/cl/CLionProjects/ws02_tools/install/py02_rosbag:/home/cl/CLionProjects/ws02_tools/install/py01_launch:/opt/ros/humble CONDA_PROMPT_MODIFIER=(base) /usr/bin/cmake --install /home/cl/CLionProjects/ws02_tools/build/cpp03_tf_broadcaster
[5.746s] -- Install configuration: ""
[5.746s] -- Up-to-date: /home/cl/CLionProjects/ws02_tools/install/cpp03_tf_broadcaster/lib/cpp03_tf_broadcaster/demo01_static_tf_broadcaster
[5.746s] -- Up-to-date: /home/cl/CLionProjects/ws02_tools/install/cpp03_tf_broadcaster/lib/cpp03_tf_broadcaster/demo02_dynamic_tf_broadcaster
[5.746s] -- Installing: /home/cl/CLionProjects/ws02_tools/install/cpp03_tf_broadcaster/lib/cpp03_tf_broadcaster/demo03_point_tf_broadcaster
[5.747s] -- Set runtime path of "/home/cl/CLionProjects/ws02_tools/install/cpp03_tf_broadcaster/lib/cpp03_tf_broadcaster/demo03_point_tf_broadcaster" to ""
[5.747s] -- Up-to-date: /home/cl/CLionProjects/ws02_tools/install/cpp03_tf_broadcaster/share/ament_index/resource_index/package_run_dependencies/cpp03_tf_broadcaster
[5.747s] -- Installing: /home/cl/CLionProjects/ws02_tools/install/cpp03_tf_broadcaster/share/ament_index/resource_index/parent_prefix_path/cpp03_tf_broadcaster
[5.747s] -- Up-to-date: /home/cl/CLionProjects/ws02_tools/install/cpp03_tf_broadcaster/share/cpp03_tf_broadcaster/environment/ament_prefix_path.sh
[5.748s] -- Installing: /home/cl/CLionProjects/ws02_tools/install/cpp03_tf_broadcaster/share/cpp03_tf_broadcaster/environment/ament_prefix_path.dsv
[5.748s] -- Up-to-date: /home/cl/CLionProjects/ws02_tools/install/cpp03_tf_broadcaster/share/cpp03_tf_broadcaster/environment/path.sh
[5.748s] -- Installing: /home/cl/CLionProjects/ws02_tools/install/cpp03_tf_broadcaster/share/cpp03_tf_broadcaster/environment/path.dsv
[5.748s] -- Up-to-date: /home/cl/CLionProjects/ws02_tools/install/cpp03_tf_broadcaster/share/cpp03_tf_broadcaster/local_setup.bash
[5.748s] -- Up-to-date: /home/cl/CLionProjects/ws02_tools/install/cpp03_tf_broadcaster/share/cpp03_tf_broadcaster/local_setup.sh
[5.748s] -- Up-to-date: /home/cl/CLionProjects/ws02_tools/install/cpp03_tf_broadcaster/share/cpp03_tf_broadcaster/local_setup.zsh
[5.748s] -- Installing: /home/cl/CLionProjects/ws02_tools/install/cpp03_tf_broadcaster/share/cpp03_tf_broadcaster/local_setup.dsv
[5.748s] -- Installing: /home/cl/CLionProjects/ws02_tools/install/cpp03_tf_broadcaster/share/cpp03_tf_broadcaster/package.dsv
[5.748s] -- Up-to-date: /home/cl/CLionProjects/ws02_tools/install/cpp03_tf_broadcaster/share/ament_index/resource_index/packages/cpp03_tf_broadcaster
[5.748s] -- Up-to-date: /home/cl/CLionProjects/ws02_tools/install/cpp03_tf_broadcaster/share/cpp03_tf_broadcaster/cmake/cpp03_tf_broadcasterConfig.cmake
[5.748s] -- Up-to-date: /home/cl/CLionProjects/ws02_tools/install/cpp03_tf_broadcaster/share/cpp03_tf_broadcaster/cmake/cpp03_tf_broadcasterConfig-version.cmake
[5.749s] -- Up-to-date: /home/cl/CLionProjects/ws02_tools/install/cpp03_tf_broadcaster/share/cpp03_tf_broadcaster/package.xml
[5.750s] Invoked command in '/home/cl/CLionProjects/ws02_tools/build/cpp03_tf_broadcaster' returned '0': CMAKE_PREFIX_PATH=${CMAKE_PREFIX_PATH}:/home/cl/CLionProjects/ws02_tools/install/py02_rosbag:/home/cl/CLionProjects/ws02_tools/install/py01_launch:/opt/ros/humble CONDA_PROMPT_MODIFIER=(base) /usr/bin/cmake --install /home/cl/CLionProjects/ws02_tools/build/cpp03_tf_broadcaster
