running egg_info
creating ../../build/py01_launch/py01_launch.egg-info
writing ../../build/py01_launch/py01_launch.egg-info/PKG-INFO
writing dependency_links to ../../build/py01_launch/py01_launch.egg-info/dependency_links.txt
writing entry points to ../../build/py01_launch/py01_launch.egg-info/entry_points.txt
writing requirements to ../../build/py01_launch/py01_launch.egg-info/requires.txt
writing top-level names to ../../build/py01_launch/py01_launch.egg-info/top_level.txt
writing manifest file '../../build/py01_launch/py01_launch.egg-info/SOURCES.txt'
reading manifest file '../../build/py01_launch/py01_launch.egg-info/SOURCES.txt'
writing manifest file '../../build/py01_launch/py01_launch.egg-info/SOURCES.txt'
running build
running install
running install_data
creating /home/cl/CLionProjects/ws02_tools/install/py01_launch/share/ament_index
creating /home/cl/CLionProjects/ws02_tools/install/py01_launch/share/ament_index/resource_index
creating /home/cl/CLionProjects/ws02_tools/install/py01_launch/share/ament_index/resource_index/packages
copying resource/py01_launch -> /home/cl/CLionProjects/ws02_tools/install/py01_launch/share/ament_index/resource_index/packages
copying package.xml -> /home/cl/CLionProjects/ws02_tools/install/py01_launch/share/py01_launch
copying launch/py/py01_helloworld_launch.py -> /home/cl/CLionProjects/ws02_tools/install/py01_launch/share/py01_launch
copying launch/xml/xml01_helloworld_launch.xml -> /home/cl/CLionProjects/ws02_tools/install/py01_launch/share/py01_launch
copying launch/yaml/yaml01_helloworld_launch.yaml -> /home/cl/CLionProjects/ws02_tools/install/py01_launch/share/py01_launch
copying launch/yaml/test_launch.yaml -> /home/cl/CLionProjects/ws02_tools/install/py01_launch/share/py01_launch
running install_egg_info
Copying ../../build/py01_launch/py01_launch.egg-info to /home/cl/CLionProjects/ws02_tools/install/py01_launch/lib/python3.10/site-packages/py01_launch-0.0.0-py3.10.egg-info
running install_scripts
writing list of installed files to '/home/cl/CLionProjects/ws02_tools/build/py01_launch/install.log'
