[0.028s] Invoking command in '/home/cl/CLionProjects/ws02_tools/build/cpp04_tf_listener': CMAKE_PREFIX_PATH=${CMAKE_PREFIX_PATH}:/home/cl/CLionProjects/ws02_tools/install/py02_rosbag:/home/cl/CLionProjects/ws02_tools/install/py01_launch:/opt/ros/humble CONDA_PROMPT_MODIFIER=(base) /usr/bin/cmake --build /home/cl/CLionProjects/ws02_tools/build/cpp04_tf_listener -- -j8 -l8
[0.294s] [35m[1mConsolidate compiler generated dependencies of target demo02_msg_filter[0m
[0.295s] [35m[1mConsolidate compiler generated dependencies of target demo01_tf_listener[0m
[0.295s] [ 75%] [32mBuilding CXX object CMakeFiles/demo02_msg_filter.dir/src/demo02_msg_filter.cpp.o[0m
[0.295s] [ 75%] Built target demo01_tf_listener
[10.241s] [100%] [32m[1mLinking CXX executable demo02_msg_filter[0m
[10.704s] [100%] Built target demo02_msg_filter
[10.717s] Invoked command in '/home/cl/CLionProjects/ws02_tools/build/cpp04_tf_listener' returned '0': CMAKE_PREFIX_PATH=${CMAKE_PREFIX_PATH}:/home/cl/CLionProjects/ws02_tools/install/py02_rosbag:/home/cl/CLionProjects/ws02_tools/install/py01_launch:/opt/ros/humble CONDA_PROMPT_MODIFIER=(base) /usr/bin/cmake --build /home/cl/CLionProjects/ws02_tools/build/cpp04_tf_listener -- -j8 -l8
[10.718s] Invoking command in '/home/cl/CLionProjects/ws02_tools/build/cpp04_tf_listener': CMAKE_PREFIX_PATH=${CMAKE_PREFIX_PATH}:/home/cl/CLionProjects/ws02_tools/install/py02_rosbag:/home/cl/CLionProjects/ws02_tools/install/py01_launch:/opt/ros/humble CONDA_PROMPT_MODIFIER=(base) /usr/bin/cmake --install /home/cl/CLionProjects/ws02_tools/build/cpp04_tf_listener
[10.724s] -- Install configuration: ""
[10.724s] -- Installing: /home/cl/CLionProjects/ws02_tools/install/cpp04_tf_listener/lib/cpp04_tf_listener/demo01_tf_listener
[10.727s] -- Set runtime path of "/home/cl/CLionProjects/ws02_tools/install/cpp04_tf_listener/lib/cpp04_tf_listener/demo01_tf_listener" to ""
[10.727s] -- Installing: /home/cl/CLionProjects/ws02_tools/install/cpp04_tf_listener/lib/cpp04_tf_listener/demo02_msg_filter
[10.730s] -- Set runtime path of "/home/cl/CLionProjects/ws02_tools/install/cpp04_tf_listener/lib/cpp04_tf_listener/demo02_msg_filter" to ""
[10.730s] -- Installing: /home/cl/CLionProjects/ws02_tools/install/cpp04_tf_listener/share/ament_index/resource_index/package_run_dependencies/cpp04_tf_listener
[10.730s] -- Installing: /home/cl/CLionProjects/ws02_tools/install/cpp04_tf_listener/share/ament_index/resource_index/parent_prefix_path/cpp04_tf_listener
[10.730s] -- Up-to-date: /home/cl/CLionProjects/ws02_tools/install/cpp04_tf_listener/share/cpp04_tf_listener/environment/ament_prefix_path.sh
[10.730s] -- Installing: /home/cl/CLionProjects/ws02_tools/install/cpp04_tf_listener/share/cpp04_tf_listener/environment/ament_prefix_path.dsv
[10.731s] -- Up-to-date: /home/cl/CLionProjects/ws02_tools/install/cpp04_tf_listener/share/cpp04_tf_listener/environment/path.sh
[10.731s] -- Installing: /home/cl/CLionProjects/ws02_tools/install/cpp04_tf_listener/share/cpp04_tf_listener/environment/path.dsv
[10.731s] -- Up-to-date: /home/cl/CLionProjects/ws02_tools/install/cpp04_tf_listener/share/cpp04_tf_listener/local_setup.bash
[10.731s] -- Up-to-date: /home/cl/CLionProjects/ws02_tools/install/cpp04_tf_listener/share/cpp04_tf_listener/local_setup.sh
[10.731s] -- Up-to-date: /home/cl/CLionProjects/ws02_tools/install/cpp04_tf_listener/share/cpp04_tf_listener/local_setup.zsh
[10.731s] -- Installing: /home/cl/CLionProjects/ws02_tools/install/cpp04_tf_listener/share/cpp04_tf_listener/local_setup.dsv
[10.731s] -- Installing: /home/cl/CLionProjects/ws02_tools/install/cpp04_tf_listener/share/cpp04_tf_listener/package.dsv
[10.731s] -- Up-to-date: /home/cl/CLionProjects/ws02_tools/install/cpp04_tf_listener/share/ament_index/resource_index/packages/cpp04_tf_listener
[10.731s] -- Up-to-date: /home/cl/CLionProjects/ws02_tools/install/cpp04_tf_listener/share/cpp04_tf_listener/cmake/cpp04_tf_listenerConfig.cmake
[10.731s] -- Up-to-date: /home/cl/CLionProjects/ws02_tools/install/cpp04_tf_listener/share/cpp04_tf_listener/cmake/cpp04_tf_listenerConfig-version.cmake
[10.731s] -- Installing: /home/cl/CLionProjects/ws02_tools/install/cpp04_tf_listener/share/cpp04_tf_listener/package.xml
[10.733s] Invoked command in '/home/cl/CLionProjects/ws02_tools/build/cpp04_tf_listener' returned '0': CMAKE_PREFIX_PATH=${CMAKE_PREFIX_PATH}:/home/cl/CLionProjects/ws02_tools/install/py02_rosbag:/home/cl/CLionProjects/ws02_tools/install/py01_launch:/opt/ros/humble CONDA_PROMPT_MODIFIER=(base) /usr/bin/cmake --install /home/cl/CLionProjects/ws02_tools/build/cpp04_tf_listener
